ranking.data_preparation - INFO - Applying USAU algorithm on the EUF-2023-mixed dataset.
ranking.games_dataset - INFO - Calculating ratings by USAU.
ranking.algos.rank_fit - INFO - 1/1000, Change: 113.4811617, Rating 1: 271.2300.
ranking.algos.rank_fit - INFO - 2/1000, Change: 61.5174846, Rating 1: 406.2800.
ranking.algos.rank_fit - INFO - 3/1000, Change: 39.7001513, Rating 1: 472.7500.
ranking.algos.rank_fit - INFO - 4/1000, Change: 28.5000162, Rating 1: 503.8600.
ranking.algos.rank_fit - INFO - 5/1000, Change: 22.9660788, Rating 1: 516.2600.
ranking.algos.rank_fit - INFO - 6/1000, Change: 19.0255268, Rating 1: 518.6000.
ranking.algos.rank_fit - INFO - 7/1000, Change: 16.2786867, Rating 1: 525.2100.
ranking.algos.rank_fit - INFO - 8/1000, Change: 14.2217858, Rating 1: 557.7000.
ranking.algos.rank_fit - INFO - 9/1000, Change: 12.6048298, Rating 1: 587.1100.
ranking.algos.rank_fit - INFO - 10/1000, Change: 11.3344371, Rating 1: 613.0300.
ranking.algos.rank_fit - INFO - 11/1000, Change: 10.2497897, Rating 1: 636.0600.
ranking.algos.rank_fit - INFO - 12/1000, Change: 9.3515774, Rating 1: 656.6700.
ranking.algos.rank_fit - INFO - 13/1000, Change: 8.5481038, Rating 1: 675.2700.
ranking.algos.rank_fit - INFO - 14/1000, Change: 7.8377179, Rating 1: 692.1000.
ranking.algos.rank_fit - INFO - 15/1000, Change: 7.2047731, Rating 1: 707.3800.
ranking.algos.rank_fit - INFO - 16/1000, Change: 6.6489287, Rating 1: 721.2800.
ranking.algos.rank_fit - INFO - 17/1000, Change: 6.1396599, Rating 1: 733.9700.
ranking.algos.rank_fit - INFO - 18/1000, Change: 5.6776748, Rating 1: 745.5700.
ranking.algos.rank_fit - INFO - 19/1000, Change: 5.2570868, Rating 1: 756.2000.
ranking.algos.rank_fit - INFO - 20/1000, Change: 4.8738547, Rating 1: 765.9600.
ranking.algos.rank_fit - INFO - 21/1000, Change: 4.5232776, Rating 1: 774.9200.
ranking.algos.rank_fit - INFO - 22/1000, Change: 4.2001256, Rating 1: 783.1700.
ranking.algos.rank_fit - INFO - 23/1000, Change: 3.9033112, Rating 1: 790.7700.
ranking.algos.rank_fit - INFO - 24/1000, Change: 3.6305888, Rating 1: 797.7900.
ranking.algos.rank_fit - INFO - 25/1000, Change: 3.3779873, Rating 1: 804.2700.
ranking.algos.rank_fit - INFO - 26/1000, Change: 3.1444531, Rating 1: 810.2600.
ranking.algos.rank_fit - INFO - 27/1000, Change: 2.9278703, Rating 1: 815.8000.
ranking.algos.rank_fit - INFO - 28/1000, Change: 2.7275082, Rating 1: 820.9300.
ranking.algos.rank_fit - INFO - 29/1000, Change: 2.5411977, Rating 1: 825.6800.
ranking.algos.rank_fit - INFO - 30/1000, Change: 2.3688108, Rating 1: 830.0900.
ranking.algos.rank_fit - INFO - 31/1000, Change: 2.2083956, Rating 1: 834.1800.
ranking.algos.rank_fit - INFO - 32/1000, Change: 2.0588501, Rating 1: 837.9800.
ranking.algos.rank_fit - INFO - 33/1000, Change: 1.9202901, Rating 1: 841.5000.
ranking.algos.rank_fit - INFO - 34/1000, Change: 1.7968279, Rating 1: 844.7800.
ranking.algos.rank_fit - INFO - 35/1000, Change: 1.6778185, Rating 1: 847.8300.
ranking.algos.rank_fit - INFO - 36/1000, Change: 1.5660451, Rating 1: 850.6600.
ranking.algos.rank_fit - INFO - 37/1000, Change: 1.4624042, Rating 1: 853.3000.
ranking.algos.rank_fit - INFO - 38/1000, Change: 1.3651042, Rating 1: 855.7600.
ranking.algos.rank_fit - INFO - 39/1000, Change: 1.2749770, Rating 1: 858.0500.
ranking.algos.rank_fit - INFO - 40/1000, Change: 1.1905218, Rating 1: 860.1800.
ranking.algos.rank_fit - INFO - 41/1000, Change: 1.1121785, Rating 1: 862.1600.
ranking.algos.rank_fit - INFO - 42/1000, Change: 1.0387281, Rating 1: 864.0100.
ranking.algos.rank_fit - INFO - 43/1000, Change: 0.9704474, Rating 1: 865.7400.
ranking.algos.rank_fit - INFO - 44/1000, Change: 0.9061462, Rating 1: 867.3500.
ranking.algos.rank_fit - INFO - 45/1000, Change: 0.8460513, Rating 1: 868.8500.
ranking.algos.rank_fit - INFO - 46/1000, Change: 0.7911302, Rating 1: 870.2500.
ranking.algos.rank_fit - INFO - 47/1000, Change: 0.7389434, Rating 1: 871.5500.
ranking.algos.rank_fit - INFO - 48/1000, Change: 0.6904962, Rating 1: 872.7700.
ranking.algos.rank_fit - INFO - 49/1000, Change: 0.6448640, Rating 1: 873.9100.
ranking.algos.rank_fit - INFO - 50/1000, Change: 0.6028786, Rating 1: 874.9700.
ranking.algos.rank_fit - INFO - 51/1000, Change: 0.5630441, Rating 1: 875.9600.
ranking.algos.rank_fit - INFO - 52/1000, Change: 0.5262795, Rating 1: 876.8800.
ranking.algos.rank_fit - INFO - 53/1000, Change: 0.4922540, Rating 1: 877.7500.
ranking.algos.rank_fit - INFO - 54/1000, Change: 0.4597307, Rating 1: 878.5600.
ranking.algos.rank_fit - INFO - 55/1000, Change: 0.4288204, Rating 1: 879.3100.
ranking.algos.rank_fit - INFO - 56/1000, Change: 0.4010127, Rating 1: 880.0100.
ranking.algos.rank_fit - INFO - 57/1000, Change: 0.3755196, Rating 1: 880.6700.
ranking.algos.rank_fit - INFO - 58/1000, Change: 0.3503270, Rating 1: 881.2800.
ranking.algos.rank_fit - INFO - 59/1000, Change: 0.3282067, Rating 1: 881.8500.
ranking.algos.rank_fit - INFO - 60/1000, Change: 0.3061565, Rating 1: 882.3900.
ranking.algos.rank_fit - INFO - 61/1000, Change: 0.2857422, Rating 1: 882.8900.
ranking.algos.rank_fit - INFO - 62/1000, Change: 0.2681470, Rating 1: 883.3600.
ranking.algos.rank_fit - INFO - 63/1000, Change: 0.2500243, Rating 1: 883.8000.
ranking.algos.rank_fit - INFO - 64/1000, Change: 0.2337924, Rating 1: 884.2100.
ranking.algos.rank_fit - INFO - 65/1000, Change: 0.2180178, Rating 1: 884.5900.
ranking.algos.rank_fit - INFO - 66/1000, Change: 0.2039012, Rating 1: 884.9500.
ranking.algos.rank_fit - INFO - 67/1000, Change: 0.1904863, Rating 1: 885.2800.
ranking.algos.rank_fit - INFO - 68/1000, Change: 0.1785089, Rating 1: 885.5900.
ranking.algos.rank_fit - INFO - 69/1000, Change: 0.1664360, Rating 1: 885.8800.
ranking.algos.rank_fit - INFO - 70/1000, Change: 0.1561302, Rating 1: 886.1500.
ranking.algos.rank_fit - INFO - 71/1000, Change: 0.1458363, Rating 1: 886.4000.
ranking.algos.rank_fit - INFO - 72/1000, Change: 0.1364880, Rating 1: 886.6400.
ranking.algos.rank_fit - INFO - 73/1000, Change: 0.1268526, Rating 1: 886.8600.
ranking.algos.rank_fit - INFO - 74/1000, Change: 0.1189989, Rating 1: 887.0700.
ranking.algos.rank_fit - INFO - 75/1000, Change: 0.1113972, Rating 1: 887.2600.
ranking.algos.rank_fit - INFO - 76/1000, Change: 0.1043269, Rating 1: 887.4400.
ranking.algos.rank_fit - INFO - 77/1000, Change: 0.0974967, Rating 1: 887.6100.
ranking.algos.rank_fit - INFO - 78/1000, Change: 0.0909349, Rating 1: 887.7700.
ranking.algos.rank_fit - INFO - 79/1000, Change: 0.0853032, Rating 1: 887.9200.
ranking.algos.rank_fit - INFO - 80/1000, Change: 0.0794608, Rating 1: 888.0600.
ranking.algos.rank_fit - INFO - 81/1000, Change: 0.0748581, Rating 1: 888.1900.
ranking.algos.rank_fit - INFO - 82/1000, Change: 0.0696922, Rating 1: 888.3100.
ranking.algos.rank_fit - INFO - 83/1000, Change: 0.0647280, Rating 1: 888.4200.
ranking.algos.rank_fit - INFO - 84/1000, Change: 0.0615683, Rating 1: 888.5300.
ranking.algos.rank_fit - INFO - 85/1000, Change: 0.0565933, Rating 1: 888.6300.
ranking.algos.rank_fit - INFO - 86/1000, Change: 0.0531969, Rating 1: 888.7200.
ranking.algos.rank_fit - INFO - 87/1000, Change: 0.0497094, Rating 1: 888.8000.
ranking.algos.rank_fit - INFO - 88/1000, Change: 0.0466444, Rating 1: 888.8800.
ranking.algos.rank_fit - INFO - 89/1000, Change: 0.0441006, Rating 1: 888.9600.
ranking.algos.rank_fit - INFO - 90/1000, Change: 0.0404299, Rating 1: 889.0300.
ranking.algos.rank_fit - INFO - 91/1000, Change: 0.0380113, Rating 1: 889.1000.
ranking.algos.rank_fit - INFO - 92/1000, Change: 0.0353487, Rating 1: 889.1600.
ranking.algos.rank_fit - INFO - 93/1000, Change: 0.0328833, Rating 1: 889.2100.
ranking.algos.rank_fit - INFO - 94/1000, Change: 0.0312512, Rating 1: 889.2600.
ranking.algos.rank_fit - INFO - 95/1000, Change: 0.0290343, Rating 1: 889.3100.
ranking.algos.rank_fit - INFO - 96/1000, Change: 0.0275647, Rating 1: 889.3600.
ranking.algos.rank_fit - INFO - 97/1000, Change: 0.0256868, Rating 1: 889.4000.
ranking.algos.rank_fit - INFO - 98/1000, Change: 0.0236801, Rating 1: 889.4400.
ranking.algos.rank_fit - INFO - 99/1000, Change: 0.0227132, Rating 1: 889.4800.
ranking.algos.rank_fit - INFO - 100/1000, Change: 0.0210251, Rating 1: 889.5200.
ranking.algos.rank_fit - INFO - 101/1000, Change: 0.0193589, Rating 1: 889.5500.
ranking.algos.rank_fit - INFO - 102/1000, Change: 0.0187208, Rating 1: 889.5800.
ranking.algos.rank_fit - INFO - 103/1000, Change: 0.0177469, Rating 1: 889.6100.
ranking.algos.rank_fit - INFO - 104/1000, Change: 0.0166885, Rating 1: 889.6400.
ranking.algos.rank_fit - INFO - 105/1000, Change: 0.0160023, Rating 1: 889.6600.
ranking.algos.rank_fit - INFO - 106/1000, Change: 0.0134997, Rating 1: 889.6900.
ranking.algos.rank_fit - INFO - 107/1000, Change: 0.0130778, Rating 1: 889.7100.
ranking.algos.rank_fit - INFO - 108/1000, Change: 0.0124555, Rating 1: 889.7300.
ranking.algos.rank_fit - INFO - 109/1000, Change: 0.0120358, Rating 1: 889.7500.
ranking.algos.rank_fit - INFO - 110/1000, Change: 0.0112740, Rating 1: 889.7700.
ranking.algos.rank_fit - INFO - 111/1000, Change: 0.0103671, Rating 1: 889.7900.
ranking.algos.rank_fit - INFO - 112/1000, Change: 0.0100930, Rating 1: 889.8000.
ranking.algos.rank_fit - INFO - 113/1000, Change: 0.0097636, Rating 1: 889.8200.
ranking.algos.rank_fit - INFO - 114/1000, Change: 0.0092726, Rating 1: 889.8300.
ranking.algos.rank_fit - INFO - 115/1000, Change: 0.0082030, Rating 1: 889.8400.
ranking.algos.rank_fit - INFO - 116/1000, Change: 0.0077339, Rating 1: 889.8500.
ranking.algos.rank_fit - INFO - 117/1000, Change: 0.0076121, Rating 1: 889.8600.
ranking.algos.rank_fit - INFO - 118/1000, Change: 0.0072987, Rating 1: 889.8700.
ranking.algos.rank_fit - INFO - 119/1000, Change: 0.0071695, Rating 1: 889.8800.
ranking.algos.rank_fit - INFO - 120/1000, Change: 0.0069039, Rating 1: 889.8900.
ranking.algos.rank_fit - INFO - 121/1000, Change: 0.0066977, Rating 1: 889.9000.
ranking.algos.rank_fit - INFO - 122/1000, Change: 0.0062652, Rating 1: 889.9100.
ranking.algos.rank_fit - INFO - 123/1000, Change: 0.0062652, Rating 1: 889.9200.
ranking.algos.rank_fit - INFO - 124/1000, Change: 0.0061901, Rating 1: 889.9300.
ranking.algos.rank_fit - INFO - 125/1000, Change: 0.0057193, Rating 1: 889.9400.
ranking.algos.rank_fit - INFO - 126/1000, Change: 0.0058804, Rating 1: 889.9500.
ranking.algos.rank_fit - INFO - 127/1000, Change: 0.0048337, Rating 1: 889.9500.
ranking.algos.rank_fit - INFO - 128/1000, Change: 0.0048337, Rating 1: 889.9600.
ranking.algos.rank_fit - INFO - 129/1000, Change: 0.0046363, Rating 1: 889.9600.
ranking.algos.rank_fit - INFO - 130/1000, Change: 0.0045344, Rating 1: 889.9700.
ranking.algos.rank_fit - INFO - 131/1000, Change: 0.0041015, Rating 1: 889.9700.
ranking.algos.rank_fit - INFO - 132/1000, Change: 0.0038669, Rating 1: 889.9700.
ranking.algos.rank_fit - INFO - 133/1000, Change: 0.0032063, Rating 1: 889.9700.
ranking.algos.rank_fit - INFO - 134/1000, Change: 0.0029002, Rating 1: 889.9800.
ranking.algos.rank_fit - INFO - 135/1000, Change: 0.0025577, Rating 1: 889.9800.
ranking.algos.rank_fit - INFO - 136/1000, Change: 0.0030571, Rating 1: 889.9800.
ranking.algos.rank_fit - INFO - 137/1000, Change: 0.0032063, Rating 1: 889.9800.
ranking.algos.rank_fit - INFO - 138/1000, Change: 0.0021617, Rating 1: 889.9800.
ranking.algos.rank_fit - INFO - 139/1000, Change: 0.0016744, Rating 1: 889.9900.
ranking.algos.rank_fit - INFO - 140/1000, Change: 0.0016744, Rating 1: 889.9900.
ranking.algos.rank_fit - INFO - 141/1000, Change: 0.0009667, Rating 1: 889.9900.
ranking.algos.rank_fit - INFO - 142/1000, Change: 0.0009667, Rating 1: 889.9900.
ranking.algos.rank_fit - INFO - 143/1000, Change: 0.0000000, Rating 1: 889.9900.
ranking.data_preparation - INFO - RMSE: 265.60, Max Sum Resid: 0.20
ranking.data_preparation - INFO - Applying Windmill algorithm on the EUF-2023-mixed dataset.
ranking.games_dataset - INFO - Calculating ratings by Windmill.
ranking.data_preparation - INFO - RMSE: 4.07, Max Sum Resid: 57.99
ranking.data_preparation - INFO - Applying Sigmoid algorithm on the EUF-2023-mixed dataset.
ranking.games_dataset - INFO - Calculating ratings by Sigmoid.
ranking.data_preparation - INFO - RMSE: 2.99, Max Sum Resid: 5.90
ranking.data_preparation - INFO - Output files saved to output_3.
ranking.data_preparation - INFO - Applying USAU algorithm on the EUF-2023-open dataset.
ranking.games_dataset - INFO - Calculating ratings by USAU.
ranking.algos.rank_fit - INFO - 1/1000, Change: 114.5604272, Rating 1: 233.5300.
ranking.algos.rank_fit - INFO - 2/1000, Change: 64.6893051, Rating 1: 363.3100.
ranking.algos.rank_fit - INFO - 3/1000, Change: 44.1849968, Rating 1: 438.0800.
ranking.algos.rank_fit - INFO - 4/1000, Change: 32.8339715, Rating 1: 483.3700.
ranking.algos.rank_fit - INFO - 5/1000, Change: 26.1165118, Rating 1: 517.5600.
ranking.algos.rank_fit - INFO - 6/1000, Change: 21.3299068, Rating 1: 558.8800.
ranking.algos.rank_fit - INFO - 7/1000, Change: 17.8787724, Rating 1: 591.3000.
ranking.algos.rank_fit - INFO - 8/1000, Change: 15.2400957, Rating 1: 617.2500.
ranking.algos.rank_fit - INFO - 9/1000, Change: 13.0969187, Rating 1: 638.4100.
ranking.algos.rank_fit - INFO - 10/1000, Change: 11.3825736, Rating 1: 655.9500.
ranking.algos.rank_fit - INFO - 11/1000, Change: 9.9169520, Rating 1: 670.6200.
ranking.algos.rank_fit - INFO - 12/1000, Change: 8.7505141, Rating 1: 682.9700.
ranking.algos.rank_fit - INFO - 13/1000, Change: 7.7461940, Rating 1: 693.4300.
ranking.algos.rank_fit - INFO - 14/1000, Change: 6.8988873, Rating 1: 702.3400.
ranking.algos.rank_fit - INFO - 15/1000, Change: 6.1805286, Rating 1: 709.9600.
ranking.algos.rank_fit - INFO - 16/1000, Change: 5.5674793, Rating 1: 716.5000.
ranking.algos.rank_fit - INFO - 17/1000, Change: 5.0420278, Rating 1: 722.1300.
ranking.algos.rank_fit - INFO - 18/1000, Change: 4.7906562, Rating 1: 726.9900.
ranking.algos.rank_fit - INFO - 19/1000, Change: 4.8271664, Rating 1: 731.1900.
ranking.algos.rank_fit - INFO - 20/1000, Change: 4.3966111, Rating 1: 734.8300.
ranking.algos.rank_fit - INFO - 21/1000, Change: 4.0788782, Rating 1: 737.9900.
ranking.algos.rank_fit - INFO - 22/1000, Change: 3.7974863, Rating 1: 740.7400.
ranking.algos.rank_fit - INFO - 23/1000, Change: 3.5444299, Rating 1: 743.1300.
ranking.algos.rank_fit - INFO - 24/1000, Change: 3.3155594, Rating 1: 745.2200.
ranking.algos.rank_fit - INFO - 25/1000, Change: 3.1077231, Rating 1: 747.0500.
ranking.algos.rank_fit - INFO - 26/1000, Change: 2.9190564, Rating 1: 748.6500.
ranking.algos.rank_fit - INFO - 27/1000, Change: 2.7471360, Rating 1: 750.0500.
ranking.algos.rank_fit - INFO - 28/1000, Change: 2.5892420, Rating 1: 751.2700.
ranking.algos.rank_fit - INFO - 29/1000, Change: 2.4442134, Rating 1: 752.3500.
ranking.algos.rank_fit - INFO - 30/1000, Change: 2.3118140, Rating 1: 753.2900.
ranking.algos.rank_fit - INFO - 31/1000, Change: 2.1890110, Rating 1: 754.1200.
ranking.algos.rank_fit - INFO - 32/1000, Change: 2.0757466, Rating 1: 754.8500.
ranking.algos.rank_fit - INFO - 33/1000, Change: 1.9705421, Rating 1: 755.4900.
ranking.algos.rank_fit - INFO - 34/1000, Change: 1.8724500, Rating 1: 756.0600.
ranking.algos.rank_fit - INFO - 35/1000, Change: 1.7805845, Rating 1: 756.5600.
ranking.algos.rank_fit - INFO - 36/1000, Change: 1.6960339, Rating 1: 756.9900.
ranking.algos.rank_fit - INFO - 37/1000, Change: 1.6163883, Rating 1: 757.3800.
ranking.algos.rank_fit - INFO - 38/1000, Change: 1.5419199, Rating 1: 757.7200.
ranking.algos.rank_fit - INFO - 39/1000, Change: 1.4730431, Rating 1: 758.0100.
ranking.algos.rank_fit - INFO - 40/1000, Change: 1.4058930, Rating 1: 758.2700.
ranking.algos.rank_fit - INFO - 41/1000, Change: 1.3450762, Rating 1: 758.5000.
ranking.algos.rank_fit - INFO - 42/1000, Change: 1.2861310, Rating 1: 758.7000.
ranking.algos.rank_fit - INFO - 43/1000, Change: 1.2323494, Rating 1: 758.8700.
ranking.algos.rank_fit - INFO - 44/1000, Change: 1.1794295, Rating 1: 759.0200.
ranking.algos.rank_fit - INFO - 45/1000, Change: 1.1305720, Rating 1: 759.1500.
ranking.algos.rank_fit - INFO - 46/1000, Change: 1.0840115, Rating 1: 759.2700.
ranking.algos.rank_fit - INFO - 47/1000, Change: 1.0396764, Rating 1: 759.3700.
ranking.algos.rank_fit - INFO - 48/1000, Change: 0.9969383, Rating 1: 759.4600.
ranking.algos.rank_fit - INFO - 49/1000, Change: 0.9574518, Rating 1: 759.5300.
ranking.algos.rank_fit - INFO - 50/1000, Change: 0.9195303, Rating 1: 759.5900.
ranking.algos.rank_fit - INFO - 51/1000, Change: 0.8831727, Rating 1: 759.6400.
ranking.algos.rank_fit - INFO - 52/1000, Change: 0.8488192, Rating 1: 759.6800.
ranking.algos.rank_fit - INFO - 53/1000, Change: 0.8156764, Rating 1: 759.7200.
ranking.algos.rank_fit - INFO - 54/1000, Change: 0.7841939, Rating 1: 759.7500.
ranking.algos.rank_fit - INFO - 55/1000, Change: 0.7549609, Rating 1: 759.7700.
ranking.algos.rank_fit - INFO - 56/1000, Change: 0.7256025, Rating 1: 759.7900.
ranking.algos.rank_fit - INFO - 57/1000, Change: 0.6973916, Rating 1: 759.8000.
ranking.algos.rank_fit - INFO - 58/1000, Change: 0.6721979, Rating 1: 759.8100.
ranking.algos.rank_fit - INFO - 59/1000, Change: 0.6469034, Rating 1: 759.8200.
ranking.algos.rank_fit - INFO - 60/1000, Change: 0.6223914, Rating 1: 759.8200.
ranking.algos.rank_fit - INFO - 61/1000, Change: 0.5990033, Rating 1: 759.8200.
ranking.algos.rank_fit - INFO - 62/1000, Change: 0.5771230, Rating 1: 759.8200.
ranking.algos.rank_fit - INFO - 63/1000, Change: 0.5559065, Rating 1: 759.8100.
ranking.algos.rank_fit - INFO - 64/1000, Change: 0.5347158, Rating 1: 759.8100.
ranking.algos.rank_fit - INFO - 65/1000, Change: 0.5149282, Rating 1: 759.8000.
ranking.algos.rank_fit - INFO - 66/1000, Change: 0.4968219, Rating 1: 759.7900.
ranking.algos.rank_fit - INFO - 67/1000, Change: 0.4780554, Rating 1: 759.7800.
ranking.algos.rank_fit - INFO - 68/1000, Change: 0.4607852, Rating 1: 759.7700.
ranking.algos.rank_fit - INFO - 69/1000, Change: 0.4435268, Rating 1: 759.7600.
ranking.algos.rank_fit - INFO - 70/1000, Change: 0.4285802, Rating 1: 759.7500.
ranking.algos.rank_fit - INFO - 71/1000, Change: 0.4131719, Rating 1: 759.7300.
ranking.algos.rank_fit - INFO - 72/1000, Change: 0.3972959, Rating 1: 759.7200.
ranking.algos.rank_fit - INFO - 73/1000, Change: 0.3828668, Rating 1: 759.7100.
ranking.algos.rank_fit - INFO - 74/1000, Change: 0.3690583, Rating 1: 759.6900.
ranking.algos.rank_fit - INFO - 75/1000, Change: 0.3562162, Rating 1: 759.6800.
ranking.algos.rank_fit - INFO - 76/1000, Change: 0.3428134, Rating 1: 759.6600.
ranking.algos.rank_fit - INFO - 77/1000, Change: 0.3305677, Rating 1: 759.6400.
ranking.algos.rank_fit - INFO - 78/1000, Change: 0.3186346, Rating 1: 759.6300.
ranking.algos.rank_fit - INFO - 79/1000, Change: 0.3075890, Rating 1: 759.6100.
ranking.algos.rank_fit - INFO - 80/1000, Change: 0.2964692, Rating 1: 759.6000.
ranking.algos.rank_fit - INFO - 81/1000, Change: 0.2857236, Rating 1: 759.5900.
ranking.algos.rank_fit - INFO - 82/1000, Change: 0.2747035, Rating 1: 759.5700.
ranking.algos.rank_fit - INFO - 83/1000, Change: 0.2653017, Rating 1: 759.5600.
ranking.algos.rank_fit - INFO - 84/1000, Change: 0.2556873, Rating 1: 759.5400.
ranking.algos.rank_fit - INFO - 85/1000, Change: 0.2464650, Rating 1: 759.5300.
ranking.algos.rank_fit - INFO - 86/1000, Change: 0.2372594, Rating 1: 759.5200.
ranking.algos.rank_fit - INFO - 87/1000, Change: 0.2292902, Rating 1: 759.5000.
ranking.algos.rank_fit - INFO - 88/1000, Change: 0.2205856, Rating 1: 759.4900.
ranking.algos.rank_fit - INFO - 89/1000, Change: 0.2138434, Rating 1: 759.4800.
ranking.algos.rank_fit - INFO - 90/1000, Change: 0.2056380, Rating 1: 759.4700.
ranking.algos.rank_fit - INFO - 91/1000, Change: 0.1981161, Rating 1: 759.4600.
ranking.algos.rank_fit - INFO - 92/1000, Change: 0.1918697, Rating 1: 759.4500.
ranking.algos.rank_fit - INFO - 93/1000, Change: 0.1840679, Rating 1: 759.4400.
ranking.algos.rank_fit - INFO - 94/1000, Change: 0.1779803, Rating 1: 759.4300.
ranking.algos.rank_fit - INFO - 95/1000, Change: 0.1715430, Rating 1: 759.4200.
ranking.algos.rank_fit - INFO - 96/1000, Change: 0.1651999, Rating 1: 759.4100.
ranking.algos.rank_fit - INFO - 97/1000, Change: 0.1597279, Rating 1: 759.4000.
ranking.algos.rank_fit - INFO - 98/1000, Change: 0.1537628, Rating 1: 759.3900.
ranking.algos.rank_fit - INFO - 99/1000, Change: 0.1484217, Rating 1: 759.3800.
ranking.algos.rank_fit - INFO - 100/1000, Change: 0.1425517, Rating 1: 759.3700.
ranking.algos.rank_fit - INFO - 101/1000, Change: 0.1376299, Rating 1: 759.3600.
ranking.algos.rank_fit - INFO - 102/1000, Change: 0.1331202, Rating 1: 759.3500.
ranking.algos.rank_fit - INFO - 103/1000, Change: 0.1281601, Rating 1: 759.3400.
ranking.algos.rank_fit - INFO - 104/1000, Change: 0.1233288, Rating 1: 759.3300.
ranking.algos.rank_fit - INFO - 105/1000, Change: 0.1194738, Rating 1: 759.3200.
ranking.algos.rank_fit - INFO - 106/1000, Change: 0.1148085, Rating 1: 759.3100.
ranking.algos.rank_fit - INFO - 107/1000, Change: 0.1107339, Rating 1: 759.3000.
ranking.algos.rank_fit - INFO - 108/1000, Change: 0.1069766, Rating 1: 759.3000.
ranking.algos.rank_fit - INFO - 109/1000, Change: 0.1031940, Rating 1: 759.2900.
ranking.algos.rank_fit - INFO - 110/1000, Change: 0.0996143, Rating 1: 759.2800.
ranking.algos.rank_fit - INFO - 111/1000, Change: 0.0960885, Rating 1: 759.2800.
ranking.algos.rank_fit - INFO - 112/1000, Change: 0.0926823, Rating 1: 759.2700.
ranking.algos.rank_fit - INFO - 113/1000, Change: 0.0890674, Rating 1: 759.2700.
ranking.algos.rank_fit - INFO - 114/1000, Change: 0.0854634, Rating 1: 759.2600.
ranking.algos.rank_fit - INFO - 115/1000, Change: 0.0830662, Rating 1: 759.2500.
ranking.algos.rank_fit - INFO - 116/1000, Change: 0.0801187, Rating 1: 759.2500.
ranking.algos.rank_fit - INFO - 117/1000, Change: 0.0773757, Rating 1: 759.2400.
ranking.algos.rank_fit - INFO - 118/1000, Change: 0.0746257, Rating 1: 759.2400.
ranking.algos.rank_fit - INFO - 119/1000, Change: 0.0719375, Rating 1: 759.2300.
ranking.algos.rank_fit - INFO - 120/1000, Change: 0.0692387, Rating 1: 759.2300.
ranking.algos.rank_fit - INFO - 121/1000, Change: 0.0668655, Rating 1: 759.2200.
ranking.algos.rank_fit - INFO - 122/1000, Change: 0.0645368, Rating 1: 759.2200.
ranking.algos.rank_fit - INFO - 123/1000, Change: 0.0622093, Rating 1: 759.2200.
ranking.algos.rank_fit - INFO - 124/1000, Change: 0.0602993, Rating 1: 759.2100.
ranking.algos.rank_fit - INFO - 125/1000, Change: 0.0583009, Rating 1: 759.2100.
ranking.algos.rank_fit - INFO - 126/1000, Change: 0.0558838, Rating 1: 759.2100.
ranking.algos.rank_fit - INFO - 127/1000, Change: 0.0532259, Rating 1: 759.2000.
ranking.algos.rank_fit - INFO - 128/1000, Change: 0.0516914, Rating 1: 759.2000.
ranking.algos.rank_fit - INFO - 129/1000, Change: 0.0498498, Rating 1: 759.1900.
ranking.algos.rank_fit - INFO - 130/1000, Change: 0.0486826, Rating 1: 759.1900.
ranking.algos.rank_fit - INFO - 131/1000, Change: 0.0463897, Rating 1: 759.1900.
ranking.algos.rank_fit - INFO - 132/1000, Change: 0.0444972, Rating 1: 759.1800.
ranking.algos.rank_fit - INFO - 133/1000, Change: 0.0433359, Rating 1: 759.1800.
ranking.algos.rank_fit - INFO - 134/1000, Change: 0.0414367, Rating 1: 759.1800.
ranking.algos.rank_fit - INFO - 135/1000, Change: 0.0406694, Rating 1: 759.1800.
ranking.algos.rank_fit - INFO - 136/1000, Change: 0.0393319, Rating 1: 759.1700.
ranking.algos.rank_fit - INFO - 137/1000, Change: 0.0372424, Rating 1: 759.1700.
ranking.algos.rank_fit - INFO - 138/1000, Change: 0.0367831, Rating 1: 759.1600.
ranking.algos.rank_fit - INFO - 139/1000, Change: 0.0349428, Rating 1: 759.1600.
ranking.algos.rank_fit - INFO - 140/1000, Change: 0.0341321, Rating 1: 759.1600.
ranking.algos.rank_fit - INFO - 141/1000, Change: 0.0322335, Rating 1: 759.1600.
ranking.algos.rank_fit - INFO - 142/1000, Change: 0.0314643, Rating 1: 759.1600.
ranking.algos.rank_fit - INFO - 143/1000, Change: 0.0301993, Rating 1: 759.1600.
ranking.algos.rank_fit - INFO - 144/1000, Change: 0.0290517, Rating 1: 759.1500.
ranking.algos.rank_fit - INFO - 145/1000, Change: 0.0283196, Rating 1: 759.1500.
ranking.algos.rank_fit - INFO - 146/1000, Change: 0.0273861, Rating 1: 759.1500.
ranking.algos.rank_fit - INFO - 147/1000, Change: 0.0260384, Rating 1: 759.1500.
ranking.algos.rank_fit - INFO - 148/1000, Change: 0.0247992, Rating 1: 759.1500.
ranking.algos.rank_fit - INFO - 149/1000, Change: 0.0247790, Rating 1: 759.1500.
ranking.algos.rank_fit - INFO - 150/1000, Change: 0.0239583, Rating 1: 759.1500.
ranking.algos.rank_fit - INFO - 151/1000, Change: 0.0223607, Rating 1: 759.1500.
ranking.algos.rank_fit - INFO - 152/1000, Change: 0.0221133, Rating 1: 759.1500.
ranking.algos.rank_fit - INFO - 153/1000, Change: 0.0215407, Rating 1: 759.1500.
ranking.algos.rank_fit - INFO - 154/1000, Change: 0.0207364, Rating 1: 759.1500.
ranking.algos.rank_fit - INFO - 155/1000, Change: 0.0192354, Rating 1: 759.1500.
ranking.algos.rank_fit - INFO - 156/1000, Change: 0.0189737, Rating 1: 759.1500.
ranking.algos.rank_fit - INFO - 157/1000, Change: 0.0177482, Rating 1: 759.1500.
ranking.algos.rank_fit - INFO - 158/1000, Change: 0.0175784, Rating 1: 759.1500.
ranking.algos.rank_fit - INFO - 159/1000, Change: 0.0167033, Rating 1: 759.1500.
ranking.algos.rank_fit - INFO - 160/1000, Change: 0.0162481, Rating 1: 759.1500.
ranking.algos.rank_fit - INFO - 161/1000, Change: 0.0154596, Rating 1: 759.1500.
ranking.algos.rank_fit - INFO - 162/1000, Change: 0.0150997, Rating 1: 759.1500.
ranking.algos.rank_fit - INFO - 163/1000, Change: 0.0146287, Rating 1: 759.1500.
ranking.algos.rank_fit - INFO - 164/1000, Change: 0.0146287, Rating 1: 759.1500.
ranking.algos.rank_fit - INFO - 165/1000, Change: 0.0131909, Rating 1: 759.1500.
ranking.algos.rank_fit - INFO - 166/1000, Change: 0.0127279, Rating 1: 759.1500.
ranking.algos.rank_fit - INFO - 167/1000, Change: 0.0122066, Rating 1: 759.1500.
ranking.algos.rank_fit - INFO - 168/1000, Change: 0.0120000, Rating 1: 759.1500.
ranking.algos.rank_fit - INFO - 169/1000, Change: 0.0119583, Rating 1: 759.1500.
ranking.algos.rank_fit - INFO - 170/1000, Change: 0.0120000, Rating 1: 759.1500.
ranking.algos.rank_fit - INFO - 171/1000, Change: 0.0107238, Rating 1: 759.1500.
ranking.algos.rank_fit - INFO - 172/1000, Change: 0.0100000, Rating 1: 759.1500.
ranking.algos.rank_fit - INFO - 173/1000, Change: 0.0097468, Rating 1: 759.1500.
ranking.algos.rank_fit - INFO - 174/1000, Change: 0.0095917, Rating 1: 759.1500.
ranking.algos.rank_fit - INFO - 175/1000, Change: 0.0092736, Rating 1: 759.1500.
ranking.algos.rank_fit - INFO - 176/1000, Change: 0.0092736, Rating 1: 759.1500.
ranking.algos.rank_fit - INFO - 177/1000, Change: 0.0093274, Rating 1: 759.1500.
ranking.algos.rank_fit - INFO - 178/1000, Change: 0.0085440, Rating 1: 759.1500.
ranking.algos.rank_fit - INFO - 179/1000, Change: 0.0090000, Rating 1: 759.1500.
ranking.algos.rank_fit - INFO - 180/1000, Change: 0.0080623, Rating 1: 759.1500.
ranking.algos.rank_fit - INFO - 181/1000, Change: 0.0070000, Rating 1: 759.1500.
ranking.algos.rank_fit - INFO - 182/1000, Change: 0.0070711, Rating 1: 759.1500.
ranking.algos.rank_fit - INFO - 183/1000, Change: 0.0074833, Rating 1: 759.1500.
ranking.algos.rank_fit - INFO - 184/1000, Change: 0.0074833, Rating 1: 759.1500.
ranking.algos.rank_fit - INFO - 185/1000, Change: 0.0071414, Rating 1: 759.1500.
ranking.algos.rank_fit - INFO - 186/1000, Change: 0.0067082, Rating 1: 759.1500.
ranking.algos.rank_fit - INFO - 187/1000, Change: 0.0062450, Rating 1: 759.1500.
ranking.algos.rank_fit - INFO - 188/1000, Change: 0.0061644, Rating 1: 759.1500.
ranking.algos.rank_fit - INFO - 189/1000, Change: 0.0058310, Rating 1: 759.1500.
ranking.algos.rank_fit - INFO - 190/1000, Change: 0.0060000, Rating 1: 759.1500.
ranking.algos.rank_fit - INFO - 191/1000, Change: 0.0053852, Rating 1: 759.1500.
ranking.algos.rank_fit - INFO - 192/1000, Change: 0.0053852, Rating 1: 759.1500.
ranking.algos.rank_fit - INFO - 193/1000, Change: 0.0055678, Rating 1: 759.1500.
ranking.algos.rank_fit - INFO - 194/1000, Change: 0.0053852, Rating 1: 759.1500.
ranking.algos.rank_fit - INFO - 195/1000, Change: 0.0043589, Rating 1: 759.1500.
ranking.algos.rank_fit - INFO - 196/1000, Change: 0.0050990, Rating 1: 759.1500.
ranking.algos.rank_fit - INFO - 197/1000, Change: 0.0046904, Rating 1: 759.1500.
ranking.algos.rank_fit - INFO - 198/1000, Change: 0.0041231, Rating 1: 759.1500.
ranking.algos.rank_fit - INFO - 199/1000, Change: 0.0050990, Rating 1: 759.1500.
ranking.algos.rank_fit - INFO - 200/1000, Change: 0.0045826, Rating 1: 759.1500.
ranking.algos.rank_fit - INFO - 201/1000, Change: 0.0041231, Rating 1: 759.1500.
ranking.algos.rank_fit - INFO - 202/1000, Change: 0.0034641, Rating 1: 759.1600.
ranking.algos.rank_fit - INFO - 203/1000, Change: 0.0037417, Rating 1: 759.1600.
ranking.algos.rank_fit - INFO - 204/1000, Change: 0.0033166, Rating 1: 759.1600.
ranking.algos.rank_fit - INFO - 205/1000, Change: 0.0034641, Rating 1: 759.1600.
ranking.algos.rank_fit - INFO - 206/1000, Change: 0.0031623, Rating 1: 759.1600.
ranking.algos.rank_fit - INFO - 207/1000, Change: 0.0026458, Rating 1: 759.1600.
ranking.algos.rank_fit - INFO - 208/1000, Change: 0.0028284, Rating 1: 759.1600.
ranking.algos.rank_fit - INFO - 209/1000, Change: 0.0026458, Rating 1: 759.1600.
ranking.algos.rank_fit - INFO - 210/1000, Change: 0.0026458, Rating 1: 759.1600.
ranking.algos.rank_fit - INFO - 211/1000, Change: 0.0028284, Rating 1: 759.1600.
ranking.algos.rank_fit - INFO - 212/1000, Change: 0.0028284, Rating 1: 759.1600.
ranking.algos.rank_fit - INFO - 213/1000, Change: 0.0030000, Rating 1: 759.1600.
ranking.algos.rank_fit - INFO - 214/1000, Change: 0.0028284, Rating 1: 759.1600.
ranking.algos.rank_fit - INFO - 215/1000, Change: 0.0028284, Rating 1: 759.1600.
ranking.algos.rank_fit - INFO - 216/1000, Change: 0.0024495, Rating 1: 759.1600.
ranking.algos.rank_fit - INFO - 217/1000, Change: 0.0024495, Rating 1: 759.1600.
ranking.algos.rank_fit - INFO - 218/1000, Change: 0.0028284, Rating 1: 759.1600.
ranking.algos.rank_fit - INFO - 219/1000, Change: 0.0028284, Rating 1: 759.1600.
ranking.algos.rank_fit - INFO - 220/1000, Change: 0.0022361, Rating 1: 759.1600.
ranking.algos.rank_fit - INFO - 221/1000, Change: 0.0024495, Rating 1: 759.1600.
ranking.algos.rank_fit - INFO - 222/1000, Change: 0.0026458, Rating 1: 759.1600.
ranking.algos.rank_fit - INFO - 223/1000, Change: 0.0024495, Rating 1: 759.1600.
ranking.algos.rank_fit - INFO - 224/1000, Change: 0.0020000, Rating 1: 759.1600.
ranking.algos.rank_fit - INFO - 225/1000, Change: 0.0024495, Rating 1: 759.1600.
ranking.algos.rank_fit - INFO - 226/1000, Change: 0.0024495, Rating 1: 759.1600.
ranking.algos.rank_fit - INFO - 227/1000, Change: 0.0028284, Rating 1: 759.1600.
ranking.algos.rank_fit - INFO - 228/1000, Change: 0.0030000, Rating 1: 759.1600.
ranking.algos.rank_fit - INFO - 229/1000, Change: 0.0024495, Rating 1: 759.1600.
ranking.algos.rank_fit - INFO - 230/1000, Change: 0.0022361, Rating 1: 759.1600.
ranking.algos.rank_fit - INFO - 231/1000, Change: 0.0017321, Rating 1: 759.1600.
ranking.algos.rank_fit - INFO - 232/1000, Change: 0.0020000, Rating 1: 759.1600.
ranking.algos.rank_fit - INFO - 233/1000, Change: 0.0017321, Rating 1: 759.1600.
ranking.algos.rank_fit - INFO - 234/1000, Change: 0.0010000, Rating 1: 759.1600.
ranking.algos.rank_fit - INFO - 235/1000, Change: 0.0014142, Rating 1: 759.1600.
ranking.algos.rank_fit - INFO - 236/1000, Change: 0.0020000, Rating 1: 759.1600.
ranking.algos.rank_fit - INFO - 237/1000, Change: 0.0014142, Rating 1: 759.1600.
ranking.algos.rank_fit - INFO - 238/1000, Change: 0.0017321, Rating 1: 759.1600.
ranking.algos.rank_fit - INFO - 239/1000, Change: 0.0020000, Rating 1: 759.1600.
ranking.algos.rank_fit - INFO - 240/1000, Change: 0.0010000, Rating 1: 759.1600.
ranking.algos.rank_fit - INFO - 241/1000, Change: 0.0010000, Rating 1: 759.1600.
ranking.algos.rank_fit - INFO - 242/1000, Change: 0.0014142, Rating 1: 759.1600.
ranking.algos.rank_fit - INFO - 243/1000, Change: 0.0010000, Rating 1: 759.1600.
ranking.algos.rank_fit - INFO - 244/1000, Change: 0.0014142, Rating 1: 759.1600.
ranking.algos.rank_fit - INFO - 245/1000, Change: 0.0000000, Rating 1: 759.1600.
ranking.data_preparation - INFO - RMSE: 257.63, Max Sum Resid: 0.21
ranking.data_preparation - INFO - Applying Windmill algorithm on the EUF-2023-open dataset.
ranking.games_dataset - INFO - Calculating ratings by Windmill.
ranking.data_preparation - INFO - RMSE: 3.21, Max Sum Resid: 0.09
ranking.data_preparation - INFO - Applying Sigmoid algorithm on the EUF-2023-open dataset.
ranking.games_dataset - INFO - Calculating ratings by Sigmoid.
ranking.data_preparation - INFO - RMSE: 3.16, Max Sum Resid: 6.32
ranking.data_preparation - INFO - Output files saved to output_3.
ranking.data_preparation - INFO - Applying USAU algorithm on the EUF-2023-women dataset.
ranking.games_dataset - INFO - Calculating ratings by USAU.
ranking.algos.rank_fit - INFO - 1/1000, Change: 130.3652516, Rating 1: 300.0000.
ranking.algos.rank_fit - INFO - 2/1000, Change: 63.6277685, Rating 1: 350.4800.
ranking.algos.rank_fit - INFO - 3/1000, Change: 42.3647224, Rating 1: 448.5800.
ranking.algos.rank_fit - INFO - 4/1000, Change: 31.8200830, Rating 1: 525.0900.
ranking.algos.rank_fit - INFO - 5/1000, Change: 25.3638521, Rating 1: 587.5100.
ranking.algos.rank_fit - INFO - 6/1000, Change: 21.1058715, Rating 1: 639.9200.
ranking.algos.rank_fit - INFO - 7/1000, Change: 18.4095676, Rating 1: 684.7500.
ranking.algos.rank_fit - INFO - 8/1000, Change: 15.9963687, Rating 1: 723.5500.
ranking.algos.rank_fit - INFO - 9/1000, Change: 14.0968801, Rating 1: 757.3900.
ranking.algos.rank_fit - INFO - 10/1000, Change: 12.5365565, Rating 1: 787.0600.
ranking.algos.rank_fit - INFO - 11/1000, Change: 11.2193373, Rating 1: 813.1800.
ranking.algos.rank_fit - INFO - 12/1000, Change: 10.0873980, Rating 1: 836.2300.
ranking.algos.rank_fit - INFO - 13/1000, Change: 9.1005780, Rating 1: 856.6300.
ranking.algos.rank_fit - INFO - 14/1000, Change: 8.2324540, Rating 1: 874.7100.
ranking.algos.rank_fit - INFO - 15/1000, Change: 7.4622285, Rating 1: 890.7500.
ranking.algos.rank_fit - INFO - 16/1000, Change: 6.7762122, Rating 1: 905.0100.
ranking.algos.rank_fit - INFO - 17/1000, Change: 6.1618282, Rating 1: 917.6800.
ranking.algos.rank_fit - INFO - 18/1000, Change: 5.7028481, Rating 1: 928.9600.
ranking.algos.rank_fit - INFO - 19/1000, Change: 5.2335956, Rating 1: 938.9900.
ranking.algos.rank_fit - INFO - 20/1000, Change: 4.8110564, Rating 1: 947.9300.
ranking.algos.rank_fit - INFO - 21/1000, Change: 4.4260013, Rating 1: 955.9100.
ranking.algos.rank_fit - INFO - 22/1000, Change: 4.0813336, Rating 1: 963.0400.
ranking.algos.rank_fit - INFO - 23/1000, Change: 3.7658768, Rating 1: 969.4200.
ranking.algos.rank_fit - INFO - 24/1000, Change: 3.4774723, Rating 1: 975.1300.
ranking.algos.rank_fit - INFO - 25/1000, Change: 3.2140617, Rating 1: 980.2400.
ranking.algos.rank_fit - INFO - 26/1000, Change: 2.9709923, Rating 1: 984.8200.
ranking.algos.rank_fit - INFO - 27/1000, Change: 2.7491657, Rating 1: 988.9300.
ranking.algos.rank_fit - INFO - 28/1000, Change: 2.5522446, Rating 1: 992.6200.
ranking.algos.rank_fit - INFO - 29/1000, Change: 2.3691529, Rating 1: 995.9200.
ranking.algos.rank_fit - INFO - 30/1000, Change: 2.2009078, Rating 1: 998.8800.
ranking.algos.rank_fit - INFO - 31/1000, Change: 2.0469308, Rating 1: 1001.5400.
ranking.algos.rank_fit - INFO - 32/1000, Change: 1.9044009, Rating 1: 1003.9300.
ranking.algos.rank_fit - INFO - 33/1000, Change: 1.7732432, Rating 1: 1006.0800.
ranking.algos.rank_fit - INFO - 34/1000, Change: 1.6525413, Rating 1: 1008.0000.
ranking.algos.rank_fit - INFO - 35/1000, Change: 1.5401857, Rating 1: 1009.7300.
ranking.algos.rank_fit - INFO - 36/1000, Change: 1.4383290, Rating 1: 1011.2800.
ranking.algos.rank_fit - INFO - 37/1000, Change: 1.3431207, Rating 1: 1012.6700.
ranking.algos.rank_fit - INFO - 38/1000, Change: 1.2537237, Rating 1: 1013.9200.
ranking.algos.rank_fit - INFO - 39/1000, Change: 1.1730770, Rating 1: 1015.0400.
ranking.algos.rank_fit - INFO - 40/1000, Change: 1.1197523, Rating 1: 1016.0400.
ranking.algos.rank_fit - INFO - 41/1000, Change: 1.0495853, Rating 1: 1016.9300.
ranking.algos.rank_fit - INFO - 42/1000, Change: 0.9860762, Rating 1: 1017.7300.
ranking.algos.rank_fit - INFO - 43/1000, Change: 0.9269469, Rating 1: 1018.4400.
ranking.algos.rank_fit - INFO - 44/1000, Change: 0.8718483, Rating 1: 1019.0800.
ranking.algos.rank_fit - INFO - 45/1000, Change: 0.8206742, Rating 1: 1019.6400.
ranking.algos.rank_fit - INFO - 46/1000, Change: 0.7728156, Rating 1: 1020.1400.
ranking.algos.rank_fit - INFO - 47/1000, Change: 0.7281994, Rating 1: 1020.5900.
ranking.algos.rank_fit - INFO - 48/1000, Change: 0.6867829, Rating 1: 1020.9800.
ranking.algos.rank_fit - INFO - 49/1000, Change: 0.6478285, Rating 1: 1021.3300.
ranking.algos.rank_fit - INFO - 50/1000, Change: 0.6110866, Rating 1: 1021.6400.
ranking.algos.rank_fit - INFO - 51/1000, Change: 0.5769654, Rating 1: 1021.9100.
ranking.algos.rank_fit - INFO - 52/1000, Change: 0.5454099, Rating 1: 1022.1500.
ranking.algos.rank_fit - INFO - 53/1000, Change: 0.5156419, Rating 1: 1022.3600.
ranking.algos.rank_fit - INFO - 54/1000, Change: 0.4871908, Rating 1: 1022.5500.
ranking.algos.rank_fit - INFO - 55/1000, Change: 0.4613184, Rating 1: 1022.7100.
ranking.algos.rank_fit - INFO - 56/1000, Change: 0.4362059, Rating 1: 1022.8500.
ranking.algos.rank_fit - INFO - 57/1000, Change: 0.4132737, Rating 1: 1022.9700.
ranking.algos.rank_fit - INFO - 58/1000, Change: 0.3913828, Rating 1: 1023.0700.
ranking.algos.rank_fit - INFO - 59/1000, Change: 0.3706520, Rating 1: 1023.1500.
ranking.algos.rank_fit - INFO - 60/1000, Change: 0.3516529, Rating 1: 1023.2200.
ranking.algos.rank_fit - INFO - 61/1000, Change: 0.3338102, Rating 1: 1023.2800.
ranking.algos.rank_fit - INFO - 62/1000, Change: 0.3159133, Rating 1: 1023.3300.
ranking.algos.rank_fit - INFO - 63/1000, Change: 0.2995810, Rating 1: 1023.3700.
ranking.algos.rank_fit - INFO - 64/1000, Change: 0.2855141, Rating 1: 1023.4000.
ranking.algos.rank_fit - INFO - 65/1000, Change: 0.2704829, Rating 1: 1023.4200.
ranking.algos.rank_fit - INFO - 66/1000, Change: 0.2575565, Rating 1: 1023.4400.
ranking.algos.rank_fit - INFO - 67/1000, Change: 0.2441910, Rating 1: 1023.4500.
ranking.algos.rank_fit - INFO - 68/1000, Change: 0.2320350, Rating 1: 1023.4500.
ranking.algos.rank_fit - INFO - 69/1000, Change: 0.2202161, Rating 1: 1023.4500.
ranking.algos.rank_fit - INFO - 70/1000, Change: 0.2095815, Rating 1: 1023.4500.
ranking.algos.rank_fit - INFO - 71/1000, Change: 0.1998353, Rating 1: 1023.4400.
ranking.algos.rank_fit - INFO - 72/1000, Change: 0.1901604, Rating 1: 1023.4300.
ranking.algos.rank_fit - INFO - 73/1000, Change: 0.1816557, Rating 1: 1023.4100.
ranking.algos.rank_fit - INFO - 74/1000, Change: 0.1718728, Rating 1: 1023.3900.
ranking.algos.rank_fit - INFO - 75/1000, Change: 0.1641720, Rating 1: 1023.3700.
ranking.algos.rank_fit - INFO - 76/1000, Change: 0.1566494, Rating 1: 1023.3500.
ranking.algos.rank_fit - INFO - 77/1000, Change: 0.1489271, Rating 1: 1023.3300.
ranking.algos.rank_fit - INFO - 78/1000, Change: 0.1416798, Rating 1: 1023.3100.
ranking.algos.rank_fit - INFO - 79/1000, Change: 0.1355477, Rating 1: 1023.2900.
ranking.algos.rank_fit - INFO - 80/1000, Change: 0.1293322, Rating 1: 1023.2600.
ranking.algos.rank_fit - INFO - 81/1000, Change: 0.1232537, Rating 1: 1023.2400.
ranking.algos.rank_fit - INFO - 82/1000, Change: 0.1171095, Rating 1: 1023.2100.
ranking.algos.rank_fit - INFO - 83/1000, Change: 0.1117870, Rating 1: 1023.1900.
ranking.algos.rank_fit - INFO - 84/1000, Change: 0.1072949, Rating 1: 1023.1600.
ranking.algos.rank_fit - INFO - 85/1000, Change: 0.1017949, Rating 1: 1023.1300.
ranking.algos.rank_fit - INFO - 86/1000, Change: 0.0974554, Rating 1: 1023.1100.
ranking.algos.rank_fit - INFO - 87/1000, Change: 0.0926967, Rating 1: 1023.0800.
ranking.algos.rank_fit - INFO - 88/1000, Change: 0.0878260, Rating 1: 1023.0600.
ranking.algos.rank_fit - INFO - 89/1000, Change: 0.0847593, Rating 1: 1023.0300.
ranking.algos.rank_fit - INFO - 90/1000, Change: 0.0806150, Rating 1: 1023.0100.
ranking.algos.rank_fit - INFO - 91/1000, Change: 0.0770967, Rating 1: 1022.9800.
ranking.algos.rank_fit - INFO - 92/1000, Change: 0.0737084, Rating 1: 1022.9600.
ranking.algos.rank_fit - INFO - 93/1000, Change: 0.0701566, Rating 1: 1022.9400.
ranking.algos.rank_fit - INFO - 94/1000, Change: 0.0667723, Rating 1: 1022.9200.
ranking.algos.rank_fit - INFO - 95/1000, Change: 0.0641074, Rating 1: 1022.8900.
ranking.algos.rank_fit - INFO - 96/1000, Change: 0.0612273, Rating 1: 1022.8700.
ranking.algos.rank_fit - INFO - 97/1000, Change: 0.0584974, Rating 1: 1022.8500.
ranking.algos.rank_fit - INFO - 98/1000, Change: 0.0559726, Rating 1: 1022.8300.
ranking.algos.rank_fit - INFO - 99/1000, Change: 0.0536247, Rating 1: 1022.8100.
ranking.algos.rank_fit - INFO - 100/1000, Change: 0.0508345, Rating 1: 1022.7900.
ranking.algos.rank_fit - INFO - 101/1000, Change: 0.0489151, Rating 1: 1022.7700.
ranking.algos.rank_fit - INFO - 102/1000, Change: 0.0463681, Rating 1: 1022.7500.
ranking.algos.rank_fit - INFO - 103/1000, Change: 0.0451556, Rating 1: 1022.7300.
ranking.algos.rank_fit - INFO - 104/1000, Change: 0.0426986, Rating 1: 1022.7100.
ranking.algos.rank_fit - INFO - 105/1000, Change: 0.0407401, Rating 1: 1022.6900.
ranking.algos.rank_fit - INFO - 106/1000, Change: 0.0386983, Rating 1: 1022.6800.
ranking.algos.rank_fit - INFO - 107/1000, Change: 0.0366593, Rating 1: 1022.6600.
ranking.algos.rank_fit - INFO - 108/1000, Change: 0.0351998, Rating 1: 1022.6500.
ranking.algos.rank_fit - INFO - 109/1000, Change: 0.0335864, Rating 1: 1022.6300.
ranking.algos.rank_fit - INFO - 110/1000, Change: 0.0321771, Rating 1: 1022.6200.
ranking.algos.rank_fit - INFO - 111/1000, Change: 0.0307825, Rating 1: 1022.6000.
ranking.algos.rank_fit - INFO - 112/1000, Change: 0.0293632, Rating 1: 1022.5900.
ranking.algos.rank_fit - INFO - 113/1000, Change: 0.0283919, Rating 1: 1022.5800.
ranking.algos.rank_fit - INFO - 114/1000, Change: 0.0271401, Rating 1: 1022.5700.
ranking.algos.rank_fit - INFO - 115/1000, Change: 0.0261329, Rating 1: 1022.5600.
ranking.algos.rank_fit - INFO - 116/1000, Change: 0.0249634, Rating 1: 1022.5500.
ranking.algos.rank_fit - INFO - 117/1000, Change: 0.0241186, Rating 1: 1022.5400.
ranking.algos.rank_fit - INFO - 118/1000, Change: 0.0221139, Rating 1: 1022.5300.
ranking.algos.rank_fit - INFO - 119/1000, Change: 0.0214419, Rating 1: 1022.5200.
ranking.algos.rank_fit - INFO - 120/1000, Change: 0.0208946, Rating 1: 1022.5100.
ranking.algos.rank_fit - INFO - 121/1000, Change: 0.0201519, Rating 1: 1022.5000.
ranking.algos.rank_fit - INFO - 122/1000, Change: 0.0196928, Rating 1: 1022.4900.
ranking.algos.rank_fit - INFO - 123/1000, Change: 0.0184787, Rating 1: 1022.4800.
ranking.algos.rank_fit - INFO - 124/1000, Change: 0.0180447, Rating 1: 1022.4700.
ranking.algos.rank_fit - INFO - 125/1000, Change: 0.0172853, Rating 1: 1022.4600.
ranking.algos.rank_fit - INFO - 126/1000, Change: 0.0167841, Rating 1: 1022.4500.
ranking.algos.rank_fit - INFO - 127/1000, Change: 0.0157341, Rating 1: 1022.4400.
ranking.algos.rank_fit - INFO - 128/1000, Change: 0.0151416, Rating 1: 1022.4300.
ranking.algos.rank_fit - INFO - 129/1000, Change: 0.0147334, Rating 1: 1022.4200.
ranking.algos.rank_fit - INFO - 130/1000, Change: 0.0140990, Rating 1: 1022.4200.
ranking.algos.rank_fit - INFO - 131/1000, Change: 0.0125426, Rating 1: 1022.4100.
ranking.algos.rank_fit - INFO - 132/1000, Change: 0.0121976, Rating 1: 1022.4000.
ranking.algos.rank_fit - INFO - 133/1000, Change: 0.0114231, Rating 1: 1022.3900.
ranking.algos.rank_fit - INFO - 134/1000, Change: 0.0116347, Rating 1: 1022.3900.
ranking.algos.rank_fit - INFO - 135/1000, Change: 0.0110432, Rating 1: 1022.3800.
ranking.algos.rank_fit - INFO - 136/1000, Change: 0.0105922, Rating 1: 1022.3800.
ranking.algos.rank_fit - INFO - 137/1000, Change: 0.0098154, Rating 1: 1022.3800.
ranking.algos.rank_fit - INFO - 138/1000, Change: 0.0096272, Rating 1: 1022.3700.
ranking.algos.rank_fit - INFO - 139/1000, Change: 0.0095637, Rating 1: 1022.3700.
ranking.algos.rank_fit - INFO - 140/1000, Change: 0.0091064, Rating 1: 1022.3600.
ranking.algos.rank_fit - INFO - 141/1000, Change: 0.0092394, Rating 1: 1022.3600.
ranking.algos.rank_fit - INFO - 142/1000, Change: 0.0091064, Rating 1: 1022.3600.
ranking.algos.rank_fit - INFO - 143/1000, Change: 0.0093704, Rating 1: 1022.3500.
ranking.algos.rank_fit - INFO - 144/1000, Change: 0.0086954, Rating 1: 1022.3500.
ranking.algos.rank_fit - INFO - 145/1000, Change: 0.0081150, Rating 1: 1022.3500.
ranking.algos.rank_fit - INFO - 146/1000, Change: 0.0078087, Rating 1: 1022.3400.
ranking.algos.rank_fit - INFO - 147/1000, Change: 0.0073252, Rating 1: 1022.3400.
ranking.algos.rank_fit - INFO - 148/1000, Change: 0.0071568, Rating 1: 1022.3400.
ranking.algos.rank_fit - INFO - 149/1000, Change: 0.0076509, Rating 1: 1022.3300.
ranking.algos.rank_fit - INFO - 150/1000, Change: 0.0068075, Rating 1: 1022.3300.
ranking.algos.rank_fit - INFO - 151/1000, Change: 0.0067173, Rating 1: 1022.3300.
ranking.algos.rank_fit - INFO - 152/1000, Change: 0.0062470, Rating 1: 1022.3300.
ranking.algos.rank_fit - INFO - 153/1000, Change: 0.0059469, Rating 1: 1022.3200.
ranking.algos.rank_fit - INFO - 154/1000, Change: 0.0054100, Rating 1: 1022.3200.
ranking.algos.rank_fit - INFO - 155/1000, Change: 0.0050606, Rating 1: 1022.3200.
ranking.algos.rank_fit - INFO - 156/1000, Change: 0.0057382, Rating 1: 1022.3200.
ranking.algos.rank_fit - INFO - 157/1000, Change: 0.0045532, Rating 1: 1022.3200.
ranking.algos.rank_fit - INFO - 158/1000, Change: 0.0051797, Rating 1: 1022.3200.
ranking.algos.rank_fit - INFO - 159/1000, Change: 0.0052961, Rating 1: 1022.3100.
ranking.algos.rank_fit - INFO - 160/1000, Change: 0.0045532, Rating 1: 1022.3100.
ranking.algos.rank_fit - INFO - 161/1000, Change: 0.0046852, Rating 1: 1022.3100.
ranking.algos.rank_fit - INFO - 162/1000, Change: 0.0054100, Rating 1: 1022.3100.
ranking.algos.rank_fit - INFO - 163/1000, Change: 0.0044173, Rating 1: 1022.3100.
ranking.algos.rank_fit - INFO - 164/1000, Change: 0.0039817, Rating 1: 1022.3100.
ranking.algos.rank_fit - INFO - 165/1000, Change: 0.0042770, Rating 1: 1022.3100.
ranking.algos.rank_fit - INFO - 166/1000, Change: 0.0039817, Rating 1: 1022.3100.
ranking.algos.rank_fit - INFO - 167/1000, Change: 0.0031235, Rating 1: 1022.3000.
ranking.algos.rank_fit - INFO - 168/1000, Change: 0.0027050, Rating 1: 1022.3000.
ranking.algos.rank_fit - INFO - 169/1000, Change: 0.0024693, Rating 1: 1022.3000.
ranking.algos.rank_fit - INFO - 170/1000, Change: 0.0029217, Rating 1: 1022.3000.
ranking.algos.rank_fit - INFO - 171/1000, Change: 0.0024693, Rating 1: 1022.3000.
ranking.algos.rank_fit - INFO - 172/1000, Change: 0.0019127, Rating 1: 1022.3000.
ranking.algos.rank_fit - INFO - 173/1000, Change: 0.0015617, Rating 1: 1022.3000.
ranking.algos.rank_fit - INFO - 174/1000, Change: 0.0019127, Rating 1: 1022.3000.
ranking.algos.rank_fit - INFO - 175/1000, Change: 0.0022086, Rating 1: 1022.3000.
ranking.algos.rank_fit - INFO - 176/1000, Change: 0.0024693, Rating 1: 1022.3000.
ranking.algos.rank_fit - INFO - 177/1000, Change: 0.0027050, Rating 1: 1022.3000.
ranking.algos.rank_fit - INFO - 178/1000, Change: 0.0022086, Rating 1: 1022.3000.
ranking.algos.rank_fit - INFO - 179/1000, Change: 0.0024693, Rating 1: 1022.3000.
ranking.algos.rank_fit - INFO - 180/1000, Change: 0.0019127, Rating 1: 1022.3000.
ranking.algos.rank_fit - INFO - 181/1000, Change: 0.0019127, Rating 1: 1022.3000.
ranking.algos.rank_fit - INFO - 182/1000, Change: 0.0022086, Rating 1: 1022.2900.
ranking.algos.rank_fit - INFO - 183/1000, Change: 0.0019127, Rating 1: 1022.2900.
ranking.algos.rank_fit - INFO - 184/1000, Change: 0.0011043, Rating 1: 1022.2900.
ranking.algos.rank_fit - INFO - 185/1000, Change: 0.0015617, Rating 1: 1022.2900.
ranking.algos.rank_fit - INFO - 186/1000, Change: 0.0011043, Rating 1: 1022.2900.
ranking.algos.rank_fit - INFO - 187/1000, Change: 0.0000000, Rating 1: 1022.2900.
ranking.data_preparation - INFO - RMSE: 282.43, Max Sum Resid: 0.19
ranking.data_preparation - INFO - Applying Windmill algorithm on the EUF-2023-women dataset.
ranking.games_dataset - INFO - Calculating ratings by Windmill.
ranking.data_preparation - INFO - RMSE: 3.51, Max Sum Resid: 0.10
ranking.data_preparation - INFO - Applying Sigmoid algorithm on the EUF-2023-women dataset.
ranking.games_dataset - INFO - Calculating ratings by Sigmoid.
ranking.data_preparation - INFO - RMSE: 3.35, Max Sum Resid: 16.13
ranking.data_preparation - INFO - Output files saved to output_3.
