ranking.data_preparation - INFO - Applying USAU algorithm on the 2024-mixed-euf dataset.
ranking.games_dataset - INFO - Calculating ratings by USAU.
ranking.algos.rank_fit - INFO - 1/1000, Change: 124.8472658, Rating 1: 254.5100.
ranking.algos.rank_fit - INFO - 2/1000, Change: 69.9431559, Rating 1: 385.6700.
ranking.algos.rank_fit - INFO - 3/1000, Change: 46.4233044, Rating 1: 457.9600.
ranking.algos.rank_fit - INFO - 4/1000, Change: 33.0812467, Rating 1: 507.0900.
ranking.algos.rank_fit - INFO - 5/1000, Change: 25.9754248, Rating 1: 546.1200.
ranking.algos.rank_fit - INFO - 6/1000, Change: 21.4364326, Rating 1: 571.9200.
ranking.algos.rank_fit - INFO - 7/1000, Change: 17.3898746, Rating 1: 589.6300.
ranking.algos.rank_fit - INFO - 8/1000, Change: 14.1407899, Rating 1: 602.1200.
ranking.algos.rank_fit - INFO - 9/1000, Change: 11.6825261, Rating 1: 611.1100.
ranking.algos.rank_fit - INFO - 10/1000, Change: 10.3462617, Rating 1: 617.6800.
ranking.algos.rank_fit - INFO - 11/1000, Change: 8.5409466, Rating 1: 622.5200.
ranking.algos.rank_fit - INFO - 12/1000, Change: 7.1434359, Rating 1: 626.1000.
ranking.algos.rank_fit - INFO - 13/1000, Change: 6.0002693, Rating 1: 628.7800.
ranking.algos.rank_fit - INFO - 14/1000, Change: 5.0556413, Rating 1: 630.8100.
ranking.algos.rank_fit - INFO - 15/1000, Change: 4.3037256, Rating 1: 632.3600.
ranking.algos.rank_fit - INFO - 16/1000, Change: 3.6753153, Rating 1: 633.5500.
ranking.algos.rank_fit - INFO - 17/1000, Change: 3.1463444, Rating 1: 634.4800.
ranking.algos.rank_fit - INFO - 18/1000, Change: 2.6959928, Rating 1: 635.2200.
ranking.algos.rank_fit - INFO - 19/1000, Change: 2.3238109, Rating 1: 635.8000.
ranking.algos.rank_fit - INFO - 20/1000, Change: 2.0064005, Rating 1: 636.2600.
ranking.algos.rank_fit - INFO - 21/1000, Change: 1.7340110, Rating 1: 636.6200.
ranking.algos.rank_fit - INFO - 22/1000, Change: 1.5013641, Rating 1: 636.9100.
ranking.algos.rank_fit - INFO - 23/1000, Change: 1.3090193, Rating 1: 637.1300.
ranking.algos.rank_fit - INFO - 24/1000, Change: 1.1371468, Rating 1: 637.3400.
ranking.algos.rank_fit - INFO - 25/1000, Change: 0.9867479, Rating 1: 637.5200.
ranking.algos.rank_fit - INFO - 26/1000, Change: 0.8575430, Rating 1: 637.6700.
ranking.algos.rank_fit - INFO - 27/1000, Change: 0.7456847, Rating 1: 637.7900.
ranking.algos.rank_fit - INFO - 28/1000, Change: 0.6474191, Rating 1: 637.9000.
ranking.algos.rank_fit - INFO - 29/1000, Change: 0.5621744, Rating 1: 637.9900.
ranking.algos.rank_fit - INFO - 30/1000, Change: 0.4891479, Rating 1: 638.0700.
ranking.algos.rank_fit - INFO - 31/1000, Change: 0.4252058, Rating 1: 638.1400.
ranking.algos.rank_fit - INFO - 32/1000, Change: 0.3697914, Rating 1: 638.2000.
ranking.algos.rank_fit - INFO - 33/1000, Change: 0.3213809, Rating 1: 638.2500.
ranking.algos.rank_fit - INFO - 34/1000, Change: 0.2796835, Rating 1: 638.2900.
ranking.algos.rank_fit - INFO - 35/1000, Change: 0.2420862, Rating 1: 638.3300.
ranking.algos.rank_fit - INFO - 36/1000, Change: 0.2115251, Rating 1: 638.3600.
ranking.algos.rank_fit - INFO - 37/1000, Change: 0.1843289, Rating 1: 638.3900.
ranking.algos.rank_fit - INFO - 38/1000, Change: 0.1602141, Rating 1: 638.4200.
ranking.algos.rank_fit - INFO - 39/1000, Change: 0.1395912, Rating 1: 638.4400.
ranking.algos.rank_fit - INFO - 40/1000, Change: 0.1214437, Rating 1: 638.4600.
ranking.algos.rank_fit - INFO - 41/1000, Change: 0.1056544, Rating 1: 638.4800.
ranking.algos.rank_fit - INFO - 42/1000, Change: 0.0920404, Rating 1: 638.4900.
ranking.algos.rank_fit - INFO - 43/1000, Change: 0.0795344, Rating 1: 638.5000.
ranking.algos.rank_fit - INFO - 44/1000, Change: 0.0702038, Rating 1: 638.5100.
ranking.algos.rank_fit - INFO - 45/1000, Change: 0.0608276, Rating 1: 638.5200.
ranking.algos.rank_fit - INFO - 46/1000, Change: 0.0528340, Rating 1: 638.5300.
ranking.algos.rank_fit - INFO - 47/1000, Change: 0.0459503, Rating 1: 638.5400.
ranking.algos.rank_fit - INFO - 48/1000, Change: 0.0412657, Rating 1: 638.5500.
ranking.algos.rank_fit - INFO - 49/1000, Change: 0.0349285, Rating 1: 638.5500.
ranking.algos.rank_fit - INFO - 50/1000, Change: 0.0303315, Rating 1: 638.5600.
ranking.algos.rank_fit - INFO - 51/1000, Change: 0.0259670, Rating 1: 638.5600.
ranking.algos.rank_fit - INFO - 52/1000, Change: 0.0236643, Rating 1: 638.5700.
ranking.algos.rank_fit - INFO - 53/1000, Change: 0.0204939, Rating 1: 638.5700.
ranking.algos.rank_fit - INFO - 54/1000, Change: 0.0174847, Rating 1: 638.5700.
ranking.algos.rank_fit - INFO - 55/1000, Change: 0.0158565, Rating 1: 638.5700.
ranking.algos.rank_fit - INFO - 56/1000, Change: 0.0132017, Rating 1: 638.5800.
ranking.algos.rank_fit - INFO - 57/1000, Change: 0.0117108, Rating 1: 638.5800.
ranking.algos.rank_fit - INFO - 58/1000, Change: 0.0092582, Rating 1: 638.5800.
ranking.algos.rank_fit - INFO - 59/1000, Change: 0.0095618, Rating 1: 638.5800.
ranking.algos.rank_fit - INFO - 60/1000, Change: 0.0082808, Rating 1: 638.5800.
ranking.algos.rank_fit - INFO - 61/1000, Change: 0.0082808, Rating 1: 638.5800.
ranking.algos.rank_fit - INFO - 62/1000, Change: 0.0081064, Rating 1: 638.5800.
ranking.algos.rank_fit - INFO - 63/1000, Change: 0.0060945, Rating 1: 638.5800.
ranking.algos.rank_fit - INFO - 64/1000, Change: 0.0063246, Rating 1: 638.5800.
ranking.algos.rank_fit - INFO - 65/1000, Change: 0.0044721, Rating 1: 638.5800.
ranking.algos.rank_fit - INFO - 66/1000, Change: 0.0041404, Rating 1: 638.5800.
ranking.algos.rank_fit - INFO - 67/1000, Change: 0.0033806, Rating 1: 638.5800.
ranking.algos.rank_fit - INFO - 68/1000, Change: 0.0029277, Rating 1: 638.5800.
ranking.algos.rank_fit - INFO - 69/1000, Change: 0.0023905, Rating 1: 638.5900.
ranking.algos.rank_fit - INFO - 70/1000, Change: 0.0000000, Rating 1: 638.5900.
ranking.data_preparation - INFO - RMSE: 250.15, Max Sum Resid: 0.15
ranking.data_preparation - INFO - Output files saved to output_2024_summer2saturday.
ranking.data_preparation - INFO - Applying USAU algorithm on the 2024-open-euf dataset.
ranking.games_dataset - INFO - Calculating ratings by USAU.
ranking.algos.rank_fit - INFO - 1/1000, Change: 135.8982087, Rating 1: 271.3300.
ranking.algos.rank_fit - INFO - 2/1000, Change: 69.5328555, Rating 1: 388.7700.
ranking.algos.rank_fit - INFO - 3/1000, Change: 41.9441678, Rating 1: 455.4300.
ranking.algos.rank_fit - INFO - 4/1000, Change: 26.8363120, Rating 1: 484.9000.
ranking.algos.rank_fit - INFO - 5/1000, Change: 19.3746490, Rating 1: 509.3800.
ranking.algos.rank_fit - INFO - 6/1000, Change: 14.2964076, Rating 1: 517.8400.
ranking.algos.rank_fit - INFO - 7/1000, Change: 11.0913803, Rating 1: 518.1700.
ranking.algos.rank_fit - INFO - 8/1000, Change: 8.9966785, Rating 1: 514.4600.
ranking.algos.rank_fit - INFO - 9/1000, Change: 7.4126105, Rating 1: 508.9000.
ranking.algos.rank_fit - INFO - 10/1000, Change: 6.2073219, Rating 1: 502.6700.
ranking.algos.rank_fit - INFO - 11/1000, Change: 5.2861254, Rating 1: 496.3800.
ranking.algos.rank_fit - INFO - 12/1000, Change: 4.5206514, Rating 1: 498.2200.
ranking.algos.rank_fit - INFO - 13/1000, Change: 3.8880003, Rating 1: 504.5300.
ranking.algos.rank_fit - INFO - 14/1000, Change: 3.3595509, Rating 1: 509.8900.
ranking.algos.rank_fit - INFO - 15/1000, Change: 2.9141113, Rating 1: 514.4700.
ranking.algos.rank_fit - INFO - 16/1000, Change: 2.5352233, Rating 1: 518.3900.
ranking.algos.rank_fit - INFO - 17/1000, Change: 2.2312956, Rating 1: 521.7600.
ranking.algos.rank_fit - INFO - 18/1000, Change: 1.9508380, Rating 1: 524.6600.
ranking.algos.rank_fit - INFO - 19/1000, Change: 1.7084017, Rating 1: 527.1600.
ranking.algos.rank_fit - INFO - 20/1000, Change: 1.4989463, Rating 1: 529.3200.
ranking.algos.rank_fit - INFO - 21/1000, Change: 1.3172513, Rating 1: 531.1900.
ranking.algos.rank_fit - INFO - 22/1000, Change: 1.1601520, Rating 1: 532.8100.
ranking.algos.rank_fit - INFO - 23/1000, Change: 1.0232444, Rating 1: 534.2200.
ranking.algos.rank_fit - INFO - 24/1000, Change: 0.9024119, Rating 1: 535.4400.
ranking.algos.rank_fit - INFO - 25/1000, Change: 0.7975599, Rating 1: 536.5000.
ranking.algos.rank_fit - INFO - 26/1000, Change: 0.7054979, Rating 1: 537.4200.
ranking.algos.rank_fit - INFO - 27/1000, Change: 0.6252330, Rating 1: 538.2300.
ranking.algos.rank_fit - INFO - 28/1000, Change: 0.5540873, Rating 1: 538.9300.
ranking.algos.rank_fit - INFO - 29/1000, Change: 0.4916151, Rating 1: 539.5400.
ranking.algos.rank_fit - INFO - 30/1000, Change: 0.4362235, Rating 1: 540.0700.
ranking.algos.rank_fit - INFO - 31/1000, Change: 0.3877323, Rating 1: 540.5400.
ranking.algos.rank_fit - INFO - 32/1000, Change: 0.3451139, Rating 1: 540.9500.
ranking.algos.rank_fit - INFO - 33/1000, Change: 0.3071866, Rating 1: 541.3000.
ranking.algos.rank_fit - INFO - 34/1000, Change: 0.2737517, Rating 1: 541.6100.
ranking.algos.rank_fit - INFO - 35/1000, Change: 0.2440156, Rating 1: 541.8900.
ranking.algos.rank_fit - INFO - 36/1000, Change: 0.2177196, Rating 1: 542.1300.
ranking.algos.rank_fit - INFO - 37/1000, Change: 0.1940384, Rating 1: 542.3400.
ranking.algos.rank_fit - INFO - 38/1000, Change: 0.1736035, Rating 1: 542.5200.
ranking.algos.rank_fit - INFO - 39/1000, Change: 0.1544551, Rating 1: 542.6800.
ranking.algos.rank_fit - INFO - 40/1000, Change: 0.1373317, Rating 1: 542.8200.
ranking.algos.rank_fit - INFO - 41/1000, Change: 0.1246231, Rating 1: 542.9400.
ranking.algos.rank_fit - INFO - 42/1000, Change: 0.1111265, Rating 1: 543.0500.
ranking.algos.rank_fit - INFO - 43/1000, Change: 0.0994896, Rating 1: 543.1500.
ranking.algos.rank_fit - INFO - 44/1000, Change: 0.0883691, Rating 1: 543.2400.
ranking.algos.rank_fit - INFO - 45/1000, Change: 0.0787516, Rating 1: 543.3200.
ranking.algos.rank_fit - INFO - 46/1000, Change: 0.0706721, Rating 1: 543.3800.
ranking.algos.rank_fit - INFO - 47/1000, Change: 0.0643711, Rating 1: 543.4400.
ranking.algos.rank_fit - INFO - 48/1000, Change: 0.0569210, Rating 1: 543.4900.
ranking.algos.rank_fit - INFO - 49/1000, Change: 0.0510793, Rating 1: 543.5400.
ranking.algos.rank_fit - INFO - 50/1000, Change: 0.0454072, Rating 1: 543.5800.
ranking.algos.rank_fit - INFO - 51/1000, Change: 0.0407431, Rating 1: 543.6100.
ranking.algos.rank_fit - INFO - 52/1000, Change: 0.0365314, Rating 1: 543.6400.
ranking.algos.rank_fit - INFO - 53/1000, Change: 0.0323335, Rating 1: 543.6700.
ranking.algos.rank_fit - INFO - 54/1000, Change: 0.0298481, Rating 1: 543.7000.
ranking.algos.rank_fit - INFO - 55/1000, Change: 0.0263887, Rating 1: 543.7200.
ranking.algos.rank_fit - INFO - 56/1000, Change: 0.0235102, Rating 1: 543.7400.
ranking.algos.rank_fit - INFO - 57/1000, Change: 0.0215322, Rating 1: 543.7600.
ranking.algos.rank_fit - INFO - 58/1000, Change: 0.0195402, Rating 1: 543.7700.
ranking.algos.rank_fit - INFO - 59/1000, Change: 0.0170027, Rating 1: 543.7800.
ranking.algos.rank_fit - INFO - 60/1000, Change: 0.0148324, Rating 1: 543.7900.
ranking.algos.rank_fit - INFO - 61/1000, Change: 0.0135512, Rating 1: 543.8000.
ranking.algos.rank_fit - INFO - 62/1000, Change: 0.0131426, Rating 1: 543.8100.
ranking.algos.rank_fit - INFO - 63/1000, Change: 0.0113618, Rating 1: 543.8200.
ranking.algos.rank_fit - INFO - 64/1000, Change: 0.0107872, Rating 1: 543.8300.
ranking.algos.rank_fit - INFO - 65/1000, Change: 0.0097234, Rating 1: 543.8300.
ranking.algos.rank_fit - INFO - 66/1000, Change: 0.0092442, Rating 1: 543.8400.
ranking.algos.rank_fit - INFO - 67/1000, Change: 0.0075076, Rating 1: 543.8400.
ranking.algos.rank_fit - INFO - 68/1000, Change: 0.0071351, Rating 1: 543.8500.
ranking.algos.rank_fit - INFO - 69/1000, Change: 0.0068755, Rating 1: 543.8500.
ranking.algos.rank_fit - INFO - 70/1000, Change: 0.0060302, Rating 1: 543.8500.
ranking.algos.rank_fit - INFO - 71/1000, Change: 0.0057208, Rating 1: 543.8600.
ranking.algos.rank_fit - INFO - 72/1000, Change: 0.0050452, Rating 1: 543.8600.
ranking.algos.rank_fit - INFO - 73/1000, Change: 0.0046710, Rating 1: 543.8600.
ranking.algos.rank_fit - INFO - 74/1000, Change: 0.0044721, Rating 1: 543.8600.
ranking.algos.rank_fit - INFO - 75/1000, Change: 0.0040452, Rating 1: 543.8600.
ranking.algos.rank_fit - INFO - 76/1000, Change: 0.0035675, Rating 1: 543.8600.
ranking.algos.rank_fit - INFO - 77/1000, Change: 0.0035675, Rating 1: 543.8600.
ranking.algos.rank_fit - INFO - 78/1000, Change: 0.0030151, Rating 1: 543.8600.
ranking.algos.rank_fit - INFO - 79/1000, Change: 0.0030151, Rating 1: 543.8600.
ranking.algos.rank_fit - INFO - 80/1000, Change: 0.0026968, Rating 1: 543.8600.
ranking.algos.rank_fit - INFO - 81/1000, Change: 0.0019069, Rating 1: 543.8600.
ranking.algos.rank_fit - INFO - 82/1000, Change: 0.0000000, Rating 1: 543.8600.
ranking.data_preparation - INFO - RMSE: 241.02, Max Sum Resid: 0.14
ranking.data_preparation - INFO - Output files saved to output_2024_summer2saturday.
ranking.data_preparation - INFO - Applying USAU algorithm on the 2024-women-euf dataset.
ranking.games_dataset - INFO - Calculating ratings by USAU.
ranking.algos.rank_fit - INFO - 1/1000, Change: 156.9213985, Rating 1: 268.2700.
ranking.algos.rank_fit - INFO - 2/1000, Change: 84.8693592, Rating 1: 359.4000.
ranking.algos.rank_fit - INFO - 3/1000, Change: 53.7457097, Rating 1: 406.2300.
ranking.algos.rank_fit - INFO - 4/1000, Change: 36.5012285, Rating 1: 431.8700.
ranking.algos.rank_fit - INFO - 5/1000, Change: 29.1628551, Rating 1: 472.2500.
ranking.algos.rank_fit - INFO - 6/1000, Change: 33.9861312, Rating 1: 501.3300.
ranking.algos.rank_fit - INFO - 7/1000, Change: 25.4463530, Rating 1: 522.7800.
ranking.algos.rank_fit - INFO - 8/1000, Change: 18.0098968, Rating 1: 538.7600.
ranking.algos.rank_fit - INFO - 9/1000, Change: 13.7583888, Rating 1: 550.7700.
ranking.algos.rank_fit - INFO - 10/1000, Change: 10.6039127, Rating 1: 559.9000.
ranking.algos.rank_fit - INFO - 11/1000, Change: 8.3128897, Rating 1: 566.8700.
ranking.algos.rank_fit - INFO - 12/1000, Change: 6.8857546, Rating 1: 572.2100.
ranking.algos.rank_fit - INFO - 13/1000, Change: 5.6005075, Rating 1: 577.0200.
ranking.algos.rank_fit - INFO - 14/1000, Change: 4.5724170, Rating 1: 580.8000.
ranking.algos.rank_fit - INFO - 15/1000, Change: 3.7536795, Rating 1: 583.7800.
ranking.algos.rank_fit - INFO - 16/1000, Change: 3.1189726, Rating 1: 586.1400.
ranking.algos.rank_fit - INFO - 17/1000, Change: 2.5861841, Rating 1: 588.0000.
ranking.algos.rank_fit - INFO - 18/1000, Change: 2.1577191, Rating 1: 589.4800.
ranking.algos.rank_fit - INFO - 19/1000, Change: 1.8226399, Rating 1: 590.6700.
ranking.algos.rank_fit - INFO - 20/1000, Change: 1.5486758, Rating 1: 591.6400.
ranking.algos.rank_fit - INFO - 21/1000, Change: 1.3232292, Rating 1: 592.4400.
ranking.algos.rank_fit - INFO - 22/1000, Change: 1.1408019, Rating 1: 593.0800.
ranking.algos.rank_fit - INFO - 23/1000, Change: 0.9904772, Rating 1: 593.6000.
ranking.algos.rank_fit - INFO - 24/1000, Change: 0.8667273, Rating 1: 594.0200.
ranking.algos.rank_fit - INFO - 25/1000, Change: 0.7626566, Rating 1: 594.3600.
ranking.algos.rank_fit - INFO - 26/1000, Change: 0.6773740, Rating 1: 594.6300.
ranking.algos.rank_fit - INFO - 27/1000, Change: 0.6039066, Rating 1: 594.8500.
ranking.algos.rank_fit - INFO - 28/1000, Change: 0.5408983, Rating 1: 595.0300.
ranking.algos.rank_fit - INFO - 29/1000, Change: 0.4879549, Rating 1: 595.1700.
ranking.algos.rank_fit - INFO - 30/1000, Change: 0.4416940, Rating 1: 595.2800.
ranking.algos.rank_fit - INFO - 31/1000, Change: 0.4011073, Rating 1: 595.3700.
ranking.algos.rank_fit - INFO - 32/1000, Change: 0.3639789, Rating 1: 595.4400.
ranking.algos.rank_fit - INFO - 33/1000, Change: 0.3332538, Rating 1: 595.4900.
ranking.algos.rank_fit - INFO - 34/1000, Change: 0.3050225, Rating 1: 595.5300.
ranking.algos.rank_fit - INFO - 35/1000, Change: 0.2794580, Rating 1: 595.5600.
ranking.algos.rank_fit - INFO - 36/1000, Change: 0.2566848, Rating 1: 595.5800.
ranking.algos.rank_fit - INFO - 37/1000, Change: 0.2346171, Rating 1: 595.6000.
ranking.algos.rank_fit - INFO - 38/1000, Change: 0.2158853, Rating 1: 595.6100.
ranking.algos.rank_fit - INFO - 39/1000, Change: 0.1981609, Rating 1: 595.6200.
ranking.algos.rank_fit - INFO - 40/1000, Change: 0.1827478, Rating 1: 595.6200.
ranking.algos.rank_fit - INFO - 41/1000, Change: 0.1677460, Rating 1: 595.6300.
ranking.algos.rank_fit - INFO - 42/1000, Change: 0.1552002, Rating 1: 595.6300.
ranking.algos.rank_fit - INFO - 43/1000, Change: 0.1424328, Rating 1: 595.6300.
ranking.algos.rank_fit - INFO - 44/1000, Change: 0.1315662, Rating 1: 595.6300.
ranking.algos.rank_fit - INFO - 45/1000, Change: 0.1204159, Rating 1: 595.6300.
ranking.algos.rank_fit - INFO - 46/1000, Change: 0.1108763, Rating 1: 595.6200.
ranking.algos.rank_fit - INFO - 47/1000, Change: 0.1020436, Rating 1: 595.6200.
ranking.algos.rank_fit - INFO - 48/1000, Change: 0.0943227, Rating 1: 595.6200.
ranking.algos.rank_fit - INFO - 49/1000, Change: 0.0866398, Rating 1: 595.6100.
ranking.algos.rank_fit - INFO - 50/1000, Change: 0.0807026, Rating 1: 595.6100.
ranking.algos.rank_fit - INFO - 51/1000, Change: 0.0730002, Rating 1: 595.6000.
ranking.algos.rank_fit - INFO - 52/1000, Change: 0.0681318, Rating 1: 595.6000.
ranking.algos.rank_fit - INFO - 53/1000, Change: 0.0609865, Rating 1: 595.6000.
ranking.algos.rank_fit - INFO - 54/1000, Change: 0.0572769, Rating 1: 595.5900.
ranking.algos.rank_fit - INFO - 55/1000, Change: 0.0528845, Rating 1: 595.5900.
ranking.algos.rank_fit - INFO - 56/1000, Change: 0.0487588, Rating 1: 595.5900.
ranking.algos.rank_fit - INFO - 57/1000, Change: 0.0449013, Rating 1: 595.5800.
ranking.algos.rank_fit - INFO - 58/1000, Change: 0.0409563, Rating 1: 595.5800.
ranking.algos.rank_fit - INFO - 59/1000, Change: 0.0368519, Rating 1: 595.5800.
ranking.algos.rank_fit - INFO - 60/1000, Change: 0.0355146, Rating 1: 595.5800.
ranking.algos.rank_fit - INFO - 61/1000, Change: 0.0327256, Rating 1: 595.5800.
ranking.algos.rank_fit - INFO - 62/1000, Change: 0.0295122, Rating 1: 595.5700.
ranking.algos.rank_fit - INFO - 63/1000, Change: 0.0268809, Rating 1: 595.5700.
ranking.algos.rank_fit - INFO - 64/1000, Change: 0.0253364, Rating 1: 595.5700.
ranking.algos.rank_fit - INFO - 65/1000, Change: 0.0219971, Rating 1: 595.5700.
ranking.algos.rank_fit - INFO - 66/1000, Change: 0.0210223, Rating 1: 595.5600.
ranking.algos.rank_fit - INFO - 67/1000, Change: 0.0195101, Rating 1: 595.5600.
ranking.algos.rank_fit - INFO - 68/1000, Change: 0.0180501, Rating 1: 595.5600.
ranking.algos.rank_fit - INFO - 69/1000, Change: 0.0163628, Rating 1: 595.5600.
ranking.algos.rank_fit - INFO - 70/1000, Change: 0.0150269, Rating 1: 595.5600.
ranking.algos.rank_fit - INFO - 71/1000, Change: 0.0152400, Rating 1: 595.5600.
ranking.algos.rank_fit - INFO - 72/1000, Change: 0.0134404, Rating 1: 595.5600.
ranking.algos.rank_fit - INFO - 73/1000, Change: 0.0110716, Rating 1: 595.5600.
ranking.algos.rank_fit - INFO - 74/1000, Change: 0.0109250, Rating 1: 595.5600.
ranking.algos.rank_fit - INFO - 75/1000, Change: 0.0091581, Rating 1: 595.5600.
ranking.algos.rank_fit - INFO - 76/1000, Change: 0.0098374, Rating 1: 595.5500.
ranking.algos.rank_fit - INFO - 77/1000, Change: 0.0093326, Rating 1: 595.5500.
ranking.algos.rank_fit - INFO - 78/1000, Change: 0.0093326, Rating 1: 595.5500.
ranking.algos.rank_fit - INFO - 79/1000, Change: 0.0082305, Rating 1: 595.5500.
ranking.algos.rank_fit - INFO - 80/1000, Change: 0.0084242, Rating 1: 595.5500.
ranking.algos.rank_fit - INFO - 81/1000, Change: 0.0076200, Rating 1: 595.5500.
ranking.algos.rank_fit - INFO - 82/1000, Change: 0.0078288, Rating 1: 595.5500.
ranking.algos.rank_fit - INFO - 83/1000, Change: 0.0059568, Rating 1: 595.5500.
ranking.algos.rank_fit - INFO - 84/1000, Change: 0.0062217, Rating 1: 595.5500.
ranking.algos.rank_fit - INFO - 85/1000, Change: 0.0064758, Rating 1: 595.5500.
ranking.algos.rank_fit - INFO - 86/1000, Change: 0.0064758, Rating 1: 595.5500.
ranking.algos.rank_fit - INFO - 87/1000, Change: 0.0056796, Rating 1: 595.5500.
ranking.algos.rank_fit - INFO - 88/1000, Change: 0.0053882, Rating 1: 595.5500.
ranking.algos.rank_fit - INFO - 89/1000, Change: 0.0047519, Rating 1: 595.5500.
ranking.algos.rank_fit - INFO - 90/1000, Change: 0.0031109, Rating 1: 595.5500.
ranking.algos.rank_fit - INFO - 91/1000, Change: 0.0031109, Rating 1: 595.5500.
ranking.algos.rank_fit - INFO - 92/1000, Change: 0.0025400, Rating 1: 595.5500.
ranking.algos.rank_fit - INFO - 93/1000, Change: 0.0031109, Rating 1: 595.5500.
ranking.algos.rank_fit - INFO - 94/1000, Change: 0.0031109, Rating 1: 595.5500.
ranking.algos.rank_fit - INFO - 95/1000, Change: 0.0000000, Rating 1: 595.5500.
ranking.data_preparation - INFO - RMSE: 252.75, Max Sum Resid: 0.15
ranking.data_preparation - INFO - Output files saved to output_2024_summer2saturday.
