ranking.data_preparation - INFO - Applying USAU algorithm on the 2023-mixed-euf dataset.
ranking.games_dataset - INFO - Calculating ratings by USAU.
ranking.algos.rank_fit - INFO - 1/1000, Change: 121.8535397, Rating 1: 202.0000.
ranking.algos.rank_fit - INFO - 2/1000, Change: 62.4303131, Rating 1: 295.6700.
ranking.algos.rank_fit - INFO - 3/1000, Change: 40.2029794, Rating 1: 353.6000.
ranking.algos.rank_fit - INFO - 4/1000, Change: 29.4287907, Rating 1: 388.4500.
ranking.algos.rank_fit - INFO - 5/1000, Change: 24.2898631, Rating 1: 410.3600.
ranking.algos.rank_fit - INFO - 6/1000, Change: 19.7951231, Rating 1: 424.6300.
ranking.algos.rank_fit - INFO - 7/1000, Change: 16.4822304, Rating 1: 434.3700.
ranking.algos.rank_fit - INFO - 8/1000, Change: 14.0811362, Rating 1: 443.2500.
ranking.algos.rank_fit - INFO - 9/1000, Change: 12.1413025, Rating 1: 457.2600.
ranking.algos.rank_fit - INFO - 10/1000, Change: 10.6159883, Rating 1: 468.7300.
ranking.algos.rank_fit - INFO - 11/1000, Change: 9.3541164, Rating 1: 478.2000.
ranking.algos.rank_fit - INFO - 12/1000, Change: 8.2979298, Rating 1: 486.1100.
ranking.algos.rank_fit - INFO - 13/1000, Change: 7.4055813, Rating 1: 492.7800.
ranking.algos.rank_fit - INFO - 14/1000, Change: 6.6438307, Rating 1: 498.4500.
ranking.algos.rank_fit - INFO - 15/1000, Change: 5.9888245, Rating 1: 503.3200.
ranking.algos.rank_fit - INFO - 16/1000, Change: 5.4376046, Rating 1: 507.5300.
ranking.algos.rank_fit - INFO - 17/1000, Change: 4.9527316, Rating 1: 511.2600.
ranking.algos.rank_fit - INFO - 18/1000, Change: 4.6265846, Rating 1: 514.5800.
ranking.algos.rank_fit - INFO - 19/1000, Change: 4.3415599, Rating 1: 517.5600.
ranking.algos.rank_fit - INFO - 20/1000, Change: 4.0676047, Rating 1: 520.2300.
ranking.algos.rank_fit - INFO - 21/1000, Change: 3.8227537, Rating 1: 522.6500.
ranking.algos.rank_fit - INFO - 22/1000, Change: 3.5958737, Rating 1: 524.8400.
ranking.algos.rank_fit - INFO - 23/1000, Change: 3.3966598, Rating 1: 526.8300.
ranking.algos.rank_fit - INFO - 24/1000, Change: 3.2137320, Rating 1: 528.6500.
ranking.algos.rank_fit - INFO - 25/1000, Change: 3.0446087, Rating 1: 530.3100.
ranking.algos.rank_fit - INFO - 26/1000, Change: 2.8896350, Rating 1: 531.8400.
ranking.algos.rank_fit - INFO - 27/1000, Change: 2.7452361, Rating 1: 533.2500.
ranking.algos.rank_fit - INFO - 28/1000, Change: 2.6094455, Rating 1: 534.5500.
ranking.algos.rank_fit - INFO - 29/1000, Change: 2.4845674, Rating 1: 535.7600.
ranking.algos.rank_fit - INFO - 30/1000, Change: 2.3670742, Rating 1: 536.8800.
ranking.algos.rank_fit - INFO - 31/1000, Change: 2.2564753, Rating 1: 537.9300.
ranking.algos.rank_fit - INFO - 32/1000, Change: 2.1532221, Rating 1: 538.9100.
ranking.algos.rank_fit - INFO - 33/1000, Change: 2.0554346, Rating 1: 539.8300.
ranking.algos.rank_fit - INFO - 34/1000, Change: 1.9634379, Rating 1: 540.7000.
ranking.algos.rank_fit - INFO - 35/1000, Change: 1.8752425, Rating 1: 541.5200.
ranking.algos.rank_fit - INFO - 36/1000, Change: 1.7939283, Rating 1: 542.3000.
ranking.algos.rank_fit - INFO - 37/1000, Change: 1.7144942, Rating 1: 543.0400.
ranking.algos.rank_fit - INFO - 38/1000, Change: 1.6414727, Rating 1: 543.7500.
ranking.algos.rank_fit - INFO - 39/1000, Change: 1.5703062, Rating 1: 544.4200.
ranking.algos.rank_fit - INFO - 40/1000, Change: 1.5031441, Rating 1: 545.0700.
ranking.algos.rank_fit - INFO - 41/1000, Change: 1.4401042, Rating 1: 545.6900.
ranking.algos.rank_fit - INFO - 42/1000, Change: 1.3798941, Rating 1: 546.2900.
ranking.algos.rank_fit - INFO - 43/1000, Change: 1.3226336, Rating 1: 546.8600.
ranking.algos.rank_fit - INFO - 44/1000, Change: 1.2675726, Rating 1: 547.4100.
ranking.algos.rank_fit - INFO - 45/1000, Change: 1.2154186, Rating 1: 547.9500.
ranking.algos.rank_fit - INFO - 46/1000, Change: 1.1660700, Rating 1: 548.4700.
ranking.algos.rank_fit - INFO - 47/1000, Change: 1.1184639, Rating 1: 548.9700.
ranking.algos.rank_fit - INFO - 48/1000, Change: 1.0735258, Rating 1: 549.4600.
ranking.algos.rank_fit - INFO - 49/1000, Change: 1.0293940, Rating 1: 549.9400.
ranking.algos.rank_fit - INFO - 50/1000, Change: 0.9889904, Rating 1: 550.4000.
ranking.algos.rank_fit - INFO - 51/1000, Change: 0.9498745, Rating 1: 550.8500.
ranking.algos.rank_fit - INFO - 52/1000, Change: 0.9127052, Rating 1: 551.2900.
ranking.algos.rank_fit - INFO - 53/1000, Change: 0.8766556, Rating 1: 551.7200.
ranking.algos.rank_fit - INFO - 54/1000, Change: 0.8435661, Rating 1: 552.1400.
ranking.algos.rank_fit - INFO - 55/1000, Change: 0.8107001, Rating 1: 552.5500.
ranking.algos.rank_fit - INFO - 56/1000, Change: 0.7794438, Rating 1: 552.9500.
ranking.algos.rank_fit - INFO - 57/1000, Change: 0.7501346, Rating 1: 553.3500.
ranking.algos.rank_fit - INFO - 58/1000, Change: 0.7217380, Rating 1: 553.7300.
ranking.algos.rank_fit - INFO - 59/1000, Change: 0.6952697, Rating 1: 554.1100.
ranking.algos.rank_fit - INFO - 60/1000, Change: 0.6690967, Rating 1: 554.4800.
ranking.algos.rank_fit - INFO - 61/1000, Change: 0.6435882, Rating 1: 554.8400.
ranking.algos.rank_fit - INFO - 62/1000, Change: 0.6217933, Rating 1: 555.2000.
ranking.algos.rank_fit - INFO - 63/1000, Change: 0.5989446, Rating 1: 555.5500.
ranking.algos.rank_fit - INFO - 64/1000, Change: 0.5773281, Rating 1: 555.9000.
ranking.algos.rank_fit - INFO - 65/1000, Change: 0.5567298, Rating 1: 556.2400.
ranking.algos.rank_fit - INFO - 66/1000, Change: 0.5367101, Rating 1: 556.5700.
ranking.algos.rank_fit - INFO - 67/1000, Change: 0.5195079, Rating 1: 556.9000.
ranking.algos.rank_fit - INFO - 68/1000, Change: 0.5001442, Rating 1: 557.2200.
ranking.algos.rank_fit - INFO - 69/1000, Change: 0.4833696, Rating 1: 557.5300.
ranking.algos.rank_fit - INFO - 70/1000, Change: 0.4670591, Rating 1: 557.8400.
ranking.algos.rank_fit - INFO - 71/1000, Change: 0.4510863, Rating 1: 558.1500.
ranking.algos.rank_fit - INFO - 72/1000, Change: 0.4363463, Rating 1: 558.4500.
ranking.algos.rank_fit - INFO - 73/1000, Change: 0.4226428, Rating 1: 558.7500.
ranking.algos.rank_fit - INFO - 74/1000, Change: 0.4086328, Rating 1: 559.0400.
ranking.algos.rank_fit - INFO - 75/1000, Change: 0.3947443, Rating 1: 559.3200.
ranking.algos.rank_fit - INFO - 76/1000, Change: 0.3834710, Rating 1: 559.6000.
ranking.algos.rank_fit - INFO - 77/1000, Change: 0.3713670, Rating 1: 559.8800.
ranking.algos.rank_fit - INFO - 78/1000, Change: 0.3588684, Rating 1: 560.1500.
ranking.algos.rank_fit - INFO - 79/1000, Change: 0.3490537, Rating 1: 560.4200.
ranking.algos.rank_fit - INFO - 80/1000, Change: 0.3382222, Rating 1: 560.6800.
ranking.algos.rank_fit - INFO - 81/1000, Change: 0.3279599, Rating 1: 560.9400.
ranking.algos.rank_fit - INFO - 82/1000, Change: 0.3173569, Rating 1: 561.2000.
ranking.algos.rank_fit - INFO - 83/1000, Change: 0.3088191, Rating 1: 561.4500.
ranking.algos.rank_fit - INFO - 84/1000, Change: 0.2996793, Rating 1: 561.7000.
ranking.algos.rank_fit - INFO - 85/1000, Change: 0.2917421, Rating 1: 561.9400.
ranking.algos.rank_fit - INFO - 86/1000, Change: 0.2821279, Rating 1: 562.1800.
ranking.algos.rank_fit - INFO - 87/1000, Change: 0.2745976, Rating 1: 562.4200.
ranking.algos.rank_fit - INFO - 88/1000, Change: 0.2674020, Rating 1: 562.6500.
ranking.algos.rank_fit - INFO - 89/1000, Change: 0.2644515, Rating 1: 562.8800.
ranking.algos.rank_fit - INFO - 90/1000, Change: 0.2584309, Rating 1: 563.1000.
ranking.algos.rank_fit - INFO - 91/1000, Change: 0.2520836, Rating 1: 563.3200.
ranking.algos.rank_fit - INFO - 92/1000, Change: 0.2459518, Rating 1: 563.5400.
ranking.algos.rank_fit - INFO - 93/1000, Change: 0.2406122, Rating 1: 563.7500.
ranking.algos.rank_fit - INFO - 94/1000, Change: 0.2351513, Rating 1: 563.9600.
ranking.algos.rank_fit - INFO - 95/1000, Change: 0.2303885, Rating 1: 564.1700.
ranking.algos.rank_fit - INFO - 96/1000, Change: 0.2240235, Rating 1: 564.3700.
ranking.algos.rank_fit - INFO - 97/1000, Change: 0.2199432, Rating 1: 564.5700.
ranking.algos.rank_fit - INFO - 98/1000, Change: 0.2153486, Rating 1: 564.7700.
ranking.algos.rank_fit - INFO - 99/1000, Change: 0.2103523, Rating 1: 564.9700.
ranking.algos.rank_fit - INFO - 100/1000, Change: 0.2049672, Rating 1: 565.1600.
ranking.algos.rank_fit - INFO - 101/1000, Change: 0.2010740, Rating 1: 565.3500.
ranking.algos.rank_fit - INFO - 102/1000, Change: 0.1977421, Rating 1: 565.5300.
ranking.algos.rank_fit - INFO - 103/1000, Change: 0.1917530, Rating 1: 565.7100.
ranking.algos.rank_fit - INFO - 104/1000, Change: 0.1888274, Rating 1: 565.8900.
ranking.algos.rank_fit - INFO - 105/1000, Change: 0.1839628, Rating 1: 566.0700.
ranking.algos.rank_fit - INFO - 106/1000, Change: 0.1799092, Rating 1: 566.2500.
ranking.algos.rank_fit - INFO - 107/1000, Change: 0.1765318, Rating 1: 566.4200.
ranking.algos.rank_fit - INFO - 108/1000, Change: 0.1730385, Rating 1: 566.5900.
ranking.algos.rank_fit - INFO - 109/1000, Change: 0.1699887, Rating 1: 566.7600.
ranking.algos.rank_fit - INFO - 110/1000, Change: 0.1663349, Rating 1: 566.9200.
ranking.algos.rank_fit - INFO - 111/1000, Change: 0.1635484, Rating 1: 567.0800.
ranking.algos.rank_fit - INFO - 112/1000, Change: 0.1601922, Rating 1: 567.2400.
ranking.algos.rank_fit - INFO - 113/1000, Change: 0.1561557, Rating 1: 567.4000.
ranking.algos.rank_fit - INFO - 114/1000, Change: 0.1527882, Rating 1: 567.5500.
ranking.algos.rank_fit - INFO - 115/1000, Change: 0.1496727, Rating 1: 567.7000.
ranking.algos.rank_fit - INFO - 116/1000, Change: 0.1474984, Rating 1: 567.8500.
ranking.algos.rank_fit - INFO - 117/1000, Change: 0.1438282, Rating 1: 568.0000.
ranking.algos.rank_fit - INFO - 118/1000, Change: 0.1404868, Rating 1: 568.1400.
ranking.algos.rank_fit - INFO - 119/1000, Change: 0.1382793, Rating 1: 568.2800.
ranking.algos.rank_fit - INFO - 120/1000, Change: 0.1362619, Rating 1: 568.4200.
ranking.algos.rank_fit - INFO - 121/1000, Change: 0.1326142, Rating 1: 568.5600.
ranking.algos.rank_fit - INFO - 122/1000, Change: 0.1310754, Rating 1: 568.7000.
ranking.algos.rank_fit - INFO - 123/1000, Change: 0.1280925, Rating 1: 568.8400.
ranking.algos.rank_fit - INFO - 124/1000, Change: 0.1254454, Rating 1: 568.9700.
ranking.algos.rank_fit - INFO - 125/1000, Change: 0.1236621, Rating 1: 569.1000.
ranking.algos.rank_fit - INFO - 126/1000, Change: 0.1208066, Rating 1: 569.2300.
ranking.algos.rank_fit - INFO - 127/1000, Change: 0.1190023, Rating 1: 569.3600.
ranking.algos.rank_fit - INFO - 128/1000, Change: 0.1160653, Rating 1: 569.4800.
ranking.algos.rank_fit - INFO - 129/1000, Change: 0.1144300, Rating 1: 569.6000.
ranking.algos.rank_fit - INFO - 130/1000, Change: 0.1116226, Rating 1: 569.7200.
ranking.algos.rank_fit - INFO - 131/1000, Change: 0.1103752, Rating 1: 569.8400.
ranking.algos.rank_fit - INFO - 132/1000, Change: 0.1079441, Rating 1: 569.9600.
ranking.algos.rank_fit - INFO - 133/1000, Change: 0.1054660, Rating 1: 570.0700.
ranking.algos.rank_fit - INFO - 134/1000, Change: 0.1037193, Rating 1: 570.1800.
ranking.algos.rank_fit - INFO - 135/1000, Change: 0.1022535, Rating 1: 570.2900.
ranking.algos.rank_fit - INFO - 136/1000, Change: 0.1002689, Rating 1: 570.4000.
ranking.algos.rank_fit - INFO - 137/1000, Change: 0.0988394, Rating 1: 570.5100.
ranking.algos.rank_fit - INFO - 138/1000, Change: 0.0958364, Rating 1: 570.6100.
ranking.algos.rank_fit - INFO - 139/1000, Change: 0.0944620, Rating 1: 570.7100.
ranking.algos.rank_fit - INFO - 140/1000, Change: 0.0922997, Rating 1: 570.8100.
ranking.algos.rank_fit - INFO - 141/1000, Change: 0.0910727, Rating 1: 570.9100.
ranking.algos.rank_fit - INFO - 142/1000, Change: 0.0898396, Rating 1: 571.0100.
ranking.algos.rank_fit - INFO - 143/1000, Change: 0.0882632, Rating 1: 571.1100.
ranking.algos.rank_fit - INFO - 144/1000, Change: 0.0863245, Rating 1: 571.2100.
ranking.algos.rank_fit - INFO - 145/1000, Change: 0.0849774, Rating 1: 571.3000.
ranking.algos.rank_fit - INFO - 146/1000, Change: 0.0830547, Rating 1: 571.3900.
ranking.algos.rank_fit - INFO - 147/1000, Change: 0.0820061, Rating 1: 571.4800.
ranking.algos.rank_fit - INFO - 148/1000, Change: 0.0800721, Rating 1: 571.5700.
ranking.algos.rank_fit - INFO - 149/1000, Change: 0.0785934, Rating 1: 571.6600.
ranking.algos.rank_fit - INFO - 150/1000, Change: 0.0777199, Rating 1: 571.7500.
ranking.algos.rank_fit - INFO - 151/1000, Change: 0.0751921, Rating 1: 571.8300.
ranking.algos.rank_fit - INFO - 152/1000, Change: 0.0749102, Rating 1: 571.9200.
ranking.algos.rank_fit - INFO - 153/1000, Change: 0.0733013, Rating 1: 572.0000.
ranking.algos.rank_fit - INFO - 154/1000, Change: 0.0716160, Rating 1: 572.0800.
ranking.algos.rank_fit - INFO - 155/1000, Change: 0.0702468, Rating 1: 572.1600.
ranking.algos.rank_fit - INFO - 156/1000, Change: 0.0695176, Rating 1: 572.2400.
ranking.algos.rank_fit - INFO - 157/1000, Change: 0.0685706, Rating 1: 572.3200.
ranking.algos.rank_fit - INFO - 158/1000, Change: 0.0675392, Rating 1: 572.4000.
ranking.algos.rank_fit - INFO - 159/1000, Change: 0.0657647, Rating 1: 572.4700.
ranking.algos.rank_fit - INFO - 160/1000, Change: 0.0651625, Rating 1: 572.5400.
ranking.algos.rank_fit - INFO - 161/1000, Change: 0.0643309, Rating 1: 572.6200.
ranking.algos.rank_fit - INFO - 162/1000, Change: 0.0633367, Rating 1: 572.6900.
ranking.algos.rank_fit - INFO - 163/1000, Change: 0.0622340, Rating 1: 572.7600.
ranking.algos.rank_fit - INFO - 164/1000, Change: 0.0613471, Rating 1: 572.8300.
ranking.algos.rank_fit - INFO - 165/1000, Change: 0.0595980, Rating 1: 572.9000.
ranking.algos.rank_fit - INFO - 166/1000, Change: 0.0582600, Rating 1: 572.9700.
ranking.algos.rank_fit - INFO - 167/1000, Change: 0.0574289, Rating 1: 573.0300.
ranking.algos.rank_fit - INFO - 168/1000, Change: 0.0560563, Rating 1: 573.1000.
ranking.algos.rank_fit - INFO - 169/1000, Change: 0.0547020, Rating 1: 573.1600.
ranking.algos.rank_fit - INFO - 170/1000, Change: 0.0544730, Rating 1: 573.2200.
ranking.algos.rank_fit - INFO - 171/1000, Change: 0.0535831, Rating 1: 573.2800.
ranking.algos.rank_fit - INFO - 172/1000, Change: 0.0529332, Rating 1: 573.3400.
ranking.algos.rank_fit - INFO - 173/1000, Change: 0.0520355, Rating 1: 573.4000.
ranking.algos.rank_fit - INFO - 174/1000, Change: 0.0510467, Rating 1: 573.4600.
ranking.algos.rank_fit - INFO - 175/1000, Change: 0.0496139, Rating 1: 573.5200.
ranking.algos.rank_fit - INFO - 176/1000, Change: 0.0490486, Rating 1: 573.5700.
ranking.algos.rank_fit - INFO - 177/1000, Change: 0.0484768, Rating 1: 573.6300.
ranking.algos.rank_fit - INFO - 178/1000, Change: 0.0480384, Rating 1: 573.6800.
ranking.algos.rank_fit - INFO - 179/1000, Change: 0.0483179, Rating 1: 573.7400.
ranking.algos.rank_fit - INFO - 180/1000, Change: 0.0465337, Rating 1: 573.7900.
ranking.algos.rank_fit - INFO - 181/1000, Change: 0.0457417, Rating 1: 573.8500.
ranking.algos.rank_fit - INFO - 182/1000, Change: 0.0444842, Rating 1: 573.9000.
ranking.algos.rank_fit - INFO - 183/1000, Change: 0.0433235, Rating 1: 573.9500.
ranking.algos.rank_fit - INFO - 184/1000, Change: 0.0429445, Rating 1: 574.0000.
ranking.algos.rank_fit - INFO - 185/1000, Change: 0.0426299, Rating 1: 574.0500.
ranking.algos.rank_fit - INFO - 186/1000, Change: 0.0411610, Rating 1: 574.1000.
ranking.algos.rank_fit - INFO - 187/1000, Change: 0.0411610, Rating 1: 574.1400.
ranking.algos.rank_fit - INFO - 188/1000, Change: 0.0410206, Rating 1: 574.1900.
ranking.algos.rank_fit - INFO - 189/1000, Change: 0.0400240, Rating 1: 574.2300.
ranking.algos.rank_fit - INFO - 190/1000, Change: 0.0392722, Rating 1: 574.2800.
ranking.algos.rank_fit - INFO - 191/1000, Change: 0.0379271, Rating 1: 574.3200.
ranking.algos.rank_fit - INFO - 192/1000, Change: 0.0378001, Rating 1: 574.3700.
ranking.algos.rank_fit - INFO - 193/1000, Change: 0.0370551, Rating 1: 574.4100.
ranking.algos.rank_fit - INFO - 194/1000, Change: 0.0359487, Rating 1: 574.4500.
ranking.algos.rank_fit - INFO - 195/1000, Change: 0.0353553, Rating 1: 574.4900.
ranking.algos.rank_fit - INFO - 196/1000, Change: 0.0354097, Rating 1: 574.5300.
ranking.algos.rank_fit - INFO - 197/1000, Change: 0.0347519, Rating 1: 574.5700.
ranking.algos.rank_fit - INFO - 198/1000, Change: 0.0337126, Rating 1: 574.6100.
ranking.algos.rank_fit - INFO - 199/1000, Change: 0.0334836, Rating 1: 574.6500.
ranking.algos.rank_fit - INFO - 200/1000, Change: 0.0332531, Rating 1: 574.6900.
ranking.algos.rank_fit - INFO - 201/1000, Change: 0.0318651, Rating 1: 574.7300.
ranking.algos.rank_fit - INFO - 202/1000, Change: 0.0313172, Rating 1: 574.7700.
ranking.algos.rank_fit - INFO - 203/1000, Change: 0.0311633, Rating 1: 574.8100.
ranking.algos.rank_fit - INFO - 204/1000, Change: 0.0304454, Rating 1: 574.8400.
ranking.algos.rank_fit - INFO - 205/1000, Change: 0.0300960, Rating 1: 574.8800.
ranking.algos.rank_fit - INFO - 206/1000, Change: 0.0296453, Rating 1: 574.9100.
ranking.algos.rank_fit - INFO - 207/1000, Change: 0.0297748, Rating 1: 574.9500.
ranking.algos.rank_fit - INFO - 208/1000, Change: 0.0286222, Rating 1: 574.9800.
ranking.algos.rank_fit - INFO - 209/1000, Change: 0.0295804, Rating 1: 575.0100.
ranking.algos.rank_fit - INFO - 210/1000, Change: 0.0286222, Rating 1: 575.0500.
ranking.algos.rank_fit - INFO - 211/1000, Change: 0.0276308, Rating 1: 575.0800.
ranking.algos.rank_fit - INFO - 212/1000, Change: 0.0276656, Rating 1: 575.1100.
ranking.algos.rank_fit - INFO - 213/1000, Change: 0.0260916, Rating 1: 575.1400.
ranking.algos.rank_fit - INFO - 214/1000, Change: 0.0260916, Rating 1: 575.1700.
ranking.algos.rank_fit - INFO - 215/1000, Change: 0.0260177, Rating 1: 575.2000.
ranking.algos.rank_fit - INFO - 216/1000, Change: 0.0254951, Rating 1: 575.2300.
ranking.algos.rank_fit - INFO - 217/1000, Change: 0.0245341, Rating 1: 575.2600.
ranking.algos.rank_fit - INFO - 218/1000, Change: 0.0238586, Rating 1: 575.2900.
ranking.algos.rank_fit - INFO - 219/1000, Change: 0.0239390, Rating 1: 575.3200.
ranking.algos.rank_fit - INFO - 220/1000, Change: 0.0235748, Rating 1: 575.3500.
ranking.algos.rank_fit - INFO - 221/1000, Change: 0.0231218, Rating 1: 575.3700.
ranking.algos.rank_fit - INFO - 222/1000, Change: 0.0232048, Rating 1: 575.4000.
ranking.algos.rank_fit - INFO - 223/1000, Change: 0.0226597, Rating 1: 575.4300.
ranking.algos.rank_fit - INFO - 224/1000, Change: 0.0224036, Rating 1: 575.4500.
ranking.algos.rank_fit - INFO - 225/1000, Change: 0.0223607, Rating 1: 575.4800.
ranking.algos.rank_fit - INFO - 226/1000, Change: 0.0216173, Rating 1: 575.5000.
ranking.algos.rank_fit - INFO - 227/1000, Change: 0.0221446, Rating 1: 575.5300.
ranking.algos.rank_fit - INFO - 228/1000, Change: 0.0200959, Rating 1: 575.5500.
ranking.algos.rank_fit - INFO - 229/1000, Change: 0.0203338, Rating 1: 575.5700.
ranking.algos.rank_fit - INFO - 230/1000, Change: 0.0186052, Rating 1: 575.6000.
ranking.algos.rank_fit - INFO - 231/1000, Change: 0.0188108, Rating 1: 575.6200.
ranking.algos.rank_fit - INFO - 232/1000, Change: 0.0195133, Rating 1: 575.6400.
ranking.algos.rank_fit - INFO - 233/1000, Change: 0.0182399, Rating 1: 575.6600.
ranking.algos.rank_fit - INFO - 234/1000, Change: 0.0176505, Rating 1: 575.6800.
ranking.algos.rank_fit - INFO - 235/1000, Change: 0.0180278, Rating 1: 575.7000.
ranking.algos.rank_fit - INFO - 236/1000, Change: 0.0179208, Rating 1: 575.7300.
ranking.algos.rank_fit - INFO - 237/1000, Change: 0.0171532, Rating 1: 575.7500.
ranking.algos.rank_fit - INFO - 238/1000, Change: 0.0169274, Rating 1: 575.7700.
ranking.algos.rank_fit - INFO - 239/1000, Change: 0.0172091, Rating 1: 575.7900.
ranking.algos.rank_fit - INFO - 240/1000, Change: 0.0163495, Rating 1: 575.8100.
ranking.algos.rank_fit - INFO - 241/1000, Change: 0.0165831, Rating 1: 575.8300.
ranking.algos.rank_fit - INFO - 242/1000, Change: 0.0159928, Rating 1: 575.8500.
ranking.algos.rank_fit - INFO - 243/1000, Change: 0.0165250, Rating 1: 575.8700.
ranking.algos.rank_fit - INFO - 244/1000, Change: 0.0156279, Rating 1: 575.8900.
ranking.algos.rank_fit - INFO - 245/1000, Change: 0.0156279, Rating 1: 575.9100.
ranking.algos.rank_fit - INFO - 246/1000, Change: 0.0152543, Rating 1: 575.9300.
ranking.algos.rank_fit - INFO - 247/1000, Change: 0.0150640, Rating 1: 575.9400.
ranking.algos.rank_fit - INFO - 248/1000, Change: 0.0155043, Rating 1: 575.9600.
ranking.algos.rank_fit - INFO - 249/1000, Change: 0.0154422, Rating 1: 575.9800.
ranking.algos.rank_fit - INFO - 250/1000, Change: 0.0144115, Rating 1: 575.9900.
ranking.algos.rank_fit - INFO - 251/1000, Change: 0.0143447, Rating 1: 576.0100.
ranking.algos.rank_fit - INFO - 252/1000, Change: 0.0147414, Rating 1: 576.0300.
ranking.algos.rank_fit - INFO - 253/1000, Change: 0.0143447, Rating 1: 576.0400.
ranking.algos.rank_fit - INFO - 254/1000, Change: 0.0135164, Rating 1: 576.0600.
ranking.algos.rank_fit - INFO - 255/1000, Change: 0.0137980, Rating 1: 576.0700.
ranking.algos.rank_fit - INFO - 256/1000, Change: 0.0134450, Rating 1: 576.0900.
ranking.algos.rank_fit - INFO - 257/1000, Change: 0.0129347, Rating 1: 576.1000.
ranking.algos.rank_fit - INFO - 258/1000, Change: 0.0135164, Rating 1: 576.1200.
ranking.algos.rank_fit - INFO - 259/1000, Change: 0.0133733, Rating 1: 576.1300.
ranking.algos.rank_fit - INFO - 260/1000, Change: 0.0127098, Rating 1: 576.1500.
ranking.algos.rank_fit - INFO - 261/1000, Change: 0.0121687, Rating 1: 576.1600.
ranking.algos.rank_fit - INFO - 262/1000, Change: 0.0124808, Rating 1: 576.1700.
ranking.algos.rank_fit - INFO - 263/1000, Change: 0.0124035, Rating 1: 576.1900.
ranking.algos.rank_fit - INFO - 264/1000, Change: 0.0118484, Rating 1: 576.2000.
ranking.algos.rank_fit - INFO - 265/1000, Change: 0.0111803, Rating 1: 576.2100.
ranking.algos.rank_fit - INFO - 266/1000, Change: 0.0114354, Rating 1: 576.2200.
ranking.algos.rank_fit - INFO - 267/1000, Change: 0.0122474, Rating 1: 576.2300.
ranking.algos.rank_fit - INFO - 268/1000, Change: 0.0116024, Rating 1: 576.2400.
ranking.algos.rank_fit - INFO - 269/1000, Change: 0.0117670, Rating 1: 576.2500.
ranking.algos.rank_fit - INFO - 270/1000, Change: 0.0110940, Rating 1: 576.2700.
ranking.algos.rank_fit - INFO - 271/1000, Change: 0.0110940, Rating 1: 576.2800.
ranking.algos.rank_fit - INFO - 272/1000, Change: 0.0103775, Rating 1: 576.2900.
ranking.algos.rank_fit - INFO - 273/1000, Change: 0.0104697, Rating 1: 576.3000.
ranking.algos.rank_fit - INFO - 274/1000, Change: 0.0099034, Rating 1: 576.3100.
ranking.algos.rank_fit - INFO - 275/1000, Change: 0.0098058, Rating 1: 576.3200.
ranking.algos.rank_fit - INFO - 276/1000, Change: 0.0103775, Rating 1: 576.3300.
ranking.algos.rank_fit - INFO - 277/1000, Change: 0.0094054, Rating 1: 576.3400.
ranking.algos.rank_fit - INFO - 278/1000, Change: 0.0097073, Rating 1: 576.3500.
ranking.algos.rank_fit - INFO - 279/1000, Change: 0.0098058, Rating 1: 576.3700.
ranking.algos.rank_fit - INFO - 280/1000, Change: 0.0095071, Rating 1: 576.3800.
ranking.algos.rank_fit - INFO - 281/1000, Change: 0.0097073, Rating 1: 576.3900.
ranking.algos.rank_fit - INFO - 282/1000, Change: 0.0090935, Rating 1: 576.4000.
ranking.algos.rank_fit - INFO - 283/1000, Change: 0.0084353, Rating 1: 576.4100.
ranking.algos.rank_fit - INFO - 284/1000, Change: 0.0093026, Rating 1: 576.4200.
ranking.algos.rank_fit - INFO - 285/1000, Change: 0.0082041, Rating 1: 576.4300.
ranking.algos.rank_fit - INFO - 286/1000, Change: 0.0088795, Rating 1: 576.4400.
ranking.algos.rank_fit - INFO - 287/1000, Change: 0.0085485, Rating 1: 576.4500.
ranking.algos.rank_fit - INFO - 288/1000, Change: 0.0084353, Rating 1: 576.4600.
ranking.algos.rank_fit - INFO - 289/1000, Change: 0.0079663, Rating 1: 576.4700.
ranking.algos.rank_fit - INFO - 290/1000, Change: 0.0083205, Rating 1: 576.4800.
ranking.algos.rank_fit - INFO - 291/1000, Change: 0.0079663, Rating 1: 576.4900.
ranking.algos.rank_fit - INFO - 292/1000, Change: 0.0078446, Rating 1: 576.5000.
ranking.algos.rank_fit - INFO - 293/1000, Change: 0.0082041, Rating 1: 576.5100.
ranking.algos.rank_fit - INFO - 294/1000, Change: 0.0080861, Rating 1: 576.5200.
ranking.algos.rank_fit - INFO - 295/1000, Change: 0.0078446, Rating 1: 576.5300.
ranking.algos.rank_fit - INFO - 296/1000, Change: 0.0078446, Rating 1: 576.5400.
ranking.algos.rank_fit - INFO - 297/1000, Change: 0.0078446, Rating 1: 576.5400.
ranking.algos.rank_fit - INFO - 298/1000, Change: 0.0072058, Rating 1: 576.5500.
ranking.algos.rank_fit - INFO - 299/1000, Change: 0.0078446, Rating 1: 576.5600.
ranking.algos.rank_fit - INFO - 300/1000, Change: 0.0073380, Rating 1: 576.5600.
ranking.algos.rank_fit - INFO - 301/1000, Change: 0.0073380, Rating 1: 576.5700.
ranking.algos.rank_fit - INFO - 302/1000, Change: 0.0072058, Rating 1: 576.5800.
ranking.algos.rank_fit - INFO - 303/1000, Change: 0.0074679, Rating 1: 576.5900.
ranking.algos.rank_fit - INFO - 304/1000, Change: 0.0072058, Rating 1: 576.6000.
ranking.algos.rank_fit - INFO - 305/1000, Change: 0.0070711, Rating 1: 576.6000.
ranking.algos.rank_fit - INFO - 306/1000, Change: 0.0066506, Rating 1: 576.6100.
ranking.algos.rank_fit - INFO - 307/1000, Change: 0.0069338, Rating 1: 576.6200.
ranking.algos.rank_fit - INFO - 308/1000, Change: 0.0069338, Rating 1: 576.6200.
ranking.algos.rank_fit - INFO - 309/1000, Change: 0.0067937, Rating 1: 576.6300.
ranking.algos.rank_fit - INFO - 310/1000, Change: 0.0067937, Rating 1: 576.6400.
ranking.algos.rank_fit - INFO - 311/1000, Change: 0.0066506, Rating 1: 576.6400.
ranking.algos.rank_fit - INFO - 312/1000, Change: 0.0058835, Rating 1: 576.6500.
ranking.algos.rank_fit - INFO - 313/1000, Change: 0.0053709, Rating 1: 576.6500.
ranking.algos.rank_fit - INFO - 314/1000, Change: 0.0060447, Rating 1: 576.6600.
ranking.algos.rank_fit - INFO - 315/1000, Change: 0.0058835, Rating 1: 576.6700.
ranking.algos.rank_fit - INFO - 316/1000, Change: 0.0055470, Rating 1: 576.6700.
ranking.algos.rank_fit - INFO - 317/1000, Change: 0.0062017, Rating 1: 576.6800.
ranking.algos.rank_fit - INFO - 318/1000, Change: 0.0060447, Rating 1: 576.6800.
ranking.algos.rank_fit - INFO - 319/1000, Change: 0.0067937, Rating 1: 576.6900.
ranking.algos.rank_fit - INFO - 320/1000, Change: 0.0053709, Rating 1: 576.6900.
ranking.algos.rank_fit - INFO - 321/1000, Change: 0.0062017, Rating 1: 576.7000.
ranking.algos.rank_fit - INFO - 322/1000, Change: 0.0065044, Rating 1: 576.7100.
ranking.algos.rank_fit - INFO - 323/1000, Change: 0.0055470, Rating 1: 576.7100.
ranking.algos.rank_fit - INFO - 324/1000, Change: 0.0058835, Rating 1: 576.7200.
ranking.algos.rank_fit - INFO - 325/1000, Change: 0.0058835, Rating 1: 576.7200.
ranking.algos.rank_fit - INFO - 326/1000, Change: 0.0055470, Rating 1: 576.7300.
ranking.algos.rank_fit - INFO - 327/1000, Change: 0.0048038, Rating 1: 576.7300.
ranking.algos.rank_fit - INFO - 328/1000, Change: 0.0051887, Rating 1: 576.7300.
ranking.algos.rank_fit - INFO - 329/1000, Change: 0.0050000, Rating 1: 576.7400.
ranking.algos.rank_fit - INFO - 330/1000, Change: 0.0050000, Rating 1: 576.7500.
ranking.algos.rank_fit - INFO - 331/1000, Change: 0.0050000, Rating 1: 576.7500.
ranking.algos.rank_fit - INFO - 332/1000, Change: 0.0050000, Rating 1: 576.7600.
ranking.algos.rank_fit - INFO - 333/1000, Change: 0.0050000, Rating 1: 576.7600.
ranking.algos.rank_fit - INFO - 334/1000, Change: 0.0050000, Rating 1: 576.7700.
ranking.algos.rank_fit - INFO - 335/1000, Change: 0.0043853, Rating 1: 576.7700.
ranking.algos.rank_fit - INFO - 336/1000, Change: 0.0043853, Rating 1: 576.7800.
ranking.algos.rank_fit - INFO - 337/1000, Change: 0.0048038, Rating 1: 576.7800.
ranking.algos.rank_fit - INFO - 338/1000, Change: 0.0043853, Rating 1: 576.7900.
ranking.algos.rank_fit - INFO - 339/1000, Change: 0.0043853, Rating 1: 576.7900.
ranking.algos.rank_fit - INFO - 340/1000, Change: 0.0043853, Rating 1: 576.8000.
ranking.algos.rank_fit - INFO - 341/1000, Change: 0.0039223, Rating 1: 576.8000.
ranking.algos.rank_fit - INFO - 342/1000, Change: 0.0041603, Rating 1: 576.8000.
ranking.algos.rank_fit - INFO - 343/1000, Change: 0.0045993, Rating 1: 576.8100.
ranking.algos.rank_fit - INFO - 344/1000, Change: 0.0039223, Rating 1: 576.8100.
ranking.algos.rank_fit - INFO - 345/1000, Change: 0.0045993, Rating 1: 576.8200.
ranking.algos.rank_fit - INFO - 346/1000, Change: 0.0036690, Rating 1: 576.8200.
ranking.algos.rank_fit - INFO - 347/1000, Change: 0.0031009, Rating 1: 576.8200.
ranking.algos.rank_fit - INFO - 348/1000, Change: 0.0036690, Rating 1: 576.8200.
ranking.algos.rank_fit - INFO - 349/1000, Change: 0.0036690, Rating 1: 576.8300.
ranking.algos.rank_fit - INFO - 350/1000, Change: 0.0039223, Rating 1: 576.8300.
ranking.algos.rank_fit - INFO - 351/1000, Change: 0.0033968, Rating 1: 576.8300.
ranking.algos.rank_fit - INFO - 352/1000, Change: 0.0033968, Rating 1: 576.8400.
ranking.algos.rank_fit - INFO - 353/1000, Change: 0.0031009, Rating 1: 576.8400.
ranking.algos.rank_fit - INFO - 354/1000, Change: 0.0024019, Rating 1: 576.8400.
ranking.algos.rank_fit - INFO - 355/1000, Change: 0.0033968, Rating 1: 576.8400.
ranking.algos.rank_fit - INFO - 356/1000, Change: 0.0031009, Rating 1: 576.8500.
ranking.algos.rank_fit - INFO - 357/1000, Change: 0.0033968, Rating 1: 576.8500.
ranking.algos.rank_fit - INFO - 358/1000, Change: 0.0031009, Rating 1: 576.8500.
ranking.algos.rank_fit - INFO - 359/1000, Change: 0.0013868, Rating 1: 576.8500.
ranking.algos.rank_fit - INFO - 360/1000, Change: 0.0013868, Rating 1: 576.8500.
ranking.algos.rank_fit - INFO - 361/1000, Change: 0.0013868, Rating 1: 576.8500.
ranking.algos.rank_fit - INFO - 362/1000, Change: 0.0013868, Rating 1: 576.8500.
ranking.algos.rank_fit - INFO - 363/1000, Change: 0.0019612, Rating 1: 576.8500.
ranking.algos.rank_fit - INFO - 364/1000, Change: 0.0027735, Rating 1: 576.8500.
ranking.algos.rank_fit - INFO - 365/1000, Change: 0.0027735, Rating 1: 576.8600.
ranking.algos.rank_fit - INFO - 366/1000, Change: 0.0031009, Rating 1: 576.8600.
ranking.algos.rank_fit - INFO - 367/1000, Change: 0.0031009, Rating 1: 576.8600.
ranking.algos.rank_fit - INFO - 368/1000, Change: 0.0024019, Rating 1: 576.8600.
ranking.algos.rank_fit - INFO - 369/1000, Change: 0.0027735, Rating 1: 576.8600.
ranking.algos.rank_fit - INFO - 370/1000, Change: 0.0027735, Rating 1: 576.8700.
ranking.algos.rank_fit - INFO - 371/1000, Change: 0.0027735, Rating 1: 576.8700.
ranking.algos.rank_fit - INFO - 372/1000, Change: 0.0013868, Rating 1: 576.8700.
ranking.algos.rank_fit - INFO - 373/1000, Change: 0.0019612, Rating 1: 576.8700.
ranking.algos.rank_fit - INFO - 374/1000, Change: 0.0024019, Rating 1: 576.8700.
ranking.algos.rank_fit - INFO - 375/1000, Change: 0.0024019, Rating 1: 576.8800.
ranking.algos.rank_fit - INFO - 376/1000, Change: 0.0031009, Rating 1: 576.8800.
ranking.algos.rank_fit - INFO - 377/1000, Change: 0.0024019, Rating 1: 576.8800.
ranking.algos.rank_fit - INFO - 378/1000, Change: 0.0027735, Rating 1: 576.8800.
ranking.algos.rank_fit - INFO - 379/1000, Change: 0.0027735, Rating 1: 576.8800.
ranking.algos.rank_fit - INFO - 380/1000, Change: 0.0024019, Rating 1: 576.8900.
ranking.algos.rank_fit - INFO - 381/1000, Change: 0.0024019, Rating 1: 576.8900.
ranking.algos.rank_fit - INFO - 382/1000, Change: 0.0013868, Rating 1: 576.8900.
ranking.algos.rank_fit - INFO - 383/1000, Change: 0.0013868, Rating 1: 576.8900.
ranking.algos.rank_fit - INFO - 384/1000, Change: 0.0000000, Rating 1: 576.8900.
ranking.data_preparation - INFO - RMSE: 246.02, Max Sum Resid: 0.12
ranking.data_preparation - INFO - Output files saved to output_2023_post-eucr.
ranking.data_preparation - INFO - Applying USAU algorithm on the 2023-open-euf dataset.
ranking.games_dataset - INFO - Calculating ratings by USAU.
ranking.algos.rank_fit - INFO - 1/1000, Change: 118.7939688, Rating 1: 198.6600.
ranking.algos.rank_fit - INFO - 2/1000, Change: 63.6488129, Rating 1: 300.9000.
ranking.algos.rank_fit - INFO - 3/1000, Change: 43.1760895, Rating 1: 393.3700.
ranking.algos.rank_fit - INFO - 4/1000, Change: 32.4015049, Rating 1: 467.8700.
ranking.algos.rank_fit - INFO - 5/1000, Change: 25.8997910, Rating 1: 528.7300.
ranking.algos.rank_fit - INFO - 6/1000, Change: 21.5640853, Rating 1: 578.8500.
ranking.algos.rank_fit - INFO - 7/1000, Change: 18.3096558, Rating 1: 620.4000.
ranking.algos.rank_fit - INFO - 8/1000, Change: 15.8636157, Rating 1: 655.1000.
ranking.algos.rank_fit - INFO - 9/1000, Change: 13.6859754, Rating 1: 684.5000.
ranking.algos.rank_fit - INFO - 10/1000, Change: 11.8992642, Rating 1: 709.5500.
ranking.algos.rank_fit - INFO - 11/1000, Change: 10.5337569, Rating 1: 730.9800.
ranking.algos.rank_fit - INFO - 12/1000, Change: 9.2847823, Rating 1: 749.8900.
ranking.algos.rank_fit - INFO - 13/1000, Change: 8.2718740, Rating 1: 766.5200.
ranking.algos.rank_fit - INFO - 14/1000, Change: 7.3452584, Rating 1: 781.1500.
ranking.algos.rank_fit - INFO - 15/1000, Change: 6.5327634, Rating 1: 794.0700.
ranking.algos.rank_fit - INFO - 16/1000, Change: 5.8184930, Rating 1: 805.5100.
ranking.algos.rank_fit - INFO - 17/1000, Change: 5.1901372, Rating 1: 815.6800.
ranking.algos.rank_fit - INFO - 18/1000, Change: 5.2544162, Rating 1: 824.7500.
ranking.algos.rank_fit - INFO - 19/1000, Change: 4.9887660, Rating 1: 832.8400.
ranking.algos.rank_fit - INFO - 20/1000, Change: 4.5782134, Rating 1: 840.0700.
ranking.algos.rank_fit - INFO - 21/1000, Change: 4.1914622, Rating 1: 846.5400.
ranking.algos.rank_fit - INFO - 22/1000, Change: 3.8386559, Rating 1: 852.3400.
ranking.algos.rank_fit - INFO - 23/1000, Change: 3.5204219, Rating 1: 857.5400.
ranking.algos.rank_fit - INFO - 24/1000, Change: 3.2417481, Rating 1: 862.2200.
ranking.algos.rank_fit - INFO - 25/1000, Change: 2.9808533, Rating 1: 866.4500.
ranking.algos.rank_fit - INFO - 26/1000, Change: 2.7450174, Rating 1: 870.2800.
ranking.algos.rank_fit - INFO - 27/1000, Change: 2.5326492, Rating 1: 873.7400.
ranking.algos.rank_fit - INFO - 28/1000, Change: 2.3399834, Rating 1: 876.8700.
ranking.algos.rank_fit - INFO - 29/1000, Change: 2.1656404, Rating 1: 879.7100.
ranking.algos.rank_fit - INFO - 30/1000, Change: 2.0060009, Rating 1: 882.2800.
ranking.algos.rank_fit - INFO - 31/1000, Change: 1.8613408, Rating 1: 884.6100.
ranking.algos.rank_fit - INFO - 32/1000, Change: 1.7288336, Rating 1: 886.7300.
ranking.algos.rank_fit - INFO - 33/1000, Change: 1.6080503, Rating 1: 888.6600.
ranking.algos.rank_fit - INFO - 34/1000, Change: 1.4965460, Rating 1: 890.4200.
ranking.algos.rank_fit - INFO - 35/1000, Change: 1.3967073, Rating 1: 892.0200.
ranking.algos.rank_fit - INFO - 36/1000, Change: 1.3023513, Rating 1: 893.4800.
ranking.algos.rank_fit - INFO - 37/1000, Change: 1.2162889, Rating 1: 894.8100.
ranking.algos.rank_fit - INFO - 38/1000, Change: 1.1378269, Rating 1: 896.0300.
ranking.algos.rank_fit - INFO - 39/1000, Change: 1.0655361, Rating 1: 897.1400.
ranking.algos.rank_fit - INFO - 40/1000, Change: 0.9988588, Rating 1: 898.1700.
ranking.algos.rank_fit - INFO - 41/1000, Change: 0.9377412, Rating 1: 899.1200.
ranking.algos.rank_fit - INFO - 42/1000, Change: 0.8814976, Rating 1: 900.0100.
ranking.algos.rank_fit - INFO - 43/1000, Change: 0.8280909, Rating 1: 900.8400.
ranking.algos.rank_fit - INFO - 44/1000, Change: 0.7796551, Rating 1: 901.6100.
ranking.algos.rank_fit - INFO - 45/1000, Change: 0.7334531, Rating 1: 902.3300.
ranking.algos.rank_fit - INFO - 46/1000, Change: 0.6905270, Rating 1: 903.0000.
ranking.algos.rank_fit - INFO - 47/1000, Change: 0.6515486, Rating 1: 903.6300.
ranking.algos.rank_fit - INFO - 48/1000, Change: 0.6145057, Rating 1: 904.2200.
ranking.algos.rank_fit - INFO - 49/1000, Change: 0.5804561, Rating 1: 904.7700.
ranking.algos.rank_fit - INFO - 50/1000, Change: 0.5480907, Rating 1: 905.2900.
ranking.algos.rank_fit - INFO - 51/1000, Change: 0.5173323, Rating 1: 905.7700.
ranking.algos.rank_fit - INFO - 52/1000, Change: 0.4894367, Rating 1: 906.2200.
ranking.algos.rank_fit - INFO - 53/1000, Change: 0.4634912, Rating 1: 906.6500.
ranking.algos.rank_fit - INFO - 54/1000, Change: 0.4374002, Rating 1: 907.0500.
ranking.algos.rank_fit - INFO - 55/1000, Change: 0.4141818, Rating 1: 907.4200.
ranking.algos.rank_fit - INFO - 56/1000, Change: 0.3919030, Rating 1: 907.7700.
ranking.algos.rank_fit - INFO - 57/1000, Change: 0.3712328, Rating 1: 908.1000.
ranking.algos.rank_fit - INFO - 58/1000, Change: 0.3521951, Rating 1: 908.4100.
ranking.algos.rank_fit - INFO - 59/1000, Change: 0.3338413, Rating 1: 908.7000.
ranking.algos.rank_fit - INFO - 60/1000, Change: 0.3166391, Rating 1: 908.9800.
ranking.algos.rank_fit - INFO - 61/1000, Change: 0.3000230, Rating 1: 909.2400.
ranking.algos.rank_fit - INFO - 62/1000, Change: 0.2852827, Rating 1: 909.4800.
ranking.algos.rank_fit - INFO - 63/1000, Change: 0.2698307, Rating 1: 909.7100.
ranking.algos.rank_fit - INFO - 64/1000, Change: 0.2562596, Rating 1: 909.9300.
ranking.algos.rank_fit - INFO - 65/1000, Change: 0.2439191, Rating 1: 910.1400.
ranking.algos.rank_fit - INFO - 66/1000, Change: 0.2318256, Rating 1: 910.3300.
ranking.algos.rank_fit - INFO - 67/1000, Change: 0.2208135, Rating 1: 910.5200.
ranking.algos.rank_fit - INFO - 68/1000, Change: 0.2107581, Rating 1: 910.7000.
ranking.algos.rank_fit - INFO - 69/1000, Change: 0.1997887, Rating 1: 910.8700.
ranking.algos.rank_fit - INFO - 70/1000, Change: 0.1905618, Rating 1: 911.0300.
ranking.algos.rank_fit - INFO - 71/1000, Change: 0.1813075, Rating 1: 911.1900.
ranking.algos.rank_fit - INFO - 72/1000, Change: 0.1738410, Rating 1: 911.3400.
ranking.algos.rank_fit - INFO - 73/1000, Change: 0.1649295, Rating 1: 911.4900.
ranking.algos.rank_fit - INFO - 74/1000, Change: 0.1576443, Rating 1: 911.6300.
ranking.algos.rank_fit - INFO - 75/1000, Change: 0.1496548, Rating 1: 911.7600.
ranking.algos.rank_fit - INFO - 76/1000, Change: 0.1427561, Rating 1: 911.8900.
ranking.algos.rank_fit - INFO - 77/1000, Change: 0.1362047, Rating 1: 912.0100.
ranking.algos.rank_fit - INFO - 78/1000, Change: 0.1307076, Rating 1: 912.1200.
ranking.algos.rank_fit - INFO - 79/1000, Change: 0.1235258, Rating 1: 912.2300.
ranking.algos.rank_fit - INFO - 80/1000, Change: 0.1175394, Rating 1: 912.3400.
ranking.algos.rank_fit - INFO - 81/1000, Change: 0.1128854, Rating 1: 912.4400.
ranking.algos.rank_fit - INFO - 82/1000, Change: 0.1068031, Rating 1: 912.5400.
ranking.algos.rank_fit - INFO - 83/1000, Change: 0.1025704, Rating 1: 912.6300.
ranking.algos.rank_fit - INFO - 84/1000, Change: 0.0972820, Rating 1: 912.7100.
ranking.algos.rank_fit - INFO - 85/1000, Change: 0.0925594, Rating 1: 912.7900.
ranking.algos.rank_fit - INFO - 86/1000, Change: 0.0885418, Rating 1: 912.8700.
ranking.algos.rank_fit - INFO - 87/1000, Change: 0.0851166, Rating 1: 912.9500.
ranking.algos.rank_fit - INFO - 88/1000, Change: 0.0814841, Rating 1: 913.0200.
ranking.algos.rank_fit - INFO - 89/1000, Change: 0.0777263, Rating 1: 913.0900.
ranking.algos.rank_fit - INFO - 90/1000, Change: 0.0741620, Rating 1: 913.1600.
ranking.algos.rank_fit - INFO - 91/1000, Change: 0.0703562, Rating 1: 913.2200.
ranking.algos.rank_fit - INFO - 92/1000, Change: 0.0678233, Rating 1: 913.2800.
ranking.algos.rank_fit - INFO - 93/1000, Change: 0.0640447, Rating 1: 913.3400.
ranking.algos.rank_fit - INFO - 94/1000, Change: 0.0616441, Rating 1: 913.4000.
ranking.algos.rank_fit - INFO - 95/1000, Change: 0.0585603, Rating 1: 913.4500.
ranking.algos.rank_fit - INFO - 96/1000, Change: 0.0558940, Rating 1: 913.5000.
ranking.algos.rank_fit - INFO - 97/1000, Change: 0.0536592, Rating 1: 913.5500.
ranking.algos.rank_fit - INFO - 98/1000, Change: 0.0507869, Rating 1: 913.5900.
ranking.algos.rank_fit - INFO - 99/1000, Change: 0.0489898, Rating 1: 913.6400.
ranking.algos.rank_fit - INFO - 100/1000, Change: 0.0463309, Rating 1: 913.6800.
ranking.algos.rank_fit - INFO - 101/1000, Change: 0.0440024, Rating 1: 913.7200.
ranking.algos.rank_fit - INFO - 102/1000, Change: 0.0426493, Rating 1: 913.7600.
ranking.algos.rank_fit - INFO - 103/1000, Change: 0.0408107, Rating 1: 913.8000.
ranking.algos.rank_fit - INFO - 104/1000, Change: 0.0388188, Rating 1: 913.8300.
ranking.algos.rank_fit - INFO - 105/1000, Change: 0.0374856, Rating 1: 913.8700.
ranking.algos.rank_fit - INFO - 106/1000, Change: 0.0355013, Rating 1: 913.9000.
ranking.algos.rank_fit - INFO - 107/1000, Change: 0.0336052, Rating 1: 913.9300.
ranking.algos.rank_fit - INFO - 108/1000, Change: 0.0315955, Rating 1: 913.9600.
ranking.algos.rank_fit - INFO - 109/1000, Change: 0.0300574, Rating 1: 913.9800.
ranking.algos.rank_fit - INFO - 110/1000, Change: 0.0301147, Rating 1: 914.0100.
ranking.algos.rank_fit - INFO - 111/1000, Change: 0.0281621, Rating 1: 914.0300.
ranking.algos.rank_fit - INFO - 112/1000, Change: 0.0268135, Rating 1: 914.0600.
ranking.algos.rank_fit - INFO - 113/1000, Change: 0.0258310, Rating 1: 914.0800.
ranking.algos.rank_fit - INFO - 114/1000, Change: 0.0243891, Rating 1: 914.1000.
ranking.algos.rank_fit - INFO - 115/1000, Change: 0.0237806, Rating 1: 914.1300.
ranking.algos.rank_fit - INFO - 116/1000, Change: 0.0225144, Rating 1: 914.1500.
ranking.algos.rank_fit - INFO - 117/1000, Change: 0.0220892, Rating 1: 914.1700.
ranking.algos.rank_fit - INFO - 118/1000, Change: 0.0208443, Rating 1: 914.1900.
ranking.algos.rank_fit - INFO - 119/1000, Change: 0.0193872, Rating 1: 914.2100.
ranking.algos.rank_fit - INFO - 120/1000, Change: 0.0188917, Rating 1: 914.2200.
ranking.algos.rank_fit - INFO - 121/1000, Change: 0.0181469, Rating 1: 914.2400.
ranking.algos.rank_fit - INFO - 122/1000, Change: 0.0173205, Rating 1: 914.2500.
ranking.algos.rank_fit - INFO - 123/1000, Change: 0.0166609, Rating 1: 914.2700.
ranking.algos.rank_fit - INFO - 124/1000, Change: 0.0170698, Rating 1: 914.2800.
ranking.algos.rank_fit - INFO - 125/1000, Change: 0.0150287, Rating 1: 914.2900.
ranking.algos.rank_fit - INFO - 126/1000, Change: 0.0137088, Rating 1: 914.3000.
ranking.algos.rank_fit - INFO - 127/1000, Change: 0.0128654, Rating 1: 914.3100.
ranking.algos.rank_fit - INFO - 128/1000, Change: 0.0133907, Rating 1: 914.3300.
ranking.algos.rank_fit - INFO - 129/1000, Change: 0.0117444, Rating 1: 914.3400.
ranking.algos.rank_fit - INFO - 130/1000, Change: 0.0116708, Rating 1: 914.3500.
ranking.algos.rank_fit - INFO - 131/1000, Change: 0.0112188, Rating 1: 914.3600.
ranking.algos.rank_fit - INFO - 132/1000, Change: 0.0112954, Rating 1: 914.3700.
ranking.algos.rank_fit - INFO - 133/1000, Change: 0.0109859, Rating 1: 914.3800.
ranking.algos.rank_fit - INFO - 134/1000, Change: 0.0107479, Rating 1: 914.3900.
ranking.algos.rank_fit - INFO - 135/1000, Change: 0.0103391, Rating 1: 914.4000.
ranking.algos.rank_fit - INFO - 136/1000, Change: 0.0101710, Rating 1: 914.4100.
ranking.algos.rank_fit - INFO - 137/1000, Change: 0.0096490, Rating 1: 914.4200.
ranking.algos.rank_fit - INFO - 138/1000, Change: 0.0095593, Rating 1: 914.4300.
ranking.algos.rank_fit - INFO - 139/1000, Change: 0.0090972, Rating 1: 914.4400.
ranking.algos.rank_fit - INFO - 140/1000, Change: 0.0089056, Rating 1: 914.4400.
ranking.algos.rank_fit - INFO - 141/1000, Change: 0.0088083, Rating 1: 914.4500.
ranking.algos.rank_fit - INFO - 142/1000, Change: 0.0080943, Rating 1: 914.4600.
ranking.algos.rank_fit - INFO - 143/1000, Change: 0.0083045, Rating 1: 914.4700.
ranking.algos.rank_fit - INFO - 144/1000, Change: 0.0080943, Rating 1: 914.4700.
ranking.algos.rank_fit - INFO - 145/1000, Change: 0.0075430, Rating 1: 914.4800.
ranking.algos.rank_fit - INFO - 146/1000, Change: 0.0070711, Rating 1: 914.4800.
ranking.algos.rank_fit - INFO - 147/1000, Change: 0.0075430, Rating 1: 914.4900.
ranking.algos.rank_fit - INFO - 148/1000, Change: 0.0066953, Rating 1: 914.4900.
ranking.algos.rank_fit - INFO - 149/1000, Change: 0.0066953, Rating 1: 914.4900.
ranking.algos.rank_fit - INFO - 150/1000, Change: 0.0065653, Rating 1: 914.5000.
ranking.algos.rank_fit - INFO - 151/1000, Change: 0.0061588, Rating 1: 914.5000.
ranking.algos.rank_fit - INFO - 152/1000, Change: 0.0061588, Rating 1: 914.5100.
ranking.algos.rank_fit - INFO - 153/1000, Change: 0.0061588, Rating 1: 914.5100.
ranking.algos.rank_fit - INFO - 154/1000, Change: 0.0055709, Rating 1: 914.5100.
ranking.algos.rank_fit - INFO - 155/1000, Change: 0.0060172, Rating 1: 914.5100.
ranking.algos.rank_fit - INFO - 156/1000, Change: 0.0050855, Rating 1: 914.5100.
ranking.algos.rank_fit - INFO - 157/1000, Change: 0.0050855, Rating 1: 914.5200.
ranking.algos.rank_fit - INFO - 158/1000, Change: 0.0043549, Rating 1: 914.5200.
ranking.algos.rank_fit - INFO - 159/1000, Change: 0.0050855, Rating 1: 914.5200.
ranking.algos.rank_fit - INFO - 160/1000, Change: 0.0041523, Rating 1: 914.5200.
ranking.algos.rank_fit - INFO - 161/1000, Change: 0.0034740, Rating 1: 914.5300.
ranking.algos.rank_fit - INFO - 162/1000, Change: 0.0034740, Rating 1: 914.5300.
ranking.algos.rank_fit - INFO - 163/1000, Change: 0.0039392, Rating 1: 914.5300.
ranking.algos.rank_fit - INFO - 164/1000, Change: 0.0043549, Rating 1: 914.5300.
ranking.algos.rank_fit - INFO - 165/1000, Change: 0.0045486, Rating 1: 914.5300.
ranking.algos.rank_fit - INFO - 166/1000, Change: 0.0029361, Rating 1: 914.5300.
ranking.algos.rank_fit - INFO - 167/1000, Change: 0.0026261, Rating 1: 914.5300.
ranking.algos.rank_fit - INFO - 168/1000, Change: 0.0018570, Rating 1: 914.5300.
ranking.algos.rank_fit - INFO - 169/1000, Change: 0.0018570, Rating 1: 914.5300.
ranking.algos.rank_fit - INFO - 170/1000, Change: 0.0013131, Rating 1: 914.5300.
ranking.algos.rank_fit - INFO - 171/1000, Change: 0.0000000, Rating 1: 914.5300.
ranking.data_preparation - INFO - RMSE: 253.64, Max Sum Resid: 0.15
ranking.data_preparation - INFO - Output files saved to output_2023_post-eucr.
ranking.data_preparation - INFO - Applying USAU algorithm on the 2023-women-euf dataset.
ranking.games_dataset - INFO - Calculating ratings by USAU.
ranking.algos.rank_fit - INFO - 1/1000, Change: 145.7158255, Rating 1: 266.8600.
ranking.algos.rank_fit - INFO - 2/1000, Change: 71.0334790, Rating 1: 348.2300.
ranking.algos.rank_fit - INFO - 3/1000, Change: 44.1193334, Rating 1: 396.2700.
ranking.algos.rank_fit - INFO - 4/1000, Change: 31.8792421, Rating 1: 444.8900.
ranking.algos.rank_fit - INFO - 5/1000, Change: 23.3654659, Rating 1: 484.7500.
ranking.algos.rank_fit - INFO - 6/1000, Change: 17.6534085, Rating 1: 514.6400.
ranking.algos.rank_fit - INFO - 7/1000, Change: 13.5675183, Rating 1: 537.4900.
ranking.algos.rank_fit - INFO - 8/1000, Change: 10.6132664, Rating 1: 555.1400.
ranking.algos.rank_fit - INFO - 9/1000, Change: 8.4580057, Rating 1: 568.8400.
ranking.algos.rank_fit - INFO - 10/1000, Change: 6.8747223, Rating 1: 579.5300.
ranking.algos.rank_fit - INFO - 11/1000, Change: 5.7054410, Rating 1: 587.9000.
ranking.algos.rank_fit - INFO - 12/1000, Change: 4.8395671, Rating 1: 594.4800.
ranking.algos.rank_fit - INFO - 13/1000, Change: 4.1933884, Rating 1: 599.6700.
ranking.algos.rank_fit - INFO - 14/1000, Change: 3.7072465, Rating 1: 603.8000.
ranking.algos.rank_fit - INFO - 15/1000, Change: 3.3373043, Rating 1: 607.1200.
ranking.algos.rank_fit - INFO - 16/1000, Change: 3.0477664, Rating 1: 609.8000.
ranking.algos.rank_fit - INFO - 17/1000, Change: 2.8212007, Rating 1: 611.9900.
ranking.algos.rank_fit - INFO - 18/1000, Change: 2.6342387, Rating 1: 613.8000.
ranking.algos.rank_fit - INFO - 19/1000, Change: 2.4800840, Rating 1: 615.3100.
ranking.algos.rank_fit - INFO - 20/1000, Change: 2.3470457, Rating 1: 616.5900.
ranking.algos.rank_fit - INFO - 21/1000, Change: 2.2324658, Rating 1: 617.6900.
ranking.algos.rank_fit - INFO - 22/1000, Change: 2.1292056, Rating 1: 618.6500.
ranking.algos.rank_fit - INFO - 23/1000, Change: 2.0372383, Rating 1: 619.5000.
ranking.algos.rank_fit - INFO - 24/1000, Change: 1.9528424, Rating 1: 620.2600.
ranking.algos.rank_fit - INFO - 25/1000, Change: 1.8745239, Rating 1: 620.9500.
ranking.algos.rank_fit - INFO - 26/1000, Change: 1.8017038, Rating 1: 621.5800.
ranking.algos.rank_fit - INFO - 27/1000, Change: 1.7335224, Rating 1: 622.1600.
ranking.algos.rank_fit - INFO - 28/1000, Change: 1.6683205, Rating 1: 622.7000.
ranking.algos.rank_fit - INFO - 29/1000, Change: 1.6062804, Rating 1: 623.2100.
ranking.algos.rank_fit - INFO - 30/1000, Change: 1.5476681, Rating 1: 623.6800.
ranking.algos.rank_fit - INFO - 31/1000, Change: 1.4934133, Rating 1: 624.1300.
ranking.algos.rank_fit - INFO - 32/1000, Change: 1.4393876, Rating 1: 624.5600.
ranking.algos.rank_fit - INFO - 33/1000, Change: 1.3896762, Rating 1: 624.9600.
ranking.algos.rank_fit - INFO - 34/1000, Change: 1.3403830, Rating 1: 625.3500.
ranking.algos.rank_fit - INFO - 35/1000, Change: 1.2940878, Rating 1: 625.7200.
ranking.algos.rank_fit - INFO - 36/1000, Change: 1.2484898, Rating 1: 626.0800.
ranking.algos.rank_fit - INFO - 37/1000, Change: 1.2056769, Rating 1: 626.4200.
ranking.algos.rank_fit - INFO - 38/1000, Change: 1.1637253, Rating 1: 626.7500.
ranking.algos.rank_fit - INFO - 39/1000, Change: 1.1237957, Rating 1: 627.0600.
ranking.algos.rank_fit - INFO - 40/1000, Change: 1.0847903, Rating 1: 627.3600.
ranking.algos.rank_fit - INFO - 41/1000, Change: 1.0475447, Rating 1: 627.6500.
ranking.algos.rank_fit - INFO - 42/1000, Change: 1.0116933, Rating 1: 627.9300.
ranking.algos.rank_fit - INFO - 43/1000, Change: 0.9775650, Rating 1: 628.2000.
ranking.algos.rank_fit - INFO - 44/1000, Change: 0.9435377, Rating 1: 628.4700.
ranking.algos.rank_fit - INFO - 45/1000, Change: 0.9107049, Rating 1: 628.7200.
ranking.algos.rank_fit - INFO - 46/1000, Change: 0.8794373, Rating 1: 628.9700.
ranking.algos.rank_fit - INFO - 47/1000, Change: 0.8498843, Rating 1: 629.2000.
ranking.algos.rank_fit - INFO - 48/1000, Change: 0.8228872, Rating 1: 629.4300.
ranking.algos.rank_fit - INFO - 49/1000, Change: 0.7935763, Rating 1: 629.6500.
ranking.algos.rank_fit - INFO - 50/1000, Change: 0.7657524, Rating 1: 629.8600.
ranking.algos.rank_fit - INFO - 51/1000, Change: 0.7404661, Rating 1: 630.0600.
ranking.algos.rank_fit - INFO - 52/1000, Change: 0.7136502, Rating 1: 630.2600.
ranking.algos.rank_fit - INFO - 53/1000, Change: 0.6906350, Rating 1: 630.4500.
ranking.algos.rank_fit - INFO - 54/1000, Change: 0.6666508, Rating 1: 630.6300.
ranking.algos.rank_fit - INFO - 55/1000, Change: 0.6441014, Rating 1: 630.8100.
ranking.algos.rank_fit - INFO - 56/1000, Change: 0.6215652, Rating 1: 630.9800.
ranking.algos.rank_fit - INFO - 57/1000, Change: 0.6005359, Rating 1: 631.1500.
ranking.algos.rank_fit - INFO - 58/1000, Change: 0.5794739, Rating 1: 631.3100.
ranking.algos.rank_fit - INFO - 59/1000, Change: 0.5603689, Rating 1: 631.4600.
ranking.algos.rank_fit - INFO - 60/1000, Change: 0.5410946, Rating 1: 631.6100.
ranking.algos.rank_fit - INFO - 61/1000, Change: 0.5220441, Rating 1: 631.7500.
ranking.algos.rank_fit - INFO - 62/1000, Change: 0.5043445, Rating 1: 631.8900.
ranking.algos.rank_fit - INFO - 63/1000, Change: 0.4874833, Rating 1: 632.0200.
ranking.algos.rank_fit - INFO - 64/1000, Change: 0.4710131, Rating 1: 632.1500.
ranking.algos.rank_fit - INFO - 65/1000, Change: 0.4560154, Rating 1: 632.2800.
ranking.algos.rank_fit - INFO - 66/1000, Change: 0.4398826, Rating 1: 632.4000.
ranking.algos.rank_fit - INFO - 67/1000, Change: 0.4245900, Rating 1: 632.5200.
ranking.algos.rank_fit - INFO - 68/1000, Change: 0.4103941, Rating 1: 632.6300.
ranking.algos.rank_fit - INFO - 69/1000, Change: 0.3969719, Rating 1: 632.7400.
ranking.algos.rank_fit - INFO - 70/1000, Change: 0.3832058, Rating 1: 632.8500.
ranking.algos.rank_fit - INFO - 71/1000, Change: 0.3701486, Rating 1: 632.9500.
ranking.algos.rank_fit - INFO - 72/1000, Change: 0.3572487, Rating 1: 633.0500.
ranking.algos.rank_fit - INFO - 73/1000, Change: 0.3454996, Rating 1: 633.1500.
ranking.algos.rank_fit - INFO - 74/1000, Change: 0.3340559, Rating 1: 633.2400.
ranking.algos.rank_fit - INFO - 75/1000, Change: 0.3228054, Rating 1: 633.3300.
ranking.algos.rank_fit - INFO - 76/1000, Change: 0.3110413, Rating 1: 633.4100.
ranking.algos.rank_fit - INFO - 77/1000, Change: 0.3004386, Rating 1: 633.4900.
ranking.algos.rank_fit - INFO - 78/1000, Change: 0.2908665, Rating 1: 633.5700.
ranking.algos.rank_fit - INFO - 79/1000, Change: 0.2798095, Rating 1: 633.6500.
ranking.algos.rank_fit - INFO - 80/1000, Change: 0.2699506, Rating 1: 633.7200.
ranking.algos.rank_fit - INFO - 81/1000, Change: 0.2615403, Rating 1: 633.7900.
ranking.algos.rank_fit - INFO - 82/1000, Change: 0.2535810, Rating 1: 633.8600.
ranking.algos.rank_fit - INFO - 83/1000, Change: 0.2435433, Rating 1: 633.9300.
ranking.algos.rank_fit - INFO - 84/1000, Change: 0.2359873, Rating 1: 633.9900.
ranking.algos.rank_fit - INFO - 85/1000, Change: 0.2279254, Rating 1: 634.0600.
ranking.algos.rank_fit - INFO - 86/1000, Change: 0.2190282, Rating 1: 634.1200.
ranking.algos.rank_fit - INFO - 87/1000, Change: 0.2123048, Rating 1: 634.1800.
ranking.algos.rank_fit - INFO - 88/1000, Change: 0.2039853, Rating 1: 634.2300.
ranking.algos.rank_fit - INFO - 89/1000, Change: 0.1978973, Rating 1: 634.2900.
ranking.algos.rank_fit - INFO - 90/1000, Change: 0.1900351, Rating 1: 634.3400.
ranking.algos.rank_fit - INFO - 91/1000, Change: 0.1844993, Rating 1: 634.3900.
ranking.algos.rank_fit - INFO - 92/1000, Change: 0.1816407, Rating 1: 634.4400.
ranking.algos.rank_fit - INFO - 93/1000, Change: 0.1760303, Rating 1: 634.4900.
ranking.algos.rank_fit - INFO - 94/1000, Change: 0.1707044, Rating 1: 634.5300.
ranking.algos.rank_fit - INFO - 95/1000, Change: 0.1651262, Rating 1: 634.5700.
ranking.algos.rank_fit - INFO - 96/1000, Change: 0.1596246, Rating 1: 634.6100.
ranking.algos.rank_fit - INFO - 97/1000, Change: 0.1539589, Rating 1: 634.6600.
ranking.algos.rank_fit - INFO - 98/1000, Change: 0.1502332, Rating 1: 634.7000.
ranking.algos.rank_fit - INFO - 99/1000, Change: 0.1445683, Rating 1: 634.7400.
ranking.algos.rank_fit - INFO - 100/1000, Change: 0.1402735, Rating 1: 634.7800.
ranking.algos.rank_fit - INFO - 101/1000, Change: 0.1354006, Rating 1: 634.8200.
ranking.algos.rank_fit - INFO - 102/1000, Change: 0.1310343, Rating 1: 634.8600.
ranking.algos.rank_fit - INFO - 103/1000, Change: 0.1278802, Rating 1: 634.9000.
ranking.algos.rank_fit - INFO - 104/1000, Change: 0.1228414, Rating 1: 634.9300.
ranking.algos.rank_fit - INFO - 105/1000, Change: 0.1191917, Rating 1: 634.9700.
ranking.algos.rank_fit - INFO - 106/1000, Change: 0.1150507, Rating 1: 635.0000.
ranking.algos.rank_fit - INFO - 107/1000, Change: 0.1122349, Rating 1: 635.0300.
ranking.algos.rank_fit - INFO - 108/1000, Change: 0.1079506, Rating 1: 635.0600.
ranking.algos.rank_fit - INFO - 109/1000, Change: 0.1049285, Rating 1: 635.0900.
ranking.algos.rank_fit - INFO - 110/1000, Change: 0.1010445, Rating 1: 635.1200.
ranking.algos.rank_fit - INFO - 111/1000, Change: 0.0982683, Rating 1: 635.1500.
ranking.algos.rank_fit - INFO - 112/1000, Change: 0.0952190, Rating 1: 635.1800.
ranking.algos.rank_fit - INFO - 113/1000, Change: 0.0914148, Rating 1: 635.2000.
ranking.algos.rank_fit - INFO - 114/1000, Change: 0.0883742, Rating 1: 635.2300.
ranking.algos.rank_fit - INFO - 115/1000, Change: 0.0852447, Rating 1: 635.2500.
ranking.algos.rank_fit - INFO - 116/1000, Change: 0.0843998, Rating 1: 635.2700.
ranking.algos.rank_fit - INFO - 117/1000, Change: 0.0805398, Rating 1: 635.3000.
ranking.algos.rank_fit - INFO - 118/1000, Change: 0.0786342, Rating 1: 635.3200.
ranking.algos.rank_fit - INFO - 119/1000, Change: 0.0755645, Rating 1: 635.3400.
ranking.algos.rank_fit - INFO - 120/1000, Change: 0.0724109, Rating 1: 635.3600.
ranking.algos.rank_fit - INFO - 121/1000, Change: 0.0711337, Rating 1: 635.3800.
ranking.algos.rank_fit - INFO - 122/1000, Change: 0.0688477, Rating 1: 635.4000.
ranking.algos.rank_fit - INFO - 123/1000, Change: 0.0664329, Rating 1: 635.4200.
ranking.algos.rank_fit - INFO - 124/1000, Change: 0.0637704, Rating 1: 635.4400.
ranking.algos.rank_fit - INFO - 125/1000, Change: 0.0618870, Rating 1: 635.4600.
ranking.algos.rank_fit - INFO - 126/1000, Change: 0.0603324, Rating 1: 635.4800.
ranking.algos.rank_fit - INFO - 127/1000, Change: 0.0578216, Rating 1: 635.5000.
ranking.algos.rank_fit - INFO - 128/1000, Change: 0.0565096, Rating 1: 635.5100.
ranking.algos.rank_fit - INFO - 129/1000, Change: 0.0545588, Rating 1: 635.5200.
ranking.algos.rank_fit - INFO - 130/1000, Change: 0.0527889, Rating 1: 635.5400.
ranking.algos.rank_fit - INFO - 131/1000, Change: 0.0504975, Rating 1: 635.5500.
ranking.algos.rank_fit - INFO - 132/1000, Change: 0.0491935, Rating 1: 635.5600.
ranking.algos.rank_fit - INFO - 133/1000, Change: 0.0478888, Rating 1: 635.5800.
ranking.algos.rank_fit - INFO - 134/1000, Change: 0.0460072, Rating 1: 635.5900.
ranking.algos.rank_fit - INFO - 135/1000, Change: 0.0444222, Rating 1: 635.6000.
ranking.algos.rank_fit - INFO - 136/1000, Change: 0.0431663, Rating 1: 635.6200.
ranking.algos.rank_fit - INFO - 137/1000, Change: 0.0415933, Rating 1: 635.6300.
ranking.algos.rank_fit - INFO - 138/1000, Change: 0.0413521, Rating 1: 635.6400.
ranking.algos.rank_fit - INFO - 139/1000, Change: 0.0398748, Rating 1: 635.6500.
ranking.algos.rank_fit - INFO - 140/1000, Change: 0.0376829, Rating 1: 635.6600.
ranking.algos.rank_fit - INFO - 141/1000, Change: 0.0369233, Rating 1: 635.6700.
ranking.algos.rank_fit - INFO - 142/1000, Change: 0.0359629, Rating 1: 635.6800.
ranking.algos.rank_fit - INFO - 143/1000, Change: 0.0347371, Rating 1: 635.6900.
ranking.algos.rank_fit - INFO - 144/1000, Change: 0.0327109, Rating 1: 635.7000.
ranking.algos.rank_fit - INFO - 145/1000, Change: 0.0325576, Rating 1: 635.7100.
ranking.algos.rank_fit - INFO - 146/1000, Change: 0.0311983, Rating 1: 635.7200.
ranking.algos.rank_fit - INFO - 147/1000, Change: 0.0301109, Rating 1: 635.7300.
ranking.algos.rank_fit - INFO - 148/1000, Change: 0.0299444, Rating 1: 635.7400.
ranking.algos.rank_fit - INFO - 149/1000, Change: 0.0282253, Rating 1: 635.7500.
ranking.algos.rank_fit - INFO - 150/1000, Change: 0.0280476, Rating 1: 635.7600.
ranking.algos.rank_fit - INFO - 151/1000, Change: 0.0279285, Rating 1: 635.7700.
ranking.algos.rank_fit - INFO - 152/1000, Change: 0.0265832, Rating 1: 635.7800.
ranking.algos.rank_fit - INFO - 153/1000, Change: 0.0253640, Rating 1: 635.7800.
ranking.algos.rank_fit - INFO - 154/1000, Change: 0.0250998, Rating 1: 635.7900.
ranking.algos.rank_fit - INFO - 155/1000, Change: 0.0237346, Rating 1: 635.8000.
ranking.algos.rank_fit - INFO - 156/1000, Change: 0.0235938, Rating 1: 635.8000.
ranking.algos.rank_fit - INFO - 157/1000, Change: 0.0211345, Rating 1: 635.8100.
ranking.algos.rank_fit - INFO - 158/1000, Change: 0.0208966, Rating 1: 635.8100.
ranking.algos.rank_fit - INFO - 159/1000, Change: 0.0202485, Rating 1: 635.8200.
ranking.algos.rank_fit - INFO - 160/1000, Change: 0.0199165, Rating 1: 635.8200.
ranking.algos.rank_fit - INFO - 161/1000, Change: 0.0193218, Rating 1: 635.8200.
ranking.algos.rank_fit - INFO - 162/1000, Change: 0.0194936, Rating 1: 635.8300.
ranking.algos.rank_fit - INFO - 163/1000, Change: 0.0167332, Rating 1: 635.8300.
ranking.algos.rank_fit - INFO - 164/1000, Change: 0.0173205, Rating 1: 635.8400.
ranking.algos.rank_fit - INFO - 165/1000, Change: 0.0169312, Rating 1: 635.8400.
ranking.algos.rank_fit - INFO - 166/1000, Change: 0.0169312, Rating 1: 635.8500.
ranking.algos.rank_fit - INFO - 167/1000, Change: 0.0163299, Rating 1: 635.8500.
ranking.algos.rank_fit - INFO - 168/1000, Change: 0.0158114, Rating 1: 635.8600.
ranking.algos.rank_fit - INFO - 169/1000, Change: 0.0153840, Rating 1: 635.8600.
ranking.algos.rank_fit - INFO - 170/1000, Change: 0.0140238, Rating 1: 635.8600.
ranking.algos.rank_fit - INFO - 171/1000, Change: 0.0139044, Rating 1: 635.8700.
ranking.algos.rank_fit - INFO - 172/1000, Change: 0.0139044, Rating 1: 635.8700.
ranking.algos.rank_fit - INFO - 173/1000, Change: 0.0143759, Rating 1: 635.8700.
ranking.algos.rank_fit - INFO - 174/1000, Change: 0.0131656, Rating 1: 635.8800.
ranking.algos.rank_fit - INFO - 175/1000, Change: 0.0129099, Rating 1: 635.8800.
ranking.algos.rank_fit - INFO - 176/1000, Change: 0.0123828, Rating 1: 635.8900.
ranking.algos.rank_fit - INFO - 177/1000, Change: 0.0130384, Rating 1: 635.8900.
ranking.algos.rank_fit - INFO - 178/1000, Change: 0.0123828, Rating 1: 635.9000.
ranking.algos.rank_fit - INFO - 179/1000, Change: 0.0129099, Rating 1: 635.9000.
ranking.algos.rank_fit - INFO - 180/1000, Change: 0.0116905, Rating 1: 635.9100.
ranking.algos.rank_fit - INFO - 181/1000, Change: 0.0118322, Rating 1: 635.9100.
ranking.algos.rank_fit - INFO - 182/1000, Change: 0.0115470, Rating 1: 635.9100.
ranking.algos.rank_fit - INFO - 183/1000, Change: 0.0112546, Rating 1: 635.9100.
ranking.algos.rank_fit - INFO - 184/1000, Change: 0.0100000, Rating 1: 635.9100.
ranking.algos.rank_fit - INFO - 185/1000, Change: 0.0100000, Rating 1: 635.9200.
ranking.algos.rank_fit - INFO - 186/1000, Change: 0.0103280, Rating 1: 635.9200.
ranking.algos.rank_fit - INFO - 187/1000, Change: 0.0093095, Rating 1: 635.9200.
ranking.algos.rank_fit - INFO - 188/1000, Change: 0.0085635, Rating 1: 635.9300.
ranking.algos.rank_fit - INFO - 189/1000, Change: 0.0085635, Rating 1: 635.9300.
ranking.algos.rank_fit - INFO - 190/1000, Change: 0.0075277, Rating 1: 635.9300.
ranking.algos.rank_fit - INFO - 191/1000, Change: 0.0081650, Rating 1: 635.9300.
ranking.algos.rank_fit - INFO - 192/1000, Change: 0.0073030, Rating 1: 635.9400.
ranking.algos.rank_fit - INFO - 193/1000, Change: 0.0079582, Rating 1: 635.9400.
ranking.algos.rank_fit - INFO - 194/1000, Change: 0.0073030, Rating 1: 635.9400.
ranking.algos.rank_fit - INFO - 195/1000, Change: 0.0065828, Rating 1: 635.9400.
ranking.algos.rank_fit - INFO - 196/1000, Change: 0.0079582, Rating 1: 635.9400.
ranking.algos.rank_fit - INFO - 197/1000, Change: 0.0065828, Rating 1: 635.9400.
ranking.algos.rank_fit - INFO - 198/1000, Change: 0.0063246, Rating 1: 635.9500.
ranking.algos.rank_fit - INFO - 199/1000, Change: 0.0065828, Rating 1: 635.9500.
ranking.algos.rank_fit - INFO - 200/1000, Change: 0.0070711, Rating 1: 635.9500.
ranking.algos.rank_fit - INFO - 201/1000, Change: 0.0060553, Rating 1: 635.9500.
ranking.algos.rank_fit - INFO - 202/1000, Change: 0.0057735, Rating 1: 635.9500.
ranking.algos.rank_fit - INFO - 203/1000, Change: 0.0057735, Rating 1: 635.9500.
ranking.algos.rank_fit - INFO - 204/1000, Change: 0.0060553, Rating 1: 635.9500.
ranking.algos.rank_fit - INFO - 205/1000, Change: 0.0068313, Rating 1: 635.9500.
ranking.algos.rank_fit - INFO - 206/1000, Change: 0.0051640, Rating 1: 635.9500.
ranking.algos.rank_fit - INFO - 207/1000, Change: 0.0057735, Rating 1: 635.9500.
ranking.algos.rank_fit - INFO - 208/1000, Change: 0.0054772, Rating 1: 635.9500.
ranking.algos.rank_fit - INFO - 209/1000, Change: 0.0044721, Rating 1: 635.9500.
ranking.algos.rank_fit - INFO - 210/1000, Change: 0.0048305, Rating 1: 635.9500.
ranking.algos.rank_fit - INFO - 211/1000, Change: 0.0048305, Rating 1: 635.9500.
ranking.algos.rank_fit - INFO - 212/1000, Change: 0.0048305, Rating 1: 635.9500.
ranking.algos.rank_fit - INFO - 213/1000, Change: 0.0051640, Rating 1: 635.9500.
ranking.algos.rank_fit - INFO - 214/1000, Change: 0.0044721, Rating 1: 635.9500.
ranking.algos.rank_fit - INFO - 215/1000, Change: 0.0044721, Rating 1: 635.9500.
ranking.algos.rank_fit - INFO - 216/1000, Change: 0.0051640, Rating 1: 635.9500.
ranking.algos.rank_fit - INFO - 217/1000, Change: 0.0036515, Rating 1: 635.9500.
ranking.algos.rank_fit - INFO - 218/1000, Change: 0.0044721, Rating 1: 635.9500.
ranking.algos.rank_fit - INFO - 219/1000, Change: 0.0040825, Rating 1: 635.9500.
ranking.algos.rank_fit - INFO - 220/1000, Change: 0.0040825, Rating 1: 635.9500.
ranking.algos.rank_fit - INFO - 221/1000, Change: 0.0036515, Rating 1: 635.9500.
ranking.algos.rank_fit - INFO - 222/1000, Change: 0.0036515, Rating 1: 635.9500.
ranking.algos.rank_fit - INFO - 223/1000, Change: 0.0044721, Rating 1: 635.9500.
ranking.algos.rank_fit - INFO - 224/1000, Change: 0.0031623, Rating 1: 635.9500.
ranking.algos.rank_fit - INFO - 225/1000, Change: 0.0036515, Rating 1: 635.9500.
ranking.algos.rank_fit - INFO - 226/1000, Change: 0.0025820, Rating 1: 635.9500.
ranking.algos.rank_fit - INFO - 227/1000, Change: 0.0036515, Rating 1: 635.9500.
ranking.algos.rank_fit - INFO - 228/1000, Change: 0.0031623, Rating 1: 635.9500.
ranking.algos.rank_fit - INFO - 229/1000, Change: 0.0036515, Rating 1: 635.9400.
ranking.algos.rank_fit - INFO - 230/1000, Change: 0.0036515, Rating 1: 635.9400.
ranking.algos.rank_fit - INFO - 231/1000, Change: 0.0025820, Rating 1: 635.9400.
ranking.algos.rank_fit - INFO - 232/1000, Change: 0.0031623, Rating 1: 635.9400.
ranking.algos.rank_fit - INFO - 233/1000, Change: 0.0036515, Rating 1: 635.9400.
ranking.algos.rank_fit - INFO - 234/1000, Change: 0.0036515, Rating 1: 635.9400.
ranking.algos.rank_fit - INFO - 235/1000, Change: 0.0031623, Rating 1: 635.9400.
ranking.algos.rank_fit - INFO - 236/1000, Change: 0.0031623, Rating 1: 635.9400.
ranking.algos.rank_fit - INFO - 237/1000, Change: 0.0018257, Rating 1: 635.9400.
ranking.algos.rank_fit - INFO - 238/1000, Change: 0.0025820, Rating 1: 635.9400.
ranking.algos.rank_fit - INFO - 239/1000, Change: 0.0025820, Rating 1: 635.9400.
ranking.algos.rank_fit - INFO - 240/1000, Change: 0.0031623, Rating 1: 635.9400.
ranking.algos.rank_fit - INFO - 241/1000, Change: 0.0031623, Rating 1: 635.9400.
ranking.algos.rank_fit - INFO - 242/1000, Change: 0.0025820, Rating 1: 635.9400.
ranking.algos.rank_fit - INFO - 243/1000, Change: 0.0025820, Rating 1: 635.9400.
ranking.algos.rank_fit - INFO - 244/1000, Change: 0.0025820, Rating 1: 635.9400.
ranking.algos.rank_fit - INFO - 245/1000, Change: 0.0031623, Rating 1: 635.9400.
ranking.algos.rank_fit - INFO - 246/1000, Change: 0.0018257, Rating 1: 635.9400.
ranking.algos.rank_fit - INFO - 247/1000, Change: 0.0018257, Rating 1: 635.9400.
ranking.algos.rank_fit - INFO - 248/1000, Change: 0.0000000, Rating 1: 635.9400.
ranking.data_preparation - INFO - RMSE: 257.04, Max Sum Resid: 0.12
ranking.data_preparation - INFO - Output files saved to output_2023_post-eucr.
