ranking.data_preparation - INFO - Applying USAU algorithm on the 2024-mixed-euf dataset.
ranking.games_dataset - INFO - Calculating ratings by USAU.
ranking.algos.rank_fit - INFO - 1/1000, Change: 123.2954281, Rating 1: 260.9500.
ranking.algos.rank_fit - INFO - 2/1000, Change: 70.6386700, Rating 1: 418.1000.
ranking.algos.rank_fit - INFO - 3/1000, Change: 45.2661333, Rating 1: 536.1400.
ranking.algos.rank_fit - INFO - 4/1000, Change: 32.0205824, Rating 1: 613.3300.
ranking.algos.rank_fit - INFO - 5/1000, Change: 23.2184863, Rating 1: 665.5600.
ranking.algos.rank_fit - INFO - 6/1000, Change: 16.3831310, Rating 1: 701.1600.
ranking.algos.rank_fit - INFO - 7/1000, Change: 12.1200103, Rating 1: 725.4000.
ranking.algos.rank_fit - INFO - 8/1000, Change: 9.1159581, Rating 1: 742.2200.
ranking.algos.rank_fit - INFO - 9/1000, Change: 7.0780194, Rating 1: 753.8200.
ranking.algos.rank_fit - INFO - 10/1000, Change: 5.6839058, Rating 1: 761.7400.
ranking.algos.rank_fit - INFO - 11/1000, Change: 4.7180056, Rating 1: 767.0500.
ranking.algos.rank_fit - INFO - 12/1000, Change: 4.0340649, Rating 1: 770.5400.
ranking.algos.rank_fit - INFO - 13/1000, Change: 3.5283724, Rating 1: 772.7400.
ranking.algos.rank_fit - INFO - 14/1000, Change: 3.1399148, Rating 1: 774.0500.
ranking.algos.rank_fit - INFO - 15/1000, Change: 2.8383503, Rating 1: 774.7400.
ranking.algos.rank_fit - INFO - 16/1000, Change: 2.5888568, Rating 1: 775.0300.
ranking.algos.rank_fit - INFO - 17/1000, Change: 2.3774504, Rating 1: 775.0400.
ranking.algos.rank_fit - INFO - 18/1000, Change: 2.1910419, Rating 1: 774.8600.
ranking.algos.rank_fit - INFO - 19/1000, Change: 2.0262549, Rating 1: 774.5500.
ranking.algos.rank_fit - INFO - 20/1000, Change: 1.8793945, Rating 1: 774.1600.
ranking.algos.rank_fit - INFO - 21/1000, Change: 1.7479408, Rating 1: 773.7200.
ranking.algos.rank_fit - INFO - 22/1000, Change: 1.6284032, Rating 1: 773.2400.
ranking.algos.rank_fit - INFO - 23/1000, Change: 1.5211170, Rating 1: 772.7400.
ranking.algos.rank_fit - INFO - 24/1000, Change: 1.4231056, Rating 1: 772.2300.
ranking.algos.rank_fit - INFO - 25/1000, Change: 1.3348133, Rating 1: 771.7200.
ranking.algos.rank_fit - INFO - 26/1000, Change: 1.2553111, Rating 1: 771.2200.
ranking.algos.rank_fit - INFO - 27/1000, Change: 1.1816452, Rating 1: 770.7200.
ranking.algos.rank_fit - INFO - 28/1000, Change: 1.1140533, Rating 1: 770.2300.
ranking.algos.rank_fit - INFO - 29/1000, Change: 1.0533909, Rating 1: 769.7500.
ranking.algos.rank_fit - INFO - 30/1000, Change: 0.9971636, Rating 1: 769.2700.
ranking.algos.rank_fit - INFO - 31/1000, Change: 0.9462698, Rating 1: 768.8100.
ranking.algos.rank_fit - INFO - 32/1000, Change: 0.8996601, Rating 1: 768.3600.
ranking.algos.rank_fit - INFO - 33/1000, Change: 0.8566127, Rating 1: 767.9200.
ranking.algos.rank_fit - INFO - 34/1000, Change: 0.8171093, Rating 1: 767.4900.
ranking.algos.rank_fit - INFO - 35/1000, Change: 0.7795549, Rating 1: 767.0700.
ranking.algos.rank_fit - INFO - 36/1000, Change: 0.7462199, Rating 1: 766.6600.
ranking.algos.rank_fit - INFO - 37/1000, Change: 0.7138586, Rating 1: 766.2600.
ranking.algos.rank_fit - INFO - 38/1000, Change: 0.6846790, Rating 1: 765.8800.
ranking.algos.rank_fit - INFO - 39/1000, Change: 0.6573991, Rating 1: 765.5000.
ranking.algos.rank_fit - INFO - 40/1000, Change: 0.6310985, Rating 1: 765.1300.
ranking.algos.rank_fit - INFO - 41/1000, Change: 0.6069160, Rating 1: 764.7700.
ranking.algos.rank_fit - INFO - 42/1000, Change: 0.5849635, Rating 1: 764.4200.
ranking.algos.rank_fit - INFO - 43/1000, Change: 0.5637245, Rating 1: 764.0800.
ranking.algos.rank_fit - INFO - 44/1000, Change: 0.5428249, Rating 1: 763.7500.
ranking.algos.rank_fit - INFO - 45/1000, Change: 0.5247072, Rating 1: 763.4300.
ranking.algos.rank_fit - INFO - 46/1000, Change: 0.5061155, Rating 1: 763.1200.
ranking.algos.rank_fit - INFO - 47/1000, Change: 0.4898469, Rating 1: 762.8100.
ranking.algos.rank_fit - INFO - 48/1000, Change: 0.4733019, Rating 1: 762.5100.
ranking.algos.rank_fit - INFO - 49/1000, Change: 0.4591136, Rating 1: 762.2200.
ranking.algos.rank_fit - INFO - 50/1000, Change: 0.4441681, Rating 1: 761.9300.
ranking.algos.rank_fit - INFO - 51/1000, Change: 0.4306493, Rating 1: 761.6600.
ranking.algos.rank_fit - INFO - 52/1000, Change: 0.4161342, Rating 1: 761.3900.
ranking.algos.rank_fit - INFO - 53/1000, Change: 0.4034119, Rating 1: 761.1300.
ranking.algos.rank_fit - INFO - 54/1000, Change: 0.3908400, Rating 1: 760.8700.
ranking.algos.rank_fit - INFO - 55/1000, Change: 0.3795431, Rating 1: 760.6200.
ranking.algos.rank_fit - INFO - 56/1000, Change: 0.3682191, Rating 1: 760.3700.
ranking.algos.rank_fit - INFO - 57/1000, Change: 0.3578736, Rating 1: 760.1300.
ranking.algos.rank_fit - INFO - 58/1000, Change: 0.3475460, Rating 1: 759.9000.
ranking.algos.rank_fit - INFO - 59/1000, Change: 0.3376040, Rating 1: 759.6800.
ranking.algos.rank_fit - INFO - 60/1000, Change: 0.3279033, Rating 1: 759.4600.
ranking.algos.rank_fit - INFO - 61/1000, Change: 0.3186045, Rating 1: 759.2500.
ranking.algos.rank_fit - INFO - 62/1000, Change: 0.3094682, Rating 1: 759.0400.
ranking.algos.rank_fit - INFO - 63/1000, Change: 0.2993621, Rating 1: 758.8400.
ranking.algos.rank_fit - INFO - 64/1000, Change: 0.2918047, Rating 1: 758.6400.
ranking.algos.rank_fit - INFO - 65/1000, Change: 0.2830870, Rating 1: 758.4500.
ranking.algos.rank_fit - INFO - 66/1000, Change: 0.2753394, Rating 1: 758.2600.
ranking.algos.rank_fit - INFO - 67/1000, Change: 0.2683556, Rating 1: 758.0700.
ranking.algos.rank_fit - INFO - 68/1000, Change: 0.2603730, Rating 1: 757.8900.
ranking.algos.rank_fit - INFO - 69/1000, Change: 0.2537368, Rating 1: 757.7200.
ranking.algos.rank_fit - INFO - 70/1000, Change: 0.2466541, Rating 1: 757.5500.
ranking.algos.rank_fit - INFO - 71/1000, Change: 0.2397057, Rating 1: 757.3800.
ranking.algos.rank_fit - INFO - 72/1000, Change: 0.2330993, Rating 1: 757.2200.
ranking.algos.rank_fit - INFO - 73/1000, Change: 0.2263456, Rating 1: 757.0700.
ranking.algos.rank_fit - INFO - 74/1000, Change: 0.2214723, Rating 1: 756.9200.
ranking.algos.rank_fit - INFO - 75/1000, Change: 0.2138650, Rating 1: 756.7700.
ranking.algos.rank_fit - INFO - 76/1000, Change: 0.2087498, Rating 1: 756.6200.
ranking.algos.rank_fit - INFO - 77/1000, Change: 0.2030865, Rating 1: 756.4800.
ranking.algos.rank_fit - INFO - 78/1000, Change: 0.1981755, Rating 1: 756.3400.
ranking.algos.rank_fit - INFO - 79/1000, Change: 0.1917106, Rating 1: 756.2100.
ranking.algos.rank_fit - INFO - 80/1000, Change: 0.1867997, Rating 1: 756.0800.
ranking.algos.rank_fit - INFO - 81/1000, Change: 0.1818775, Rating 1: 755.9500.
ranking.algos.rank_fit - INFO - 82/1000, Change: 0.1764103, Rating 1: 755.8300.
ranking.algos.rank_fit - INFO - 83/1000, Change: 0.1728056, Rating 1: 755.7100.
ranking.algos.rank_fit - INFO - 84/1000, Change: 0.1681386, Rating 1: 755.5900.
ranking.algos.rank_fit - INFO - 85/1000, Change: 0.1629688, Rating 1: 755.4800.
ranking.algos.rank_fit - INFO - 86/1000, Change: 0.1581139, Rating 1: 755.3700.
ranking.algos.rank_fit - INFO - 87/1000, Change: 0.1546913, Rating 1: 755.2600.
ranking.algos.rank_fit - INFO - 88/1000, Change: 0.1506554, Rating 1: 755.1500.
ranking.algos.rank_fit - INFO - 89/1000, Change: 0.1461466, Rating 1: 755.0500.
ranking.algos.rank_fit - INFO - 90/1000, Change: 0.1429315, Rating 1: 754.9500.
ranking.algos.rank_fit - INFO - 91/1000, Change: 0.1393156, Rating 1: 754.8500.
ranking.algos.rank_fit - INFO - 92/1000, Change: 0.1339117, Rating 1: 754.7600.
ranking.algos.rank_fit - INFO - 93/1000, Change: 0.1304968, Rating 1: 754.6700.
ranking.algos.rank_fit - INFO - 94/1000, Change: 0.1284523, Rating 1: 754.5800.
ranking.algos.rank_fit - INFO - 95/1000, Change: 0.1245108, Rating 1: 754.4900.
ranking.algos.rank_fit - INFO - 96/1000, Change: 0.1213163, Rating 1: 754.4000.
ranking.algos.rank_fit - INFO - 97/1000, Change: 0.1179731, Rating 1: 754.3200.
ranking.algos.rank_fit - INFO - 98/1000, Change: 0.1152619, Rating 1: 754.2400.
ranking.algos.rank_fit - INFO - 99/1000, Change: 0.1111570, Rating 1: 754.1600.
ranking.algos.rank_fit - INFO - 100/1000, Change: 0.1092488, Rating 1: 754.0900.
ranking.algos.rank_fit - INFO - 101/1000, Change: 0.1052867, Rating 1: 754.0100.
ranking.algos.rank_fit - INFO - 102/1000, Change: 0.1034692, Rating 1: 753.9400.
ranking.algos.rank_fit - INFO - 103/1000, Change: 0.1006888, Rating 1: 753.8700.
ranking.algos.rank_fit - INFO - 104/1000, Change: 0.0976940, Rating 1: 753.8000.
ranking.algos.rank_fit - INFO - 105/1000, Change: 0.0951933, Rating 1: 753.7300.
ranking.algos.rank_fit - INFO - 106/1000, Change: 0.0930370, Rating 1: 753.6700.
ranking.algos.rank_fit - INFO - 107/1000, Change: 0.0900000, Rating 1: 753.6000.
ranking.algos.rank_fit - INFO - 108/1000, Change: 0.0880174, Rating 1: 753.5400.
ranking.algos.rank_fit - INFO - 109/1000, Change: 0.0850605, Rating 1: 753.4800.
ranking.algos.rank_fit - INFO - 110/1000, Change: 0.0833843, Rating 1: 753.4200.
ranking.algos.rank_fit - INFO - 111/1000, Change: 0.0814031, Rating 1: 753.3700.
ranking.algos.rank_fit - INFO - 112/1000, Change: 0.0789453, Rating 1: 753.3100.
ranking.algos.rank_fit - INFO - 113/1000, Change: 0.0775735, Rating 1: 753.2600.
ranking.algos.rank_fit - INFO - 114/1000, Change: 0.0741025, Rating 1: 753.2100.
ranking.algos.rank_fit - INFO - 115/1000, Change: 0.0740429, Rating 1: 753.1600.
ranking.algos.rank_fit - INFO - 116/1000, Change: 0.0698949, Rating 1: 753.1100.
ranking.algos.rank_fit - INFO - 117/1000, Change: 0.0681693, Rating 1: 753.0600.
ranking.algos.rank_fit - INFO - 118/1000, Change: 0.0665096, Rating 1: 753.0100.
ranking.algos.rank_fit - INFO - 119/1000, Change: 0.0659768, Rating 1: 752.9600.
ranking.algos.rank_fit - INFO - 120/1000, Change: 0.0643977, Rating 1: 752.9200.
ranking.algos.rank_fit - INFO - 121/1000, Change: 0.0619772, Rating 1: 752.8700.
ranking.algos.rank_fit - INFO - 122/1000, Change: 0.0593841, Rating 1: 752.8300.
ranking.algos.rank_fit - INFO - 123/1000, Change: 0.0592353, Rating 1: 752.7900.
ranking.algos.rank_fit - INFO - 124/1000, Change: 0.0578538, Rating 1: 752.7500.
ranking.algos.rank_fit - INFO - 125/1000, Change: 0.0554924, Rating 1: 752.7100.
ranking.algos.rank_fit - INFO - 126/1000, Change: 0.0536053, Rating 1: 752.6700.
ranking.algos.rank_fit - INFO - 127/1000, Change: 0.0536327, Rating 1: 752.6300.
ranking.algos.rank_fit - INFO - 128/1000, Change: 0.0520464, Rating 1: 752.5900.
ranking.algos.rank_fit - INFO - 129/1000, Change: 0.0501468, Rating 1: 752.5600.
ranking.algos.rank_fit - INFO - 130/1000, Change: 0.0490798, Rating 1: 752.5200.
ranking.algos.rank_fit - INFO - 131/1000, Change: 0.0478047, Rating 1: 752.4900.
ranking.algos.rank_fit - INFO - 132/1000, Change: 0.0455037, Rating 1: 752.4600.
ranking.algos.rank_fit - INFO - 133/1000, Change: 0.0444575, Rating 1: 752.4300.
ranking.algos.rank_fit - INFO - 134/1000, Change: 0.0434200, Rating 1: 752.4000.
ranking.algos.rank_fit - INFO - 135/1000, Change: 0.0428746, Rating 1: 752.3700.
ranking.algos.rank_fit - INFO - 136/1000, Change: 0.0423223, Rating 1: 752.3400.
ranking.algos.rank_fit - INFO - 137/1000, Change: 0.0407287, Rating 1: 752.3100.
ranking.algos.rank_fit - INFO - 138/1000, Change: 0.0397788, Rating 1: 752.2800.
ranking.algos.rank_fit - INFO - 139/1000, Change: 0.0391453, Rating 1: 752.2500.
ranking.algos.rank_fit - INFO - 140/1000, Change: 0.0376126, Rating 1: 752.2200.
ranking.algos.rank_fit - INFO - 141/1000, Change: 0.0365819, Rating 1: 752.2000.
ranking.algos.rank_fit - INFO - 142/1000, Change: 0.0353137, Rating 1: 752.1700.
ranking.algos.rank_fit - INFO - 143/1000, Change: 0.0359329, Rating 1: 752.1500.
ranking.algos.rank_fit - INFO - 144/1000, Change: 0.0327648, Rating 1: 752.1200.
ranking.algos.rank_fit - INFO - 145/1000, Change: 0.0322673, Rating 1: 752.1000.
ranking.algos.rank_fit - INFO - 146/1000, Change: 0.0325847, Rating 1: 752.0800.
ranking.algos.rank_fit - INFO - 147/1000, Change: 0.0318544, Rating 1: 752.0600.
ranking.algos.rank_fit - INFO - 148/1000, Change: 0.0298033, Rating 1: 752.0400.
ranking.algos.rank_fit - INFO - 149/1000, Change: 0.0300000, Rating 1: 752.0200.
ranking.algos.rank_fit - INFO - 150/1000, Change: 0.0285945, Rating 1: 752.0000.
ranking.algos.rank_fit - INFO - 151/1000, Change: 0.0283362, Rating 1: 751.9800.
ranking.algos.rank_fit - INFO - 152/1000, Change: 0.0278124, Rating 1: 751.9600.
ranking.algos.rank_fit - INFO - 153/1000, Change: 0.0267340, Rating 1: 751.9400.
ranking.algos.rank_fit - INFO - 154/1000, Change: 0.0253795, Rating 1: 751.9200.
ranking.algos.rank_fit - INFO - 155/1000, Change: 0.0249706, Rating 1: 751.9000.
ranking.algos.rank_fit - INFO - 156/1000, Change: 0.0252050, Rating 1: 751.8800.
ranking.algos.rank_fit - INFO - 157/1000, Change: 0.0240098, Rating 1: 751.8600.
ranking.algos.rank_fit - INFO - 158/1000, Change: 0.0226222, Rating 1: 751.8500.
ranking.algos.rank_fit - INFO - 159/1000, Change: 0.0225571, Rating 1: 751.8300.
ranking.algos.rank_fit - INFO - 160/1000, Change: 0.0214202, Rating 1: 751.8200.
ranking.algos.rank_fit - INFO - 161/1000, Change: 0.0218955, Rating 1: 751.8000.
ranking.algos.rank_fit - INFO - 162/1000, Change: 0.0210741, Rating 1: 751.7900.
ranking.algos.rank_fit - INFO - 163/1000, Change: 0.0215570, Rating 1: 751.7800.
ranking.algos.rank_fit - INFO - 164/1000, Change: 0.0214887, Rating 1: 751.7600.
ranking.algos.rank_fit - INFO - 165/1000, Change: 0.0197782, Rating 1: 751.7500.
ranking.algos.rank_fit - INFO - 166/1000, Change: 0.0194029, Rating 1: 751.7400.
ranking.algos.rank_fit - INFO - 167/1000, Change: 0.0191741, Rating 1: 751.7300.
ranking.algos.rank_fit - INFO - 168/1000, Change: 0.0196289, Rating 1: 751.7100.
ranking.algos.rank_fit - INFO - 169/1000, Change: 0.0169775, Rating 1: 751.7000.
ranking.algos.rank_fit - INFO - 170/1000, Change: 0.0161791, Rating 1: 751.6900.
ranking.algos.rank_fit - INFO - 171/1000, Change: 0.0152431, Rating 1: 751.6800.
ranking.algos.rank_fit - INFO - 172/1000, Change: 0.0156243, Rating 1: 751.6700.
ranking.algos.rank_fit - INFO - 173/1000, Change: 0.0147529, Rating 1: 751.6600.
ranking.algos.rank_fit - INFO - 174/1000, Change: 0.0147529, Rating 1: 751.6500.
ranking.algos.rank_fit - INFO - 175/1000, Change: 0.0150489, Rating 1: 751.6400.
ranking.algos.rank_fit - INFO - 176/1000, Change: 0.0138267, Rating 1: 751.6300.
ranking.algos.rank_fit - INFO - 177/1000, Change: 0.0136123, Rating 1: 751.6200.
ranking.algos.rank_fit - INFO - 178/1000, Change: 0.0137199, Rating 1: 751.6100.
ranking.algos.rank_fit - INFO - 179/1000, Change: 0.0132842, Rating 1: 751.6000.
ranking.algos.rank_fit - INFO - 180/1000, Change: 0.0137199, Rating 1: 751.5900.
ranking.algos.rank_fit - INFO - 181/1000, Change: 0.0132842, Rating 1: 751.5800.
ranking.algos.rank_fit - INFO - 182/1000, Change: 0.0120049, Rating 1: 751.5700.
ranking.algos.rank_fit - INFO - 183/1000, Change: 0.0117574, Rating 1: 751.5600.
ranking.algos.rank_fit - INFO - 184/1000, Change: 0.0120049, Rating 1: 751.5600.
ranking.algos.rank_fit - INFO - 185/1000, Change: 0.0122474, Rating 1: 751.5500.
ranking.algos.rank_fit - INFO - 186/1000, Change: 0.0121268, Rating 1: 751.5400.
ranking.algos.rank_fit - INFO - 187/1000, Change: 0.0117574, Rating 1: 751.5300.
ranking.algos.rank_fit - INFO - 188/1000, Change: 0.0111144, Rating 1: 751.5300.
ranking.algos.rank_fit - INFO - 189/1000, Change: 0.0105719, Rating 1: 751.5200.
ranking.algos.rank_fit - INFO - 190/1000, Change: 0.0111144, Rating 1: 751.5200.
ranking.algos.rank_fit - INFO - 191/1000, Change: 0.0098518, Rating 1: 751.5100.
ranking.algos.rank_fit - INFO - 192/1000, Change: 0.0101460, Rating 1: 751.5000.
ranking.algos.rank_fit - INFO - 193/1000, Change: 0.0087447, Rating 1: 751.4900.
ranking.algos.rank_fit - INFO - 194/1000, Change: 0.0089113, Rating 1: 751.4900.
ranking.algos.rank_fit - INFO - 195/1000, Change: 0.0092355, Rating 1: 751.4800.
ranking.algos.rank_fit - INFO - 196/1000, Change: 0.0087447, Rating 1: 751.4700.
ranking.algos.rank_fit - INFO - 197/1000, Change: 0.0090749, Rating 1: 751.4700.
ranking.algos.rank_fit - INFO - 198/1000, Change: 0.0084017, Rating 1: 751.4600.
ranking.algos.rank_fit - INFO - 199/1000, Change: 0.0087447, Rating 1: 751.4500.
ranking.algos.rank_fit - INFO - 200/1000, Change: 0.0084017, Rating 1: 751.4500.
ranking.algos.rank_fit - INFO - 201/1000, Change: 0.0085749, Rating 1: 751.4400.
ranking.algos.rank_fit - INFO - 202/1000, Change: 0.0080440, Rating 1: 751.4300.
ranking.algos.rank_fit - INFO - 203/1000, Change: 0.0080440, Rating 1: 751.4300.
ranking.algos.rank_fit - INFO - 204/1000, Change: 0.0084017, Rating 1: 751.4200.
ranking.algos.rank_fit - INFO - 205/1000, Change: 0.0082248, Rating 1: 751.4200.
ranking.algos.rank_fit - INFO - 206/1000, Change: 0.0085749, Rating 1: 751.4100.
ranking.algos.rank_fit - INFO - 207/1000, Change: 0.0080440, Rating 1: 751.4100.
ranking.algos.rank_fit - INFO - 208/1000, Change: 0.0082248, Rating 1: 751.4000.
ranking.algos.rank_fit - INFO - 209/1000, Change: 0.0080440, Rating 1: 751.4000.
ranking.algos.rank_fit - INFO - 210/1000, Change: 0.0082248, Rating 1: 751.3900.
ranking.algos.rank_fit - INFO - 211/1000, Change: 0.0072761, Rating 1: 751.3900.
ranking.algos.rank_fit - INFO - 212/1000, Change: 0.0072761, Rating 1: 751.3800.
ranking.algos.rank_fit - INFO - 213/1000, Change: 0.0074755, Rating 1: 751.3800.
ranking.algos.rank_fit - INFO - 214/1000, Change: 0.0066421, Rating 1: 751.3700.
ranking.algos.rank_fit - INFO - 215/1000, Change: 0.0072761, Rating 1: 751.3700.
ranking.algos.rank_fit - INFO - 216/1000, Change: 0.0066421, Rating 1: 751.3700.
ranking.algos.rank_fit - INFO - 217/1000, Change: 0.0066421, Rating 1: 751.3600.
ranking.algos.rank_fit - INFO - 218/1000, Change: 0.0070711, Rating 1: 751.3600.
ranking.algos.rank_fit - INFO - 219/1000, Change: 0.0061835, Rating 1: 751.3600.
ranking.algos.rank_fit - INFO - 220/1000, Change: 0.0070711, Rating 1: 751.3500.
ranking.algos.rank_fit - INFO - 221/1000, Change: 0.0061835, Rating 1: 751.3500.
ranking.algos.rank_fit - INFO - 222/1000, Change: 0.0056880, Rating 1: 751.3500.
ranking.algos.rank_fit - INFO - 223/1000, Change: 0.0059409, Rating 1: 751.3500.
ranking.algos.rank_fit - INFO - 224/1000, Change: 0.0064169, Rating 1: 751.3400.
ranking.algos.rank_fit - INFO - 225/1000, Change: 0.0051450, Rating 1: 751.3400.
ranking.algos.rank_fit - INFO - 226/1000, Change: 0.0056880, Rating 1: 751.3400.
ranking.algos.rank_fit - INFO - 227/1000, Change: 0.0059409, Rating 1: 751.3300.
ranking.algos.rank_fit - INFO - 228/1000, Change: 0.0048507, Rating 1: 751.3300.
ranking.algos.rank_fit - INFO - 229/1000, Change: 0.0051450, Rating 1: 751.3300.
ranking.algos.rank_fit - INFO - 230/1000, Change: 0.0045374, Rating 1: 751.3300.
ranking.algos.rank_fit - INFO - 231/1000, Change: 0.0048507, Rating 1: 751.3300.
ranking.algos.rank_fit - INFO - 232/1000, Change: 0.0042008, Rating 1: 751.3300.
ranking.algos.rank_fit - INFO - 233/1000, Change: 0.0034300, Rating 1: 751.3300.
ranking.algos.rank_fit - INFO - 234/1000, Change: 0.0042008, Rating 1: 751.3200.
ranking.algos.rank_fit - INFO - 235/1000, Change: 0.0042008, Rating 1: 751.3200.
ranking.algos.rank_fit - INFO - 236/1000, Change: 0.0042008, Rating 1: 751.3200.
ranking.algos.rank_fit - INFO - 237/1000, Change: 0.0038348, Rating 1: 751.3200.
ranking.algos.rank_fit - INFO - 238/1000, Change: 0.0042008, Rating 1: 751.3200.
ranking.algos.rank_fit - INFO - 239/1000, Change: 0.0042008, Rating 1: 751.3200.
ranking.algos.rank_fit - INFO - 240/1000, Change: 0.0042008, Rating 1: 751.3200.
ranking.algos.rank_fit - INFO - 241/1000, Change: 0.0029704, Rating 1: 751.3200.
ranking.algos.rank_fit - INFO - 242/1000, Change: 0.0024254, Rating 1: 751.3200.
ranking.algos.rank_fit - INFO - 243/1000, Change: 0.0029704, Rating 1: 751.3200.
ranking.algos.rank_fit - INFO - 244/1000, Change: 0.0024254, Rating 1: 751.3200.
ranking.algos.rank_fit - INFO - 245/1000, Change: 0.0024254, Rating 1: 751.3200.
ranking.algos.rank_fit - INFO - 246/1000, Change: 0.0017150, Rating 1: 751.3200.
ranking.algos.rank_fit - INFO - 247/1000, Change: 0.0000000, Rating 1: 751.3200.
ranking.data_preparation - INFO - RMSE: 218.30, Max Sum Resid: 0.08
ranking.data_preparation - INFO - Output files saved to output_2024_london.
ranking.data_preparation - INFO - Applying USAU algorithm on the 2024-open-euf dataset.
ranking.games_dataset - INFO - Calculating ratings by USAU.
ranking.algos.rank_fit - INFO - 1/1000, Change: 133.0572192, Rating 1: 267.3400.
ranking.algos.rank_fit - INFO - 2/1000, Change: 65.1595975, Rating 1: 396.7800.
ranking.algos.rank_fit - INFO - 3/1000, Change: 37.9550687, Rating 1: 460.1100.
ranking.algos.rank_fit - INFO - 4/1000, Change: 26.0543784, Rating 1: 490.1800.
ranking.algos.rank_fit - INFO - 5/1000, Change: 20.0226752, Rating 1: 502.8600.
ranking.algos.rank_fit - INFO - 6/1000, Change: 16.2543760, Rating 1: 508.6000.
ranking.algos.rank_fit - INFO - 7/1000, Change: 13.6976532, Rating 1: 508.4000.
ranking.algos.rank_fit - INFO - 8/1000, Change: 11.9374786, Rating 1: 504.8600.
ranking.algos.rank_fit - INFO - 9/1000, Change: 10.7127251, Rating 1: 499.5100.
ranking.algos.rank_fit - INFO - 10/1000, Change: 9.5783930, Rating 1: 493.2300.
ranking.algos.rank_fit - INFO - 11/1000, Change: 8.6440871, Rating 1: 486.5600.
ranking.algos.rank_fit - INFO - 12/1000, Change: 7.8468991, Rating 1: 479.8200.
ranking.algos.rank_fit - INFO - 13/1000, Change: 7.1530359, Rating 1: 473.1900.
ranking.algos.rank_fit - INFO - 14/1000, Change: 6.5409324, Rating 1: 470.5300.
ranking.algos.rank_fit - INFO - 15/1000, Change: 5.9950730, Rating 1: 479.0700.
ranking.algos.rank_fit - INFO - 16/1000, Change: 5.5063090, Rating 1: 486.8800.
ranking.algos.rank_fit - INFO - 17/1000, Change: 5.0637615, Rating 1: 494.0200.
ranking.algos.rank_fit - INFO - 18/1000, Change: 4.6648798, Rating 1: 500.5500.
ranking.algos.rank_fit - INFO - 19/1000, Change: 4.3004425, Rating 1: 506.5300.
ranking.algos.rank_fit - INFO - 20/1000, Change: 3.9678484, Rating 1: 512.0200.
ranking.algos.rank_fit - INFO - 21/1000, Change: 3.6633722, Rating 1: 517.0600.
ranking.algos.rank_fit - INFO - 22/1000, Change: 3.3854076, Rating 1: 521.6900.
ranking.algos.rank_fit - INFO - 23/1000, Change: 3.1295730, Rating 1: 525.9500.
ranking.algos.rank_fit - INFO - 24/1000, Change: 2.8941795, Rating 1: 529.8700.
ranking.algos.rank_fit - INFO - 25/1000, Change: 2.6769116, Rating 1: 533.4700.
ranking.algos.rank_fit - INFO - 26/1000, Change: 2.4766995, Rating 1: 536.7900.
ranking.algos.rank_fit - INFO - 27/1000, Change: 2.2925322, Rating 1: 539.8400.
ranking.algos.rank_fit - INFO - 28/1000, Change: 2.1234288, Rating 1: 542.6600.
ranking.algos.rank_fit - INFO - 29/1000, Change: 1.9650690, Rating 1: 545.2500.
ranking.algos.rank_fit - INFO - 30/1000, Change: 1.8212036, Rating 1: 547.6500.
ranking.algos.rank_fit - INFO - 31/1000, Change: 1.6865657, Rating 1: 549.8600.
ranking.algos.rank_fit - INFO - 32/1000, Change: 1.5629810, Rating 1: 551.9000.
ranking.algos.rank_fit - INFO - 33/1000, Change: 1.4482669, Rating 1: 553.7800.
ranking.algos.rank_fit - INFO - 34/1000, Change: 1.3422548, Rating 1: 555.5200.
ranking.algos.rank_fit - INFO - 35/1000, Change: 1.2441138, Rating 1: 557.1200.
ranking.algos.rank_fit - INFO - 36/1000, Change: 1.1526958, Rating 1: 558.6000.
ranking.algos.rank_fit - INFO - 37/1000, Change: 1.0691756, Rating 1: 559.9700.
ranking.algos.rank_fit - INFO - 38/1000, Change: 0.9919842, Rating 1: 561.2400.
ranking.algos.rank_fit - INFO - 39/1000, Change: 0.9195662, Rating 1: 562.4100.
ranking.algos.rank_fit - INFO - 40/1000, Change: 0.8536854, Rating 1: 563.4900.
ranking.algos.rank_fit - INFO - 41/1000, Change: 0.7918649, Rating 1: 564.4900.
ranking.algos.rank_fit - INFO - 42/1000, Change: 0.7346532, Rating 1: 565.4200.
ranking.algos.rank_fit - INFO - 43/1000, Change: 0.6822516, Rating 1: 566.2800.
ranking.algos.rank_fit - INFO - 44/1000, Change: 0.6326987, Rating 1: 567.0700.
ranking.algos.rank_fit - INFO - 45/1000, Change: 0.5870608, Rating 1: 567.8000.
ranking.algos.rank_fit - INFO - 46/1000, Change: 0.5449841, Rating 1: 568.4800.
ranking.algos.rank_fit - INFO - 47/1000, Change: 0.5066083, Rating 1: 569.1100.
ranking.algos.rank_fit - INFO - 48/1000, Change: 0.4704540, Rating 1: 569.6900.
ranking.algos.rank_fit - INFO - 49/1000, Change: 0.4371455, Rating 1: 570.2300.
ranking.algos.rank_fit - INFO - 50/1000, Change: 0.4065781, Rating 1: 570.7200.
ranking.algos.rank_fit - INFO - 51/1000, Change: 0.3765762, Rating 1: 571.1800.
ranking.algos.rank_fit - INFO - 52/1000, Change: 0.3508643, Rating 1: 571.6100.
ranking.algos.rank_fit - INFO - 53/1000, Change: 0.3258893, Rating 1: 572.0000.
ranking.algos.rank_fit - INFO - 54/1000, Change: 0.3027089, Rating 1: 572.3700.
ranking.algos.rank_fit - INFO - 55/1000, Change: 0.2818892, Rating 1: 572.7100.
ranking.algos.rank_fit - INFO - 56/1000, Change: 0.2621179, Rating 1: 573.0200.
ranking.algos.rank_fit - INFO - 57/1000, Change: 0.2446112, Rating 1: 573.3100.
ranking.algos.rank_fit - INFO - 58/1000, Change: 0.2272917, Rating 1: 573.5800.
ranking.algos.rank_fit - INFO - 59/1000, Change: 0.2124355, Rating 1: 573.8300.
ranking.algos.rank_fit - INFO - 60/1000, Change: 0.1985476, Rating 1: 574.0600.
ranking.algos.rank_fit - INFO - 61/1000, Change: 0.1850779, Rating 1: 574.2800.
ranking.algos.rank_fit - INFO - 62/1000, Change: 0.1728383, Rating 1: 574.4800.
ranking.algos.rank_fit - INFO - 63/1000, Change: 0.1617631, Rating 1: 574.6600.
ranking.algos.rank_fit - INFO - 64/1000, Change: 0.1509203, Rating 1: 574.8300.
ranking.algos.rank_fit - INFO - 65/1000, Change: 0.1413670, Rating 1: 574.9900.
ranking.algos.rank_fit - INFO - 66/1000, Change: 0.1305609, Rating 1: 575.1400.
ranking.algos.rank_fit - INFO - 67/1000, Change: 0.1226236, Rating 1: 575.2800.
ranking.algos.rank_fit - INFO - 68/1000, Change: 0.1148494, Rating 1: 575.4100.
ranking.algos.rank_fit - INFO - 69/1000, Change: 0.1066717, Rating 1: 575.5300.
ranking.algos.rank_fit - INFO - 70/1000, Change: 0.0991599, Rating 1: 575.6400.
ranking.algos.rank_fit - INFO - 71/1000, Change: 0.0935312, Rating 1: 575.7400.
ranking.algos.rank_fit - INFO - 72/1000, Change: 0.0881432, Rating 1: 575.8400.
ranking.algos.rank_fit - INFO - 73/1000, Change: 0.0816300, Rating 1: 575.9300.
ranking.algos.rank_fit - INFO - 74/1000, Change: 0.0767614, Rating 1: 576.0100.
ranking.algos.rank_fit - INFO - 75/1000, Change: 0.0720577, Rating 1: 576.0900.
ranking.algos.rank_fit - INFO - 76/1000, Change: 0.0679083, Rating 1: 576.1600.
ranking.algos.rank_fit - INFO - 77/1000, Change: 0.0633671, Rating 1: 576.2300.
ranking.algos.rank_fit - INFO - 78/1000, Change: 0.0590958, Rating 1: 576.2900.
ranking.algos.rank_fit - INFO - 79/1000, Change: 0.0549825, Rating 1: 576.3500.
ranking.algos.rank_fit - INFO - 80/1000, Change: 0.0518875, Rating 1: 576.4000.
ranking.algos.rank_fit - INFO - 81/1000, Change: 0.0483974, Rating 1: 576.4500.
ranking.algos.rank_fit - INFO - 82/1000, Change: 0.0446783, Rating 1: 576.5000.
ranking.algos.rank_fit - INFO - 83/1000, Change: 0.0419707, Rating 1: 576.5500.
ranking.algos.rank_fit - INFO - 84/1000, Change: 0.0397347, Rating 1: 576.5900.
ranking.algos.rank_fit - INFO - 85/1000, Change: 0.0366900, Rating 1: 576.6300.
ranking.algos.rank_fit - INFO - 86/1000, Change: 0.0339683, Rating 1: 576.6600.
ranking.algos.rank_fit - INFO - 87/1000, Change: 0.0321953, Rating 1: 576.6900.
ranking.algos.rank_fit - INFO - 88/1000, Change: 0.0304138, Rating 1: 576.7200.
ranking.algos.rank_fit - INFO - 89/1000, Change: 0.0281821, Rating 1: 576.7500.
ranking.algos.rank_fit - INFO - 90/1000, Change: 0.0266386, Rating 1: 576.7800.
ranking.algos.rank_fit - INFO - 91/1000, Change: 0.0252297, Rating 1: 576.8000.
ranking.algos.rank_fit - INFO - 92/1000, Change: 0.0234521, Rating 1: 576.8200.
ranking.algos.rank_fit - INFO - 93/1000, Change: 0.0213937, Rating 1: 576.8400.
ranking.algos.rank_fit - INFO - 94/1000, Change: 0.0204751, Rating 1: 576.8600.
ranking.algos.rank_fit - INFO - 95/1000, Change: 0.0199519, Rating 1: 576.8800.
ranking.algos.rank_fit - INFO - 96/1000, Change: 0.0185016, Rating 1: 576.9000.
ranking.algos.rank_fit - INFO - 97/1000, Change: 0.0168135, Rating 1: 576.9200.
ranking.algos.rank_fit - INFO - 98/1000, Change: 0.0155662, Rating 1: 576.9300.
ranking.algos.rank_fit - INFO - 99/1000, Change: 0.0150000, Rating 1: 576.9500.
ranking.algos.rank_fit - INFO - 100/1000, Change: 0.0144781, Rating 1: 576.9600.
ranking.algos.rank_fit - INFO - 101/1000, Change: 0.0133733, Rating 1: 576.9700.
ranking.algos.rank_fit - INFO - 102/1000, Change: 0.0133012, Rating 1: 576.9800.
ranking.algos.rank_fit - INFO - 103/1000, Change: 0.0107417, Rating 1: 576.9900.
ranking.algos.rank_fit - INFO - 104/1000, Change: 0.0105612, Rating 1: 577.0000.
ranking.algos.rank_fit - INFO - 105/1000, Change: 0.0102844, Rating 1: 577.0100.
ranking.algos.rank_fit - INFO - 106/1000, Change: 0.0104697, Rating 1: 577.0200.
ranking.algos.rank_fit - INFO - 107/1000, Change: 0.0096077, Rating 1: 577.0300.
ranking.algos.rank_fit - INFO - 108/1000, Change: 0.0095071, Rating 1: 577.0400.
ranking.algos.rank_fit - INFO - 109/1000, Change: 0.0090935, Rating 1: 577.0400.
ranking.algos.rank_fit - INFO - 110/1000, Change: 0.0083205, Rating 1: 577.0500.
ranking.algos.rank_fit - INFO - 111/1000, Change: 0.0086603, Rating 1: 577.0600.
ranking.algos.rank_fit - INFO - 112/1000, Change: 0.0075955, Rating 1: 577.0600.
ranking.algos.rank_fit - INFO - 113/1000, Change: 0.0062017, Rating 1: 577.0700.
ranking.algos.rank_fit - INFO - 114/1000, Change: 0.0058835, Rating 1: 577.0700.
ranking.algos.rank_fit - INFO - 115/1000, Change: 0.0058835, Rating 1: 577.0800.
ranking.algos.rank_fit - INFO - 116/1000, Change: 0.0048038, Rating 1: 577.0800.
ranking.algos.rank_fit - INFO - 117/1000, Change: 0.0051887, Rating 1: 577.0800.
ranking.algos.rank_fit - INFO - 118/1000, Change: 0.0051887, Rating 1: 577.0800.
ranking.algos.rank_fit - INFO - 119/1000, Change: 0.0053709, Rating 1: 577.0800.
ranking.algos.rank_fit - INFO - 120/1000, Change: 0.0057177, Rating 1: 577.0800.
ranking.algos.rank_fit - INFO - 121/1000, Change: 0.0050000, Rating 1: 577.0900.
ranking.algos.rank_fit - INFO - 122/1000, Change: 0.0041603, Rating 1: 577.0900.
ranking.algos.rank_fit - INFO - 123/1000, Change: 0.0041603, Rating 1: 577.0900.
ranking.algos.rank_fit - INFO - 124/1000, Change: 0.0045993, Rating 1: 577.0900.
ranking.algos.rank_fit - INFO - 125/1000, Change: 0.0041603, Rating 1: 577.0900.
ranking.algos.rank_fit - INFO - 126/1000, Change: 0.0031009, Rating 1: 577.0900.
ranking.algos.rank_fit - INFO - 127/1000, Change: 0.0036690, Rating 1: 577.0900.
ranking.algos.rank_fit - INFO - 128/1000, Change: 0.0027735, Rating 1: 577.0900.
ranking.algos.rank_fit - INFO - 129/1000, Change: 0.0027735, Rating 1: 577.0900.
ranking.algos.rank_fit - INFO - 130/1000, Change: 0.0027735, Rating 1: 577.0900.
ranking.algos.rank_fit - INFO - 131/1000, Change: 0.0024019, Rating 1: 577.0900.
ranking.algos.rank_fit - INFO - 132/1000, Change: 0.0027735, Rating 1: 577.0900.
ranking.algos.rank_fit - INFO - 133/1000, Change: 0.0031009, Rating 1: 577.0900.
ranking.algos.rank_fit - INFO - 134/1000, Change: 0.0027735, Rating 1: 577.0900.
ranking.algos.rank_fit - INFO - 135/1000, Change: 0.0027735, Rating 1: 577.0900.
ranking.algos.rank_fit - INFO - 136/1000, Change: 0.0024019, Rating 1: 577.0900.
ranking.algos.rank_fit - INFO - 137/1000, Change: 0.0013868, Rating 1: 577.0900.
ranking.algos.rank_fit - INFO - 138/1000, Change: 0.0019612, Rating 1: 577.0900.
ranking.algos.rank_fit - INFO - 139/1000, Change: 0.0019612, Rating 1: 577.0900.
ranking.algos.rank_fit - INFO - 140/1000, Change: 0.0013868, Rating 1: 577.0900.
ranking.algos.rank_fit - INFO - 141/1000, Change: 0.0013868, Rating 1: 577.0900.
ranking.algos.rank_fit - INFO - 142/1000, Change: 0.0000000, Rating 1: 577.0900.
ranking.data_preparation - INFO - RMSE: 243.72, Max Sum Resid: 0.14
ranking.data_preparation - INFO - Output files saved to output_2024_london.
ranking.data_preparation - INFO - Applying USAU algorithm on the 2024-women-euf dataset.
ranking.games_dataset - INFO - Calculating ratings by USAU.
ranking.algos.rank_fit - INFO - 1/1000, Change: 140.6092273, Rating 1: 252.7700.
ranking.algos.rank_fit - INFO - 2/1000, Change: 80.7187839, Rating 1: 367.8900.
ranking.algos.rank_fit - INFO - 3/1000, Change: 50.9650657, Rating 1: 421.7600.
ranking.algos.rank_fit - INFO - 4/1000, Change: 37.7486366, Rating 1: 447.2100.
ranking.algos.rank_fit - INFO - 5/1000, Change: 28.0846889, Rating 1: 461.7700.
ranking.algos.rank_fit - INFO - 6/1000, Change: 21.3963135, Rating 1: 487.4200.
ranking.algos.rank_fit - INFO - 7/1000, Change: 17.4642752, Rating 1: 506.0400.
ranking.algos.rank_fit - INFO - 8/1000, Change: 16.1152782, Rating 1: 519.9500.
ranking.algos.rank_fit - INFO - 9/1000, Change: 12.1241671, Rating 1: 535.9800.
ranking.algos.rank_fit - INFO - 10/1000, Change: 9.3972604, Rating 1: 547.8900.
ranking.algos.rank_fit - INFO - 11/1000, Change: 7.9705888, Rating 1: 556.9500.
ranking.algos.rank_fit - INFO - 12/1000, Change: 6.5784763, Rating 1: 564.1900.
ranking.algos.rank_fit - INFO - 13/1000, Change: 5.4504921, Rating 1: 570.0200.
ranking.algos.rank_fit - INFO - 14/1000, Change: 4.5311616, Rating 1: 574.7500.
ranking.algos.rank_fit - INFO - 15/1000, Change: 3.7789275, Rating 1: 578.6000.
ranking.algos.rank_fit - INFO - 16/1000, Change: 3.1633566, Rating 1: 581.7400.
ranking.algos.rank_fit - INFO - 17/1000, Change: 2.6588585, Rating 1: 584.3200.
ranking.algos.rank_fit - INFO - 18/1000, Change: 2.2457166, Rating 1: 586.4400.
ranking.algos.rank_fit - INFO - 19/1000, Change: 1.9077099, Rating 1: 588.2000.
ranking.algos.rank_fit - INFO - 20/1000, Change: 1.6272709, Rating 1: 589.6600.
ranking.algos.rank_fit - INFO - 21/1000, Change: 1.3994578, Rating 1: 590.8800.
ranking.algos.rank_fit - INFO - 22/1000, Change: 1.2087907, Rating 1: 591.9000.
ranking.algos.rank_fit - INFO - 23/1000, Change: 1.0523901, Rating 1: 592.7500.
ranking.algos.rank_fit - INFO - 24/1000, Change: 0.9220978, Rating 1: 593.4700.
ranking.algos.rank_fit - INFO - 25/1000, Change: 0.8141275, Rating 1: 594.0900.
ranking.algos.rank_fit - INFO - 26/1000, Change: 0.7238439, Rating 1: 594.6100.
ranking.algos.rank_fit - INFO - 27/1000, Change: 0.6452297, Rating 1: 595.0600.
ranking.algos.rank_fit - INFO - 28/1000, Change: 0.5795811, Rating 1: 595.4500.
ranking.algos.rank_fit - INFO - 29/1000, Change: 0.5228049, Rating 1: 595.7800.
ranking.algos.rank_fit - INFO - 30/1000, Change: 0.4751917, Rating 1: 596.0700.
ranking.algos.rank_fit - INFO - 31/1000, Change: 0.4315297, Rating 1: 596.3200.
ranking.algos.rank_fit - INFO - 32/1000, Change: 0.3944390, Rating 1: 596.5400.
ranking.algos.rank_fit - INFO - 33/1000, Change: 0.3601488, Rating 1: 596.7300.
ranking.algos.rank_fit - INFO - 34/1000, Change: 0.3308917, Rating 1: 596.9000.
ranking.algos.rank_fit - INFO - 35/1000, Change: 0.3040265, Rating 1: 597.0500.
ranking.algos.rank_fit - INFO - 36/1000, Change: 0.2805161, Rating 1: 597.1900.
ranking.algos.rank_fit - INFO - 37/1000, Change: 0.2576127, Rating 1: 597.3100.
ranking.algos.rank_fit - INFO - 38/1000, Change: 0.2364998, Rating 1: 597.4200.
ranking.algos.rank_fit - INFO - 39/1000, Change: 0.2191298, Rating 1: 597.5100.
ranking.algos.rank_fit - INFO - 40/1000, Change: 0.2025110, Rating 1: 597.6000.
ranking.algos.rank_fit - INFO - 41/1000, Change: 0.1867294, Rating 1: 597.6800.
ranking.algos.rank_fit - INFO - 42/1000, Change: 0.1723265, Rating 1: 597.7500.
ranking.algos.rank_fit - INFO - 43/1000, Change: 0.1595529, Rating 1: 597.8100.
ranking.algos.rank_fit - INFO - 44/1000, Change: 0.1462752, Rating 1: 597.8700.
ranking.algos.rank_fit - INFO - 45/1000, Change: 0.1355017, Rating 1: 597.9200.
ranking.algos.rank_fit - INFO - 46/1000, Change: 0.1241830, Rating 1: 597.9700.
ranking.algos.rank_fit - INFO - 47/1000, Change: 0.1160665, Rating 1: 598.0100.
ranking.algos.rank_fit - INFO - 48/1000, Change: 0.1067373, Rating 1: 598.0500.
ranking.algos.rank_fit - INFO - 49/1000, Change: 0.0980707, Rating 1: 598.0900.
ranking.algos.rank_fit - INFO - 50/1000, Change: 0.0914955, Rating 1: 598.1200.
ranking.algos.rank_fit - INFO - 51/1000, Change: 0.0855862, Rating 1: 598.1500.
ranking.algos.rank_fit - INFO - 52/1000, Change: 0.0770899, Rating 1: 598.1800.
ranking.algos.rank_fit - INFO - 53/1000, Change: 0.0719375, Rating 1: 598.2000.
ranking.algos.rank_fit - INFO - 54/1000, Change: 0.0672947, Rating 1: 598.2200.
ranking.algos.rank_fit - INFO - 55/1000, Change: 0.0611205, Rating 1: 598.2400.
ranking.algos.rank_fit - INFO - 56/1000, Change: 0.0576938, Rating 1: 598.2600.
ranking.algos.rank_fit - INFO - 57/1000, Change: 0.0522015, Rating 1: 598.2800.
ranking.algos.rank_fit - INFO - 58/1000, Change: 0.0482553, Rating 1: 598.3000.
ranking.algos.rank_fit - INFO - 59/1000, Change: 0.0451189, Rating 1: 598.3200.
ranking.algos.rank_fit - INFO - 60/1000, Change: 0.0413176, Rating 1: 598.3300.
ranking.algos.rank_fit - INFO - 61/1000, Change: 0.0385913, Rating 1: 598.3400.
ranking.algos.rank_fit - INFO - 62/1000, Change: 0.0348978, Rating 1: 598.3500.
ranking.algos.rank_fit - INFO - 63/1000, Change: 0.0327327, Rating 1: 598.3600.
ranking.algos.rank_fit - INFO - 64/1000, Change: 0.0304138, Rating 1: 598.3700.
ranking.algos.rank_fit - INFO - 65/1000, Change: 0.0274513, Rating 1: 598.3800.
ranking.algos.rank_fit - INFO - 66/1000, Change: 0.0252841, Rating 1: 598.3900.
ranking.algos.rank_fit - INFO - 67/1000, Change: 0.0231455, Rating 1: 598.4000.
ranking.algos.rank_fit - INFO - 68/1000, Change: 0.0211289, Rating 1: 598.4100.
ranking.algos.rank_fit - INFO - 69/1000, Change: 0.0196396, Rating 1: 598.4100.
ranking.algos.rank_fit - INFO - 70/1000, Change: 0.0186126, Rating 1: 598.4200.
ranking.algos.rank_fit - INFO - 71/1000, Change: 0.0171131, Rating 1: 598.4300.
ranking.algos.rank_fit - INFO - 72/1000, Change: 0.0160357, Rating 1: 598.4300.
ranking.algos.rank_fit - INFO - 73/1000, Change: 0.0154689, Rating 1: 598.4300.
ranking.algos.rank_fit - INFO - 74/1000, Change: 0.0145160, Rating 1: 598.4400.
ranking.algos.rank_fit - INFO - 75/1000, Change: 0.0129560, Rating 1: 598.4400.
ranking.algos.rank_fit - INFO - 76/1000, Change: 0.0114953, Rating 1: 598.4500.
ranking.algos.rank_fit - INFO - 77/1000, Change: 0.0111803, Rating 1: 598.4500.
ranking.algos.rank_fit - INFO - 78/1000, Change: 0.0090633, Rating 1: 598.4500.
ranking.algos.rank_fit - INFO - 79/1000, Change: 0.0082375, Rating 1: 598.4500.
ranking.algos.rank_fit - INFO - 80/1000, Change: 0.0090633, Rating 1: 598.4600.
ranking.algos.rank_fit - INFO - 81/1000, Change: 0.0084515, Rating 1: 598.4600.
ranking.algos.rank_fit - INFO - 82/1000, Change: 0.0084515, Rating 1: 598.4600.
ranking.algos.rank_fit - INFO - 83/1000, Change: 0.0075593, Rating 1: 598.4600.
ranking.algos.rank_fit - INFO - 84/1000, Change: 0.0077919, Rating 1: 598.4600.
ranking.algos.rank_fit - INFO - 85/1000, Change: 0.0075593, Rating 1: 598.4700.
ranking.algos.rank_fit - INFO - 86/1000, Change: 0.0070711, Rating 1: 598.4700.
ranking.algos.rank_fit - INFO - 87/1000, Change: 0.0062678, Rating 1: 598.4700.
ranking.algos.rank_fit - INFO - 88/1000, Change: 0.0070711, Rating 1: 598.4700.
ranking.algos.rank_fit - INFO - 89/1000, Change: 0.0059761, Rating 1: 598.4700.
ranking.algos.rank_fit - INFO - 90/1000, Change: 0.0053452, Rating 1: 598.4700.
ranking.algos.rank_fit - INFO - 91/1000, Change: 0.0037796, Rating 1: 598.4700.
ranking.algos.rank_fit - INFO - 92/1000, Change: 0.0046291, Rating 1: 598.4700.
ranking.algos.rank_fit - INFO - 93/1000, Change: 0.0050000, Rating 1: 598.4700.
ranking.algos.rank_fit - INFO - 94/1000, Change: 0.0037796, Rating 1: 598.4700.
ranking.algos.rank_fit - INFO - 95/1000, Change: 0.0032733, Rating 1: 598.4700.
ranking.algos.rank_fit - INFO - 96/1000, Change: 0.0026726, Rating 1: 598.4700.
ranking.algos.rank_fit - INFO - 97/1000, Change: 0.0018898, Rating 1: 598.4700.
ranking.algos.rank_fit - INFO - 98/1000, Change: 0.0000000, Rating 1: 598.4700.
ranking.data_preparation - INFO - RMSE: 227.82, Max Sum Resid: 0.13
ranking.data_preparation - INFO - Output files saved to output_2024_london.
