ranking.data_preparation - INFO - Applying USAU algorithm on the 2023-mixed-euf dataset.
ranking.games_dataset - INFO - Calculating ratings by USAU.
ranking.algos.rank_fit - INFO - 1/1000, Change: 113.9027075, Rating 1: 168.7300.
ranking.algos.rank_fit - INFO - 2/1000, Change: 62.4504841, Rating 1: 253.4900.
ranking.algos.rank_fit - INFO - 3/1000, Change: 42.3241130, Rating 1: 315.9200.
ranking.algos.rank_fit - INFO - 4/1000, Change: 33.4394707, Rating 1: 360.9700.
ranking.algos.rank_fit - INFO - 5/1000, Change: 27.8765678, Rating 1: 395.6200.
ranking.algos.rank_fit - INFO - 6/1000, Change: 23.4487806, Rating 1: 425.9800.
ranking.algos.rank_fit - INFO - 7/1000, Change: 20.7962671, Rating 1: 451.4200.
ranking.algos.rank_fit - INFO - 8/1000, Change: 18.2805591, Rating 1: 472.9200.
ranking.algos.rank_fit - INFO - 9/1000, Change: 16.2725649, Rating 1: 491.2300.
ranking.algos.rank_fit - INFO - 10/1000, Change: 14.5030977, Rating 1: 506.9200.
ranking.algos.rank_fit - INFO - 11/1000, Change: 12.9840991, Rating 1: 520.4000.
ranking.algos.rank_fit - INFO - 12/1000, Change: 11.6805758, Rating 1: 532.0100.
ranking.algos.rank_fit - INFO - 13/1000, Change: 10.5747733, Rating 1: 542.0700.
ranking.algos.rank_fit - INFO - 14/1000, Change: 9.6027324, Rating 1: 550.8600.
ranking.algos.rank_fit - INFO - 15/1000, Change: 8.7609620, Rating 1: 558.5200.
ranking.algos.rank_fit - INFO - 16/1000, Change: 8.1726781, Rating 1: 565.2300.
ranking.algos.rank_fit - INFO - 17/1000, Change: 7.5750336, Rating 1: 571.1300.
ranking.algos.rank_fit - INFO - 18/1000, Change: 7.0457424, Rating 1: 576.3400.
ranking.algos.rank_fit - INFO - 19/1000, Change: 6.5733183, Rating 1: 581.2700.
ranking.algos.rank_fit - INFO - 20/1000, Change: 6.1409347, Rating 1: 585.6200.
ranking.algos.rank_fit - INFO - 21/1000, Change: 5.7499983, Rating 1: 589.4900.
ranking.algos.rank_fit - INFO - 22/1000, Change: 5.3955999, Rating 1: 592.9600.
ranking.algos.rank_fit - INFO - 23/1000, Change: 5.0695683, Rating 1: 596.1000.
ranking.algos.rank_fit - INFO - 24/1000, Change: 4.7691718, Rating 1: 598.9400.
ranking.algos.rank_fit - INFO - 25/1000, Change: 4.4924053, Rating 1: 601.5200.
ranking.algos.rank_fit - INFO - 26/1000, Change: 4.2348181, Rating 1: 603.8600.
ranking.algos.rank_fit - INFO - 27/1000, Change: 3.9941209, Rating 1: 605.9900.
ranking.algos.rank_fit - INFO - 28/1000, Change: 3.7707335, Rating 1: 607.9400.
ranking.algos.rank_fit - INFO - 29/1000, Change: 3.5607945, Rating 1: 609.7200.
ranking.algos.rank_fit - INFO - 30/1000, Change: 3.3625814, Rating 1: 611.3500.
ranking.algos.rank_fit - INFO - 31/1000, Change: 3.1773002, Rating 1: 612.8500.
ranking.algos.rank_fit - INFO - 32/1000, Change: 3.0032681, Rating 1: 614.2300.
ranking.algos.rank_fit - INFO - 33/1000, Change: 2.8405312, Rating 1: 615.5000.
ranking.algos.rank_fit - INFO - 34/1000, Change: 2.6859435, Rating 1: 616.6700.
ranking.algos.rank_fit - INFO - 35/1000, Change: 2.5406866, Rating 1: 617.7600.
ranking.algos.rank_fit - INFO - 36/1000, Change: 2.4026808, Rating 1: 618.7600.
ranking.algos.rank_fit - INFO - 37/1000, Change: 2.2740383, Rating 1: 619.6900.
ranking.algos.rank_fit - INFO - 38/1000, Change: 2.1520219, Rating 1: 620.5600.
ranking.algos.rank_fit - INFO - 39/1000, Change: 2.0362362, Rating 1: 621.3700.
ranking.algos.rank_fit - INFO - 40/1000, Change: 1.9265553, Rating 1: 622.1200.
ranking.algos.rank_fit - INFO - 41/1000, Change: 1.8241273, Rating 1: 622.8200.
ranking.algos.rank_fit - INFO - 42/1000, Change: 1.7254152, Rating 1: 623.4800.
ranking.algos.rank_fit - INFO - 43/1000, Change: 1.6336980, Rating 1: 624.0900.
ranking.algos.rank_fit - INFO - 44/1000, Change: 1.5460608, Rating 1: 624.6600.
ranking.algos.rank_fit - INFO - 45/1000, Change: 1.4643908, Rating 1: 625.2000.
ranking.algos.rank_fit - INFO - 46/1000, Change: 1.3863559, Rating 1: 625.7000.
ranking.algos.rank_fit - INFO - 47/1000, Change: 1.3125108, Rating 1: 626.1700.
ranking.algos.rank_fit - INFO - 48/1000, Change: 1.2429053, Rating 1: 626.6100.
ranking.algos.rank_fit - INFO - 49/1000, Change: 1.1761933, Rating 1: 627.0300.
ranking.algos.rank_fit - INFO - 50/1000, Change: 1.1140087, Rating 1: 627.4200.
ranking.algos.rank_fit - INFO - 51/1000, Change: 1.0545488, Rating 1: 627.7900.
ranking.algos.rank_fit - INFO - 52/1000, Change: 0.9990880, Rating 1: 628.1400.
ranking.algos.rank_fit - INFO - 53/1000, Change: 0.9461267, Rating 1: 628.4600.
ranking.algos.rank_fit - INFO - 54/1000, Change: 0.8958140, Rating 1: 628.7700.
ranking.algos.rank_fit - INFO - 55/1000, Change: 0.8488680, Rating 1: 629.0600.
ranking.algos.rank_fit - INFO - 56/1000, Change: 0.8039590, Rating 1: 629.3300.
ranking.algos.rank_fit - INFO - 57/1000, Change: 0.7606500, Rating 1: 629.5900.
ranking.algos.rank_fit - INFO - 58/1000, Change: 0.7205580, Rating 1: 629.8300.
ranking.algos.rank_fit - INFO - 59/1000, Change: 0.6834668, Rating 1: 630.0600.
ranking.algos.rank_fit - INFO - 60/1000, Change: 0.6461900, Rating 1: 630.2700.
ranking.algos.rank_fit - INFO - 61/1000, Change: 0.6120505, Rating 1: 630.4700.
ranking.algos.rank_fit - INFO - 62/1000, Change: 0.5805949, Rating 1: 630.6600.
ranking.algos.rank_fit - INFO - 63/1000, Change: 0.5490972, Rating 1: 630.8400.
ranking.algos.rank_fit - INFO - 64/1000, Change: 0.5200240, Rating 1: 631.0100.
ranking.algos.rank_fit - INFO - 65/1000, Change: 0.4929484, Rating 1: 631.1700.
ranking.algos.rank_fit - INFO - 66/1000, Change: 0.4666060, Rating 1: 631.3200.
ranking.algos.rank_fit - INFO - 67/1000, Change: 0.4420951, Rating 1: 631.4700.
ranking.algos.rank_fit - INFO - 68/1000, Change: 0.4186769, Rating 1: 631.6100.
ranking.algos.rank_fit - INFO - 69/1000, Change: 0.3966058, Rating 1: 631.7400.
ranking.algos.rank_fit - INFO - 70/1000, Change: 0.3753870, Rating 1: 631.8600.
ranking.algos.rank_fit - INFO - 71/1000, Change: 0.3559170, Rating 1: 631.9700.
ranking.algos.rank_fit - INFO - 72/1000, Change: 0.3365521, Rating 1: 632.0800.
ranking.algos.rank_fit - INFO - 73/1000, Change: 0.3195098, Rating 1: 632.1800.
ranking.algos.rank_fit - INFO - 74/1000, Change: 0.3026073, Rating 1: 632.2800.
ranking.algos.rank_fit - INFO - 75/1000, Change: 0.2859868, Rating 1: 632.3700.
ranking.algos.rank_fit - INFO - 76/1000, Change: 0.2713109, Rating 1: 632.4500.
ranking.algos.rank_fit - INFO - 77/1000, Change: 0.2575924, Rating 1: 632.5300.
ranking.algos.rank_fit - INFO - 78/1000, Change: 0.2438631, Rating 1: 632.6100.
ranking.algos.rank_fit - INFO - 79/1000, Change: 0.2310178, Rating 1: 632.6800.
ranking.algos.rank_fit - INFO - 80/1000, Change: 0.2189793, Rating 1: 632.7500.
ranking.algos.rank_fit - INFO - 81/1000, Change: 0.2067700, Rating 1: 632.8100.
ranking.algos.rank_fit - INFO - 82/1000, Change: 0.1964982, Rating 1: 632.8700.
ranking.algos.rank_fit - INFO - 83/1000, Change: 0.1854516, Rating 1: 632.9300.
ranking.algos.rank_fit - INFO - 84/1000, Change: 0.1762101, Rating 1: 632.9800.
ranking.algos.rank_fit - INFO - 85/1000, Change: 0.1674813, Rating 1: 633.0300.
ranking.algos.rank_fit - INFO - 86/1000, Change: 0.1572724, Rating 1: 633.0800.
ranking.algos.rank_fit - INFO - 87/1000, Change: 0.1498717, Rating 1: 633.1200.
ranking.algos.rank_fit - INFO - 88/1000, Change: 0.1426602, Rating 1: 633.1600.
ranking.algos.rank_fit - INFO - 89/1000, Change: 0.1351210, Rating 1: 633.2000.
ranking.algos.rank_fit - INFO - 90/1000, Change: 0.1269994, Rating 1: 633.2400.
ranking.algos.rank_fit - INFO - 91/1000, Change: 0.1200401, Rating 1: 633.2800.
ranking.algos.rank_fit - INFO - 92/1000, Change: 0.1148075, Rating 1: 633.3100.
ranking.algos.rank_fit - INFO - 93/1000, Change: 0.1085038, Rating 1: 633.3500.
ranking.algos.rank_fit - INFO - 94/1000, Change: 0.1022817, Rating 1: 633.3800.
ranking.algos.rank_fit - INFO - 95/1000, Change: 0.0972309, Rating 1: 633.4100.
ranking.algos.rank_fit - INFO - 96/1000, Change: 0.0921433, Rating 1: 633.4400.
ranking.algos.rank_fit - INFO - 97/1000, Change: 0.0865581, Rating 1: 633.4600.
ranking.algos.rank_fit - INFO - 98/1000, Change: 0.0832628, Rating 1: 633.4800.
ranking.algos.rank_fit - INFO - 99/1000, Change: 0.0784832, Rating 1: 633.5100.
ranking.algos.rank_fit - INFO - 100/1000, Change: 0.0738111, Rating 1: 633.5300.
ranking.algos.rank_fit - INFO - 101/1000, Change: 0.0700549, Rating 1: 633.5500.
ranking.algos.rank_fit - INFO - 102/1000, Change: 0.0670103, Rating 1: 633.5700.
ranking.algos.rank_fit - INFO - 103/1000, Change: 0.0625884, Rating 1: 633.5900.
ranking.algos.rank_fit - INFO - 104/1000, Change: 0.0604311, Rating 1: 633.6000.
ranking.algos.rank_fit - INFO - 105/1000, Change: 0.0576795, Rating 1: 633.6200.
ranking.algos.rank_fit - INFO - 106/1000, Change: 0.0539052, Rating 1: 633.6300.
ranking.algos.rank_fit - INFO - 107/1000, Change: 0.0514968, Rating 1: 633.6500.
ranking.algos.rank_fit - INFO - 108/1000, Change: 0.0490878, Rating 1: 633.6600.
ranking.algos.rank_fit - INFO - 109/1000, Change: 0.0461186, Rating 1: 633.6700.
ranking.algos.rank_fit - INFO - 110/1000, Change: 0.0439186, Rating 1: 633.6800.
ranking.algos.rank_fit - INFO - 111/1000, Change: 0.0412077, Rating 1: 633.6900.
ranking.algos.rank_fit - INFO - 112/1000, Change: 0.0385557, Rating 1: 633.7000.
ranking.algos.rank_fit - INFO - 113/1000, Change: 0.0368469, Rating 1: 633.7100.
ranking.algos.rank_fit - INFO - 114/1000, Change: 0.0350823, Rating 1: 633.7200.
ranking.algos.rank_fit - INFO - 115/1000, Change: 0.0333686, Rating 1: 633.7300.
ranking.algos.rank_fit - INFO - 116/1000, Change: 0.0311942, Rating 1: 633.7400.
ranking.algos.rank_fit - INFO - 117/1000, Change: 0.0301917, Rating 1: 633.7500.
ranking.algos.rank_fit - INFO - 118/1000, Change: 0.0282162, Rating 1: 633.7600.
ranking.algos.rank_fit - INFO - 119/1000, Change: 0.0275960, Rating 1: 633.7700.
ranking.algos.rank_fit - INFO - 120/1000, Change: 0.0253058, Rating 1: 633.7700.
ranking.algos.rank_fit - INFO - 121/1000, Change: 0.0243374, Rating 1: 633.7800.
ranking.algos.rank_fit - INFO - 122/1000, Change: 0.0232048, Rating 1: 633.7900.
ranking.algos.rank_fit - INFO - 123/1000, Change: 0.0217061, Rating 1: 633.7900.
ranking.algos.rank_fit - INFO - 124/1000, Change: 0.0206621, Rating 1: 633.8000.
ranking.algos.rank_fit - INFO - 125/1000, Change: 0.0199519, Rating 1: 633.8000.
ranking.algos.rank_fit - INFO - 126/1000, Change: 0.0189635, Rating 1: 633.8100.
ranking.algos.rank_fit - INFO - 127/1000, Change: 0.0174312, Rating 1: 633.8100.
ranking.algos.rank_fit - INFO - 128/1000, Change: 0.0174863, Rating 1: 633.8100.
ranking.algos.rank_fit - INFO - 129/1000, Change: 0.0162315, Rating 1: 633.8200.
ranking.algos.rank_fit - INFO - 130/1000, Change: 0.0158721, Rating 1: 633.8200.
ranking.algos.rank_fit - INFO - 131/1000, Change: 0.0143447, Rating 1: 633.8300.
ranking.algos.rank_fit - INFO - 132/1000, Change: 0.0135873, Rating 1: 633.8300.
ranking.algos.rank_fit - INFO - 133/1000, Change: 0.0137281, Rating 1: 633.8300.
ranking.algos.rank_fit - INFO - 134/1000, Change: 0.0130089, Rating 1: 633.8300.
ranking.algos.rank_fit - INFO - 135/1000, Change: 0.0119293, Rating 1: 633.8300.
ranking.algos.rank_fit - INFO - 136/1000, Change: 0.0121687, Rating 1: 633.8400.
ranking.algos.rank_fit - INFO - 137/1000, Change: 0.0104697, Rating 1: 633.8400.
ranking.algos.rank_fit - INFO - 138/1000, Change: 0.0107417, Rating 1: 633.8400.
ranking.algos.rank_fit - INFO - 139/1000, Change: 0.0099034, Rating 1: 633.8400.
ranking.algos.rank_fit - INFO - 140/1000, Change: 0.0097073, Rating 1: 633.8400.
ranking.algos.rank_fit - INFO - 141/1000, Change: 0.0085485, Rating 1: 633.8400.
ranking.algos.rank_fit - INFO - 142/1000, Change: 0.0082041, Rating 1: 633.8400.
ranking.algos.rank_fit - INFO - 143/1000, Change: 0.0070711, Rating 1: 633.8400.
ranking.algos.rank_fit - INFO - 144/1000, Change: 0.0072058, Rating 1: 633.8400.
ranking.algos.rank_fit - INFO - 145/1000, Change: 0.0069338, Rating 1: 633.8400.
ranking.algos.rank_fit - INFO - 146/1000, Change: 0.0063549, Rating 1: 633.8400.
ranking.algos.rank_fit - INFO - 147/1000, Change: 0.0066506, Rating 1: 633.8400.
ranking.algos.rank_fit - INFO - 148/1000, Change: 0.0057177, Rating 1: 633.8400.
ranking.algos.rank_fit - INFO - 149/1000, Change: 0.0055470, Rating 1: 633.8400.
ranking.algos.rank_fit - INFO - 150/1000, Change: 0.0051887, Rating 1: 633.8400.
ranking.algos.rank_fit - INFO - 151/1000, Change: 0.0050000, Rating 1: 633.8400.
ranking.algos.rank_fit - INFO - 152/1000, Change: 0.0045993, Rating 1: 633.8400.
ranking.algos.rank_fit - INFO - 153/1000, Change: 0.0039223, Rating 1: 633.8400.
ranking.algos.rank_fit - INFO - 154/1000, Change: 0.0036690, Rating 1: 633.8400.
ranking.algos.rank_fit - INFO - 155/1000, Change: 0.0043853, Rating 1: 633.8400.
ranking.algos.rank_fit - INFO - 156/1000, Change: 0.0041603, Rating 1: 633.8400.
ranking.algos.rank_fit - INFO - 157/1000, Change: 0.0039223, Rating 1: 633.8400.
ranking.algos.rank_fit - INFO - 158/1000, Change: 0.0033968, Rating 1: 633.8400.
ranking.algos.rank_fit - INFO - 159/1000, Change: 0.0033968, Rating 1: 633.8400.
ranking.algos.rank_fit - INFO - 160/1000, Change: 0.0033968, Rating 1: 633.8400.
ranking.algos.rank_fit - INFO - 161/1000, Change: 0.0033968, Rating 1: 633.8400.
ranking.algos.rank_fit - INFO - 162/1000, Change: 0.0033968, Rating 1: 633.8400.
ranking.algos.rank_fit - INFO - 163/1000, Change: 0.0033968, Rating 1: 633.8400.
ranking.algos.rank_fit - INFO - 164/1000, Change: 0.0033968, Rating 1: 633.8400.
ranking.algos.rank_fit - INFO - 165/1000, Change: 0.0033968, Rating 1: 633.8400.
ranking.algos.rank_fit - INFO - 166/1000, Change: 0.0031009, Rating 1: 633.8400.
ranking.algos.rank_fit - INFO - 167/1000, Change: 0.0027735, Rating 1: 633.8400.
ranking.algos.rank_fit - INFO - 168/1000, Change: 0.0031009, Rating 1: 633.8400.
ranking.algos.rank_fit - INFO - 169/1000, Change: 0.0031009, Rating 1: 633.8400.
ranking.algos.rank_fit - INFO - 170/1000, Change: 0.0024019, Rating 1: 633.8400.
ranking.algos.rank_fit - INFO - 171/1000, Change: 0.0027735, Rating 1: 633.8400.
ranking.algos.rank_fit - INFO - 172/1000, Change: 0.0024019, Rating 1: 633.8400.
ranking.algos.rank_fit - INFO - 173/1000, Change: 0.0024019, Rating 1: 633.8400.
ranking.algos.rank_fit - INFO - 174/1000, Change: 0.0019612, Rating 1: 633.8400.
ranking.algos.rank_fit - INFO - 175/1000, Change: 0.0024019, Rating 1: 633.8400.
ranking.algos.rank_fit - INFO - 176/1000, Change: 0.0024019, Rating 1: 633.8400.
ranking.algos.rank_fit - INFO - 177/1000, Change: 0.0019612, Rating 1: 633.8400.
ranking.algos.rank_fit - INFO - 178/1000, Change: 0.0019612, Rating 1: 633.8400.
ranking.algos.rank_fit - INFO - 179/1000, Change: 0.0024019, Rating 1: 633.8400.
ranking.algos.rank_fit - INFO - 180/1000, Change: 0.0027735, Rating 1: 633.8400.
ranking.algos.rank_fit - INFO - 181/1000, Change: 0.0019612, Rating 1: 633.8400.
ranking.algos.rank_fit - INFO - 182/1000, Change: 0.0019612, Rating 1: 633.8400.
ranking.algos.rank_fit - INFO - 183/1000, Change: 0.0019612, Rating 1: 633.8400.
ranking.algos.rank_fit - INFO - 184/1000, Change: 0.0013868, Rating 1: 633.8400.
ranking.algos.rank_fit - INFO - 185/1000, Change: 0.0000000, Rating 1: 633.8400.
ranking.data_preparation - INFO - RMSE: 256.38, Max Sum Resid: 0.12
ranking.data_preparation - INFO - Output files saved to output_eufonly_2023.
ranking.data_preparation - INFO - Applying USAU algorithm on the 2023-open-euf dataset.
ranking.games_dataset - INFO - Calculating ratings by USAU.
ranking.algos.rank_fit - INFO - 1/1000, Change: 107.9824175, Rating 1: 186.7600.
ranking.algos.rank_fit - INFO - 2/1000, Change: 64.6492807, Rating 1: 296.9400.
ranking.algos.rank_fit - INFO - 3/1000, Change: 44.8801464, Rating 1: 371.1800.
ranking.algos.rank_fit - INFO - 4/1000, Change: 35.4678379, Rating 1: 436.8800.
ranking.algos.rank_fit - INFO - 5/1000, Change: 27.9228929, Rating 1: 490.4200.
ranking.algos.rank_fit - INFO - 6/1000, Change: 22.7055810, Rating 1: 532.3500.
ranking.algos.rank_fit - INFO - 7/1000, Change: 19.4319710, Rating 1: 565.3400.
ranking.algos.rank_fit - INFO - 8/1000, Change: 16.9156074, Rating 1: 592.1700.
ranking.algos.rank_fit - INFO - 9/1000, Change: 14.4595163, Rating 1: 614.2600.
ranking.algos.rank_fit - INFO - 10/1000, Change: 12.3947296, Rating 1: 632.4900.
ranking.algos.rank_fit - INFO - 11/1000, Change: 10.6471183, Rating 1: 647.5900.
ranking.algos.rank_fit - INFO - 12/1000, Change: 9.1858028, Rating 1: 660.1500.
ranking.algos.rank_fit - INFO - 13/1000, Change: 7.9354985, Rating 1: 670.7200.
ranking.algos.rank_fit - INFO - 14/1000, Change: 6.8183657, Rating 1: 679.6700.
ranking.algos.rank_fit - INFO - 15/1000, Change: 5.8668355, Rating 1: 687.2300.
ranking.algos.rank_fit - INFO - 16/1000, Change: 5.0810327, Rating 1: 693.6200.
ranking.algos.rank_fit - INFO - 17/1000, Change: 5.2692619, Rating 1: 699.1500.
ranking.algos.rank_fit - INFO - 18/1000, Change: 4.3535350, Rating 1: 703.8700.
ranking.algos.rank_fit - INFO - 19/1000, Change: 3.7368231, Rating 1: 707.9000.
ranking.algos.rank_fit - INFO - 20/1000, Change: 3.7040265, Rating 1: 711.3300.
ranking.algos.rank_fit - INFO - 21/1000, Change: 3.3586438, Rating 1: 714.2600.
ranking.algos.rank_fit - INFO - 22/1000, Change: 3.0389707, Rating 1: 716.7600.
ranking.algos.rank_fit - INFO - 23/1000, Change: 2.7501712, Rating 1: 718.8900.
ranking.algos.rank_fit - INFO - 24/1000, Change: 2.4928131, Rating 1: 720.7200.
ranking.algos.rank_fit - INFO - 25/1000, Change: 2.2626354, Rating 1: 722.2900.
ranking.algos.rank_fit - INFO - 26/1000, Change: 2.0573954, Rating 1: 723.6400.
ranking.algos.rank_fit - INFO - 27/1000, Change: 1.8725241, Rating 1: 724.8000.
ranking.algos.rank_fit - INFO - 28/1000, Change: 1.7060587, Rating 1: 725.8000.
ranking.algos.rank_fit - INFO - 29/1000, Change: 1.5548938, Rating 1: 726.6600.
ranking.algos.rank_fit - INFO - 30/1000, Change: 1.4201566, Rating 1: 727.4000.
ranking.algos.rank_fit - INFO - 31/1000, Change: 1.2958528, Rating 1: 728.0400.
ranking.algos.rank_fit - INFO - 32/1000, Change: 1.1841649, Rating 1: 728.6000.
ranking.algos.rank_fit - INFO - 33/1000, Change: 1.0830656, Rating 1: 729.0800.
ranking.algos.rank_fit - INFO - 34/1000, Change: 0.9904579, Rating 1: 729.5000.
ranking.algos.rank_fit - INFO - 35/1000, Change: 0.9060677, Rating 1: 729.8700.
ranking.algos.rank_fit - INFO - 36/1000, Change: 0.8293735, Rating 1: 730.1900.
ranking.algos.rank_fit - INFO - 37/1000, Change: 0.7584910, Rating 1: 730.4700.
ranking.algos.rank_fit - INFO - 38/1000, Change: 0.6946222, Rating 1: 730.7100.
ranking.algos.rank_fit - INFO - 39/1000, Change: 0.6370176, Rating 1: 730.9200.
ranking.algos.rank_fit - INFO - 40/1000, Change: 0.5832519, Rating 1: 731.1100.
ranking.algos.rank_fit - INFO - 41/1000, Change: 0.5346430, Rating 1: 731.2800.
ranking.algos.rank_fit - INFO - 42/1000, Change: 0.4892394, Rating 1: 731.4200.
ranking.algos.rank_fit - INFO - 43/1000, Change: 0.4481706, Rating 1: 731.5500.
ranking.algos.rank_fit - INFO - 44/1000, Change: 0.4098549, Rating 1: 731.6600.
ranking.algos.rank_fit - INFO - 45/1000, Change: 0.3768655, Rating 1: 731.7600.
ranking.algos.rank_fit - INFO - 46/1000, Change: 0.3449013, Rating 1: 731.8500.
ranking.algos.rank_fit - INFO - 47/1000, Change: 0.3159005, Rating 1: 731.9300.
ranking.algos.rank_fit - INFO - 48/1000, Change: 0.2900981, Rating 1: 732.0000.
ranking.algos.rank_fit - INFO - 49/1000, Change: 0.2651025, Rating 1: 732.0600.
ranking.algos.rank_fit - INFO - 50/1000, Change: 0.2430517, Rating 1: 732.1100.
ranking.algos.rank_fit - INFO - 51/1000, Change: 0.2231746, Rating 1: 732.1600.
ranking.algos.rank_fit - INFO - 52/1000, Change: 0.2048885, Rating 1: 732.2000.
ranking.algos.rank_fit - INFO - 53/1000, Change: 0.1870322, Rating 1: 732.2400.
ranking.algos.rank_fit - INFO - 54/1000, Change: 0.1717054, Rating 1: 732.2800.
ranking.algos.rank_fit - INFO - 55/1000, Change: 0.1584244, Rating 1: 732.3100.
ranking.algos.rank_fit - INFO - 56/1000, Change: 0.1450565, Rating 1: 732.3400.
ranking.algos.rank_fit - INFO - 57/1000, Change: 0.1319613, Rating 1: 732.3600.
ranking.algos.rank_fit - INFO - 58/1000, Change: 0.1206877, Rating 1: 732.3800.
ranking.algos.rank_fit - INFO - 59/1000, Change: 0.1120499, Rating 1: 732.4000.
ranking.algos.rank_fit - INFO - 60/1000, Change: 0.1016247, Rating 1: 732.4200.
ranking.algos.rank_fit - INFO - 61/1000, Change: 0.0933200, Rating 1: 732.4400.
ranking.algos.rank_fit - INFO - 62/1000, Change: 0.0854804, Rating 1: 732.4500.
ranking.algos.rank_fit - INFO - 63/1000, Change: 0.0791550, Rating 1: 732.4700.
ranking.algos.rank_fit - INFO - 64/1000, Change: 0.0724807, Rating 1: 732.4800.
ranking.algos.rank_fit - INFO - 65/1000, Change: 0.0669405, Rating 1: 732.4900.
ranking.algos.rank_fit - INFO - 66/1000, Change: 0.0602867, Rating 1: 732.5000.
ranking.algos.rank_fit - INFO - 67/1000, Change: 0.0556622, Rating 1: 732.5100.
ranking.algos.rank_fit - INFO - 68/1000, Change: 0.0509225, Rating 1: 732.5200.
ranking.algos.rank_fit - INFO - 69/1000, Change: 0.0463495, Rating 1: 732.5200.
ranking.algos.rank_fit - INFO - 70/1000, Change: 0.0434305, Rating 1: 732.5300.
ranking.algos.rank_fit - INFO - 71/1000, Change: 0.0397622, Rating 1: 732.5400.
ranking.algos.rank_fit - INFO - 72/1000, Change: 0.0362225, Rating 1: 732.5500.
ranking.algos.rank_fit - INFO - 73/1000, Change: 0.0332701, Rating 1: 732.5500.
ranking.algos.rank_fit - INFO - 74/1000, Change: 0.0302005, Rating 1: 732.5500.
ranking.algos.rank_fit - INFO - 75/1000, Change: 0.0277302, Rating 1: 732.5600.
ranking.algos.rank_fit - INFO - 76/1000, Change: 0.0255963, Rating 1: 732.5600.
ranking.algos.rank_fit - INFO - 77/1000, Change: 0.0228941, Rating 1: 732.5600.
ranking.algos.rank_fit - INFO - 78/1000, Change: 0.0208443, Rating 1: 732.5600.
ranking.algos.rank_fit - INFO - 79/1000, Change: 0.0207198, Rating 1: 732.5600.
ranking.algos.rank_fit - INFO - 80/1000, Change: 0.0180993, Rating 1: 732.5600.
ranking.algos.rank_fit - INFO - 81/1000, Change: 0.0173205, Rating 1: 732.5700.
ranking.algos.rank_fit - INFO - 82/1000, Change: 0.0153128, Rating 1: 732.5700.
ranking.algos.rank_fit - INFO - 83/1000, Change: 0.0142030, Rating 1: 732.5700.
ranking.algos.rank_fit - INFO - 84/1000, Change: 0.0123874, Rating 1: 732.5700.
ranking.algos.rank_fit - INFO - 85/1000, Change: 0.0123176, Rating 1: 732.5700.
ranking.algos.rank_fit - INFO - 86/1000, Change: 0.0114470, Rating 1: 732.5700.
ranking.algos.rank_fit - INFO - 87/1000, Change: 0.0104221, Rating 1: 732.5700.
ranking.algos.rank_fit - INFO - 88/1000, Change: 0.0095593, Rating 1: 732.5700.
ranking.algos.rank_fit - INFO - 89/1000, Change: 0.0086103, Rating 1: 732.5700.
ranking.algos.rank_fit - INFO - 90/1000, Change: 0.0076564, Rating 1: 732.5700.
ranking.algos.rank_fit - INFO - 91/1000, Change: 0.0066953, Rating 1: 732.5700.
ranking.algos.rank_fit - INFO - 92/1000, Change: 0.0068229, Rating 1: 732.5700.
ranking.algos.rank_fit - INFO - 93/1000, Change: 0.0066953, Rating 1: 732.5700.
ranking.algos.rank_fit - INFO - 94/1000, Change: 0.0060172, Rating 1: 732.5700.
ranking.algos.rank_fit - INFO - 95/1000, Change: 0.0050855, Rating 1: 732.5700.
ranking.algos.rank_fit - INFO - 96/1000, Change: 0.0039392, Rating 1: 732.5700.
ranking.algos.rank_fit - INFO - 97/1000, Change: 0.0039392, Rating 1: 732.5700.
ranking.algos.rank_fit - INFO - 98/1000, Change: 0.0037139, Rating 1: 732.5700.
ranking.algos.rank_fit - INFO - 99/1000, Change: 0.0032163, Rating 1: 732.5700.
ranking.algos.rank_fit - INFO - 100/1000, Change: 0.0037139, Rating 1: 732.5700.
ranking.algos.rank_fit - INFO - 101/1000, Change: 0.0029361, Rating 1: 732.5700.
ranking.algos.rank_fit - INFO - 102/1000, Change: 0.0029361, Rating 1: 732.5700.
ranking.algos.rank_fit - INFO - 103/1000, Change: 0.0029361, Rating 1: 732.5700.
ranking.algos.rank_fit - INFO - 104/1000, Change: 0.0029361, Rating 1: 732.5700.
ranking.algos.rank_fit - INFO - 105/1000, Change: 0.0018570, Rating 1: 732.5700.
ranking.algos.rank_fit - INFO - 106/1000, Change: 0.0018570, Rating 1: 732.5700.
ranking.algos.rank_fit - INFO - 107/1000, Change: 0.0018570, Rating 1: 732.5700.
ranking.algos.rank_fit - INFO - 108/1000, Change: 0.0018570, Rating 1: 732.5700.
ranking.algos.rank_fit - INFO - 109/1000, Change: 0.0013131, Rating 1: 732.5700.
ranking.algos.rank_fit - INFO - 110/1000, Change: 0.0013131, Rating 1: 732.5700.
ranking.algos.rank_fit - INFO - 111/1000, Change: 0.0013131, Rating 1: 732.5700.
ranking.algos.rank_fit - INFO - 112/1000, Change: 0.0018570, Rating 1: 732.5700.
ranking.algos.rank_fit - INFO - 113/1000, Change: 0.0013131, Rating 1: 732.5700.
ranking.algos.rank_fit - INFO - 114/1000, Change: 0.0026261, Rating 1: 732.5700.
ranking.algos.rank_fit - INFO - 115/1000, Change: 0.0018570, Rating 1: 732.5700.
ranking.algos.rank_fit - INFO - 116/1000, Change: 0.0018570, Rating 1: 732.5700.
ranking.algos.rank_fit - INFO - 117/1000, Change: 0.0026261, Rating 1: 732.5700.
ranking.algos.rank_fit - INFO - 118/1000, Change: 0.0018570, Rating 1: 732.5700.
ranking.algos.rank_fit - INFO - 119/1000, Change: 0.0000000, Rating 1: 732.5700.
ranking.data_preparation - INFO - RMSE: 264.95, Max Sum Resid: 0.16
ranking.data_preparation - INFO - Output files saved to output_eufonly_2023.
ranking.data_preparation - INFO - Applying USAU algorithm on the 2023-women-euf dataset.
ranking.games_dataset - INFO - Calculating ratings by USAU.
ranking.algos.rank_fit - INFO - 1/1000, Change: 130.2241631, Rating 1: 266.8600.
ranking.algos.rank_fit - INFO - 2/1000, Change: 70.5434752, Rating 1: 289.6500.
ranking.algos.rank_fit - INFO - 3/1000, Change: 48.7246561, Rating 1: 352.6300.
ranking.algos.rank_fit - INFO - 4/1000, Change: 37.0264154, Rating 1: 396.9200.
ranking.algos.rank_fit - INFO - 5/1000, Change: 30.0404081, Rating 1: 434.2100.
ranking.algos.rank_fit - INFO - 6/1000, Change: 24.1556258, Rating 1: 461.8300.
ranking.algos.rank_fit - INFO - 7/1000, Change: 19.6244850, Rating 1: 482.4700.
ranking.algos.rank_fit - INFO - 8/1000, Change: 16.9913667, Rating 1: 500.5000.
ranking.algos.rank_fit - INFO - 9/1000, Change: 14.6201946, Rating 1: 514.0400.
ranking.algos.rank_fit - INFO - 10/1000, Change: 12.6110062, Rating 1: 524.3600.
ranking.algos.rank_fit - INFO - 11/1000, Change: 10.9630014, Rating 1: 532.3400.
ranking.algos.rank_fit - INFO - 12/1000, Change: 9.5879064, Rating 1: 538.6000.
ranking.algos.rank_fit - INFO - 13/1000, Change: 8.4241646, Rating 1: 543.5600.
ranking.algos.rank_fit - INFO - 14/1000, Change: 7.4279001, Rating 1: 547.5200.
ranking.algos.rank_fit - INFO - 15/1000, Change: 6.6094354, Rating 1: 550.7300.
ranking.algos.rank_fit - INFO - 16/1000, Change: 5.8780496, Rating 1: 553.3600.
ranking.algos.rank_fit - INFO - 17/1000, Change: 5.2410524, Rating 1: 555.5500.
ranking.algos.rank_fit - INFO - 18/1000, Change: 4.6771622, Rating 1: 557.3900.
ranking.algos.rank_fit - INFO - 19/1000, Change: 4.1858583, Rating 1: 558.9500.
ranking.algos.rank_fit - INFO - 20/1000, Change: 3.7484130, Rating 1: 560.3000.
ranking.algos.rank_fit - INFO - 21/1000, Change: 3.4034546, Rating 1: 561.4800.
ranking.algos.rank_fit - INFO - 22/1000, Change: 3.0727946, Rating 1: 562.5100.
ranking.algos.rank_fit - INFO - 23/1000, Change: 2.7815116, Rating 1: 563.4200.
ranking.algos.rank_fit - INFO - 24/1000, Change: 2.5190593, Rating 1: 564.2200.
ranking.algos.rank_fit - INFO - 25/1000, Change: 2.2830849, Rating 1: 564.9400.
ranking.algos.rank_fit - INFO - 26/1000, Change: 2.0703800, Rating 1: 565.5900.
ranking.algos.rank_fit - INFO - 27/1000, Change: 1.8774451, Rating 1: 566.1700.
ranking.algos.rank_fit - INFO - 28/1000, Change: 1.7021418, Rating 1: 566.6900.
ranking.algos.rank_fit - INFO - 29/1000, Change: 1.5444114, Rating 1: 567.1600.
ranking.algos.rank_fit - INFO - 30/1000, Change: 1.4021650, Rating 1: 567.5900.
ranking.algos.rank_fit - INFO - 31/1000, Change: 1.2715699, Rating 1: 567.9700.
ranking.algos.rank_fit - INFO - 32/1000, Change: 1.1542501, Rating 1: 568.3200.
ranking.algos.rank_fit - INFO - 33/1000, Change: 1.0483463, Rating 1: 568.6300.
ranking.algos.rank_fit - INFO - 34/1000, Change: 0.9507243, Rating 1: 568.9200.
ranking.algos.rank_fit - INFO - 35/1000, Change: 0.8637284, Rating 1: 569.1800.
ranking.algos.rank_fit - INFO - 36/1000, Change: 0.7830815, Rating 1: 569.4100.
ranking.algos.rank_fit - INFO - 37/1000, Change: 0.7113344, Rating 1: 569.6200.
ranking.algos.rank_fit - INFO - 38/1000, Change: 0.6471141, Rating 1: 569.8200.
ranking.algos.rank_fit - INFO - 39/1000, Change: 0.5878747, Rating 1: 569.9900.
ranking.algos.rank_fit - INFO - 40/1000, Change: 0.5328383, Rating 1: 570.1500.
ranking.algos.rank_fit - INFO - 41/1000, Change: 0.4844791, Rating 1: 570.3000.
ranking.algos.rank_fit - INFO - 42/1000, Change: 0.4401060, Rating 1: 570.4300.
ranking.algos.rank_fit - INFO - 43/1000, Change: 0.3989904, Rating 1: 570.5500.
ranking.algos.rank_fit - INFO - 44/1000, Change: 0.3706301, Rating 1: 570.6600.
ranking.algos.rank_fit - INFO - 45/1000, Change: 0.3392590, Rating 1: 570.7500.
ranking.algos.rank_fit - INFO - 46/1000, Change: 0.3096880, Rating 1: 570.8400.
ranking.algos.rank_fit - INFO - 47/1000, Change: 0.2846694, Rating 1: 570.9200.
ranking.algos.rank_fit - INFO - 48/1000, Change: 0.2599872, Rating 1: 571.0000.
ranking.algos.rank_fit - INFO - 49/1000, Change: 0.2373886, Rating 1: 571.0600.
ranking.algos.rank_fit - INFO - 50/1000, Change: 0.2178302, Rating 1: 571.1200.
ranking.algos.rank_fit - INFO - 51/1000, Change: 0.1973407, Rating 1: 571.1800.
ranking.algos.rank_fit - INFO - 52/1000, Change: 0.1800926, Rating 1: 571.2300.
ranking.algos.rank_fit - INFO - 53/1000, Change: 0.1645803, Rating 1: 571.2800.
ranking.algos.rank_fit - INFO - 54/1000, Change: 0.1508752, Rating 1: 571.3200.
ranking.algos.rank_fit - INFO - 55/1000, Change: 0.1378888, Rating 1: 571.3600.
ranking.algos.rank_fit - INFO - 56/1000, Change: 0.1248199, Rating 1: 571.3900.
ranking.algos.rank_fit - INFO - 57/1000, Change: 0.1154701, Rating 1: 571.4200.
ranking.algos.rank_fit - INFO - 58/1000, Change: 0.1045626, Rating 1: 571.4500.
ranking.algos.rank_fit - INFO - 59/1000, Change: 0.0956731, Rating 1: 571.4800.
ranking.algos.rank_fit - INFO - 60/1000, Change: 0.0879773, Rating 1: 571.5000.
ranking.algos.rank_fit - INFO - 61/1000, Change: 0.0802081, Rating 1: 571.5200.
ranking.algos.rank_fit - INFO - 62/1000, Change: 0.0731209, Rating 1: 571.5400.
ranking.algos.rank_fit - INFO - 63/1000, Change: 0.0666083, Rating 1: 571.5600.
ranking.algos.rank_fit - INFO - 64/1000, Change: 0.0606080, Rating 1: 571.5800.
ranking.algos.rank_fit - INFO - 65/1000, Change: 0.0551060, Rating 1: 571.6000.
ranking.algos.rank_fit - INFO - 66/1000, Change: 0.0514134, Rating 1: 571.6100.
ranking.algos.rank_fit - INFO - 67/1000, Change: 0.0460435, Rating 1: 571.6200.
ranking.algos.rank_fit - INFO - 68/1000, Change: 0.0426615, Rating 1: 571.6300.
ranking.algos.rank_fit - INFO - 69/1000, Change: 0.0379473, Rating 1: 571.6400.
ranking.algos.rank_fit - INFO - 70/1000, Change: 0.0342540, Rating 1: 571.6500.
ranking.algos.rank_fit - INFO - 71/1000, Change: 0.0315172, Rating 1: 571.6600.
ranking.algos.rank_fit - INFO - 72/1000, Change: 0.0289828, Rating 1: 571.6700.
ranking.algos.rank_fit - INFO - 73/1000, Change: 0.0267706, Rating 1: 571.6800.
ranking.algos.rank_fit - INFO - 74/1000, Change: 0.0250333, Rating 1: 571.6900.
ranking.algos.rank_fit - INFO - 75/1000, Change: 0.0225832, Rating 1: 571.7000.
ranking.algos.rank_fit - INFO - 76/1000, Change: 0.0205751, Rating 1: 571.7000.
ranking.algos.rank_fit - INFO - 77/1000, Change: 0.0182574, Rating 1: 571.7100.
ranking.algos.rank_fit - INFO - 78/1000, Change: 0.0175119, Rating 1: 571.7100.
ranking.algos.rank_fit - INFO - 79/1000, Change: 0.0165328, Rating 1: 571.7200.
ranking.algos.rank_fit - INFO - 80/1000, Change: 0.0150555, Rating 1: 571.7200.
ranking.algos.rank_fit - INFO - 81/1000, Change: 0.0144914, Rating 1: 571.7200.
ranking.algos.rank_fit - INFO - 82/1000, Change: 0.0121106, Rating 1: 571.7300.
ranking.algos.rank_fit - INFO - 83/1000, Change: 0.0112546, Rating 1: 571.7300.
ranking.algos.rank_fit - INFO - 84/1000, Change: 0.0098319, Rating 1: 571.7300.
ranking.algos.rank_fit - INFO - 85/1000, Change: 0.0091287, Rating 1: 571.7300.
ranking.algos.rank_fit - INFO - 86/1000, Change: 0.0079582, Rating 1: 571.7300.
ranking.algos.rank_fit - INFO - 87/1000, Change: 0.0068313, Rating 1: 571.7300.
ranking.algos.rank_fit - INFO - 88/1000, Change: 0.0063246, Rating 1: 571.7300.
ranking.algos.rank_fit - INFO - 89/1000, Change: 0.0063246, Rating 1: 571.7300.
ranking.algos.rank_fit - INFO - 90/1000, Change: 0.0063246, Rating 1: 571.7300.
ranking.algos.rank_fit - INFO - 91/1000, Change: 0.0060553, Rating 1: 571.7300.
ranking.algos.rank_fit - INFO - 92/1000, Change: 0.0060553, Rating 1: 571.7300.
ranking.algos.rank_fit - INFO - 93/1000, Change: 0.0051640, Rating 1: 571.7300.
ranking.algos.rank_fit - INFO - 94/1000, Change: 0.0044721, Rating 1: 571.7300.
ranking.algos.rank_fit - INFO - 95/1000, Change: 0.0044721, Rating 1: 571.7300.
ranking.algos.rank_fit - INFO - 96/1000, Change: 0.0036515, Rating 1: 571.7300.
ranking.algos.rank_fit - INFO - 97/1000, Change: 0.0036515, Rating 1: 571.7300.
ranking.algos.rank_fit - INFO - 98/1000, Change: 0.0036515, Rating 1: 571.7300.
ranking.algos.rank_fit - INFO - 99/1000, Change: 0.0031623, Rating 1: 571.7300.
ranking.algos.rank_fit - INFO - 100/1000, Change: 0.0031623, Rating 1: 571.7300.
ranking.algos.rank_fit - INFO - 101/1000, Change: 0.0025820, Rating 1: 571.7300.
ranking.algos.rank_fit - INFO - 102/1000, Change: 0.0036515, Rating 1: 571.7300.
ranking.algos.rank_fit - INFO - 103/1000, Change: 0.0025820, Rating 1: 571.7300.
ranking.algos.rank_fit - INFO - 104/1000, Change: 0.0018257, Rating 1: 571.7300.
ranking.algos.rank_fit - INFO - 105/1000, Change: 0.0018257, Rating 1: 571.7300.
ranking.algos.rank_fit - INFO - 106/1000, Change: 0.0018257, Rating 1: 571.7300.
ranking.algos.rank_fit - INFO - 107/1000, Change: 0.0018257, Rating 1: 571.7300.
ranking.algos.rank_fit - INFO - 108/1000, Change: 0.0000000, Rating 1: 571.7300.
ranking.data_preparation - INFO - RMSE: 269.84, Max Sum Resid: 0.15
ranking.data_preparation - INFO - Output files saved to output_eufonly_2023.
