ranking.data_preparation - INFO - Applying USAU algorithm on the EUF-2023-mixed dataset.
ranking.games_dataset - INFO - Calculating ratings by USAU.
ranking.algos.rank_fit - INFO - 1/1000, Change: 122.8111715, Rating 1: 210.2000.
ranking.algos.rank_fit - INFO - 2/1000, Change: 63.9475984, Rating 1: 313.4500.
ranking.algos.rank_fit - INFO - 3/1000, Change: 40.1568813, Rating 1: 364.3100.
ranking.algos.rank_fit - INFO - 4/1000, Change: 28.2211340, Rating 1: 390.2900.
ranking.algos.rank_fit - INFO - 5/1000, Change: 22.5004723, Rating 1: 408.6300.
ranking.algos.rank_fit - INFO - 6/1000, Change: 18.3983466, Rating 1: 441.4300.
ranking.algos.rank_fit - INFO - 7/1000, Change: 15.3721760, Rating 1: 467.2800.
ranking.algos.rank_fit - INFO - 8/1000, Change: 13.0418574, Rating 1: 488.3600.
ranking.algos.rank_fit - INFO - 9/1000, Change: 11.2432286, Rating 1: 505.7300.
ranking.algos.rank_fit - INFO - 10/1000, Change: 9.7356492, Rating 1: 520.2100.
ranking.algos.rank_fit - INFO - 11/1000, Change: 8.4717510, Rating 1: 532.3700.
ranking.algos.rank_fit - INFO - 12/1000, Change: 7.4042980, Rating 1: 542.6500.
ranking.algos.rank_fit - INFO - 13/1000, Change: 6.5007548, Rating 1: 551.3800.
ranking.algos.rank_fit - INFO - 14/1000, Change: 5.7310659, Rating 1: 558.8400.
ranking.algos.rank_fit - INFO - 15/1000, Change: 5.0741913, Rating 1: 565.2400.
ranking.algos.rank_fit - INFO - 16/1000, Change: 4.5119164, Rating 1: 570.7500.
ranking.algos.rank_fit - INFO - 17/1000, Change: 4.0285773, Rating 1: 575.5300.
ranking.algos.rank_fit - INFO - 18/1000, Change: 3.6118374, Rating 1: 579.6800.
ranking.algos.rank_fit - INFO - 19/1000, Change: 3.2500513, Rating 1: 583.3000.
ranking.algos.rank_fit - INFO - 20/1000, Change: 2.9347251, Rating 1: 586.4700.
ranking.algos.rank_fit - INFO - 21/1000, Change: 2.6603903, Rating 1: 589.2600.
ranking.algos.rank_fit - INFO - 22/1000, Change: 2.4179129, Rating 1: 591.7200.
ranking.algos.rank_fit - INFO - 23/1000, Change: 2.2056091, Rating 1: 593.9000.
ranking.algos.rank_fit - INFO - 24/1000, Change: 2.0155745, Rating 1: 595.8400.
ranking.algos.rank_fit - INFO - 25/1000, Change: 1.8471639, Rating 1: 597.5700.
ranking.algos.rank_fit - INFO - 26/1000, Change: 1.6963392, Rating 1: 599.1200.
ranking.algos.rank_fit - INFO - 27/1000, Change: 1.5597347, Rating 1: 600.5000.
ranking.algos.rank_fit - INFO - 28/1000, Change: 1.4443001, Rating 1: 601.7500.
ranking.algos.rank_fit - INFO - 29/1000, Change: 1.3357352, Rating 1: 602.8700.
ranking.algos.rank_fit - INFO - 30/1000, Change: 1.2357583, Rating 1: 603.8900.
ranking.algos.rank_fit - INFO - 31/1000, Change: 1.1454251, Rating 1: 604.8100.
ranking.algos.rank_fit - INFO - 32/1000, Change: 1.0629375, Rating 1: 605.6500.
ranking.algos.rank_fit - INFO - 33/1000, Change: 0.9865340, Rating 1: 606.4200.
ranking.algos.rank_fit - INFO - 34/1000, Change: 0.9172146, Rating 1: 607.1200.
ranking.algos.rank_fit - INFO - 35/1000, Change: 0.8520972, Rating 1: 607.7600.
ranking.algos.rank_fit - INFO - 36/1000, Change: 0.7928284, Rating 1: 608.3500.
ranking.algos.rank_fit - INFO - 37/1000, Change: 0.7375046, Rating 1: 608.8900.
ranking.algos.rank_fit - INFO - 38/1000, Change: 0.6861708, Rating 1: 609.3800.
ranking.algos.rank_fit - INFO - 39/1000, Change: 0.6395719, Rating 1: 609.8400.
ranking.algos.rank_fit - INFO - 40/1000, Change: 0.5965748, Rating 1: 610.2600.
ranking.algos.rank_fit - INFO - 41/1000, Change: 0.5563168, Rating 1: 610.6500.
ranking.algos.rank_fit - INFO - 42/1000, Change: 0.5187010, Rating 1: 611.0100.
ranking.algos.rank_fit - INFO - 43/1000, Change: 0.4829754, Rating 1: 611.3400.
ranking.algos.rank_fit - INFO - 44/1000, Change: 0.4505600, Rating 1: 611.6500.
ranking.algos.rank_fit - INFO - 45/1000, Change: 0.4201708, Rating 1: 611.9300.
ranking.algos.rank_fit - INFO - 46/1000, Change: 0.3918555, Rating 1: 612.1900.
ranking.algos.rank_fit - INFO - 47/1000, Change: 0.3661531, Rating 1: 612.4400.
ranking.algos.rank_fit - INFO - 48/1000, Change: 0.3419319, Rating 1: 612.6700.
ranking.algos.rank_fit - INFO - 49/1000, Change: 0.3188771, Rating 1: 612.8800.
ranking.algos.rank_fit - INFO - 50/1000, Change: 0.2978279, Rating 1: 613.0700.
ranking.algos.rank_fit - INFO - 51/1000, Change: 0.2769581, Rating 1: 613.2500.
ranking.algos.rank_fit - INFO - 52/1000, Change: 0.2598690, Rating 1: 613.4200.
ranking.algos.rank_fit - INFO - 53/1000, Change: 0.2425080, Rating 1: 613.5800.
ranking.algos.rank_fit - INFO - 54/1000, Change: 0.2259890, Rating 1: 613.7300.
ranking.algos.rank_fit - INFO - 55/1000, Change: 0.2116875, Rating 1: 613.8600.
ranking.algos.rank_fit - INFO - 56/1000, Change: 0.1977885, Rating 1: 613.9900.
ranking.algos.rank_fit - INFO - 57/1000, Change: 0.1839266, Rating 1: 614.1100.
ranking.algos.rank_fit - INFO - 58/1000, Change: 0.1715023, Rating 1: 614.2200.
ranking.algos.rank_fit - INFO - 59/1000, Change: 0.1597144, Rating 1: 614.3200.
ranking.algos.rank_fit - INFO - 60/1000, Change: 0.1497147, Rating 1: 614.4200.
ranking.algos.rank_fit - INFO - 61/1000, Change: 0.1400621, Rating 1: 614.5100.
ranking.algos.rank_fit - INFO - 62/1000, Change: 0.1316726, Rating 1: 614.5900.
ranking.algos.rank_fit - INFO - 63/1000, Change: 0.1223265, Rating 1: 614.6700.
ranking.algos.rank_fit - INFO - 64/1000, Change: 0.1146956, Rating 1: 614.7400.
ranking.algos.rank_fit - INFO - 65/1000, Change: 0.1075282, Rating 1: 614.8100.
ranking.algos.rank_fit - INFO - 66/1000, Change: 0.0992800, Rating 1: 614.8700.
ranking.algos.rank_fit - INFO - 67/1000, Change: 0.0933825, Rating 1: 614.9300.
ranking.algos.rank_fit - INFO - 68/1000, Change: 0.0874104, Rating 1: 614.9900.
ranking.algos.rank_fit - INFO - 69/1000, Change: 0.0811422, Rating 1: 615.0400.
ranking.algos.rank_fit - INFO - 70/1000, Change: 0.0763193, Rating 1: 615.0900.
ranking.algos.rank_fit - INFO - 71/1000, Change: 0.0709766, Rating 1: 615.1300.
ranking.algos.rank_fit - INFO - 72/1000, Change: 0.0671576, Rating 1: 615.1700.
ranking.algos.rank_fit - INFO - 73/1000, Change: 0.0624848, Rating 1: 615.2100.
ranking.algos.rank_fit - INFO - 74/1000, Change: 0.0579230, Rating 1: 615.2500.
ranking.algos.rank_fit - INFO - 75/1000, Change: 0.0545336, Rating 1: 615.2800.
ranking.algos.rank_fit - INFO - 76/1000, Change: 0.0511746, Rating 1: 615.3100.
ranking.algos.rank_fit - INFO - 77/1000, Change: 0.0472275, Rating 1: 615.3400.
ranking.algos.rank_fit - INFO - 78/1000, Change: 0.0444450, Rating 1: 615.3700.
ranking.algos.rank_fit - INFO - 79/1000, Change: 0.0417723, Rating 1: 615.4000.
ranking.algos.rank_fit - INFO - 80/1000, Change: 0.0380693, Rating 1: 615.4200.
ranking.algos.rank_fit - INFO - 81/1000, Change: 0.0365743, Rating 1: 615.4400.
ranking.algos.rank_fit - INFO - 82/1000, Change: 0.0341353, Rating 1: 615.4600.
ranking.algos.rank_fit - INFO - 83/1000, Change: 0.0304793, Rating 1: 615.4800.
ranking.algos.rank_fit - INFO - 84/1000, Change: 0.0291423, Rating 1: 615.5000.
ranking.algos.rank_fit - INFO - 85/1000, Change: 0.0277410, Rating 1: 615.5200.
ranking.algos.rank_fit - INFO - 86/1000, Change: 0.0259598, Rating 1: 615.5400.
ranking.algos.rank_fit - INFO - 87/1000, Change: 0.0244060, Rating 1: 615.5500.
ranking.algos.rank_fit - INFO - 88/1000, Change: 0.0229050, Rating 1: 615.5600.
ranking.algos.rank_fit - INFO - 89/1000, Change: 0.0212303, Rating 1: 615.5700.
ranking.algos.rank_fit - INFO - 90/1000, Change: 0.0195604, Rating 1: 615.5900.
ranking.algos.rank_fit - INFO - 91/1000, Change: 0.0183366, Rating 1: 615.6000.
ranking.algos.rank_fit - INFO - 92/1000, Change: 0.0176109, Rating 1: 615.6100.
ranking.algos.rank_fit - INFO - 93/1000, Change: 0.0161963, Rating 1: 615.6200.
ranking.algos.rank_fit - INFO - 94/1000, Change: 0.0152277, Rating 1: 615.6300.
ranking.algos.rank_fit - INFO - 95/1000, Change: 0.0143456, Rating 1: 615.6400.
ranking.algos.rank_fit - INFO - 96/1000, Change: 0.0138836, Rating 1: 615.6500.
ranking.algos.rank_fit - INFO - 97/1000, Change: 0.0127404, Rating 1: 615.6600.
ranking.algos.rank_fit - INFO - 98/1000, Change: 0.0117338, Rating 1: 615.6700.
ranking.algos.rank_fit - INFO - 99/1000, Change: 0.0114208, Rating 1: 615.6700.
ranking.algos.rank_fit - INFO - 100/1000, Change: 0.0100000, Rating 1: 615.6800.
ranking.algos.rank_fit - INFO - 101/1000, Change: 0.0091683, Rating 1: 615.6800.
ranking.algos.rank_fit - INFO - 102/1000, Change: 0.0097058, Rating 1: 615.6900.
ranking.algos.rank_fit - INFO - 103/1000, Change: 0.0091683, Rating 1: 615.6900.
ranking.algos.rank_fit - INFO - 104/1000, Change: 0.0078942, Rating 1: 615.6900.
ranking.algos.rank_fit - INFO - 105/1000, Change: 0.0074211, Rating 1: 615.7000.
ranking.algos.rank_fit - INFO - 106/1000, Change: 0.0070196, Rating 1: 615.7000.
ranking.algos.rank_fit - INFO - 107/1000, Change: 0.0071221, Rating 1: 615.7000.
ranking.algos.rank_fit - INFO - 108/1000, Change: 0.0069156, Rating 1: 615.7100.
ranking.algos.rank_fit - INFO - 109/1000, Change: 0.0067028, Rating 1: 615.7100.
ranking.algos.rank_fit - INFO - 110/1000, Change: 0.0057735, Rating 1: 615.7100.
ranking.algos.rank_fit - INFO - 111/1000, Change: 0.0060193, Rating 1: 615.7200.
ranking.algos.rank_fit - INFO - 112/1000, Change: 0.0057735, Rating 1: 615.7200.
ranking.algos.rank_fit - INFO - 113/1000, Change: 0.0055168, Rating 1: 615.7200.
ranking.algos.rank_fit - INFO - 114/1000, Change: 0.0048154, Rating 1: 615.7200.
ranking.algos.rank_fit - INFO - 115/1000, Change: 0.0048154, Rating 1: 615.7200.
ranking.algos.rank_fit - INFO - 116/1000, Change: 0.0043406, Rating 1: 615.7300.
ranking.algos.rank_fit - INFO - 117/1000, Change: 0.0048154, Rating 1: 615.7300.
ranking.algos.rank_fit - INFO - 118/1000, Change: 0.0034050, Rating 1: 615.7300.
ranking.algos.rank_fit - INFO - 119/1000, Change: 0.0041703, Rating 1: 615.7300.
ranking.algos.rank_fit - INFO - 120/1000, Change: 0.0039927, Rating 1: 615.7300.
ranking.algos.rank_fit - INFO - 121/1000, Change: 0.0031851, Rating 1: 615.7300.
ranking.algos.rank_fit - INFO - 122/1000, Change: 0.0031851, Rating 1: 615.7300.
ranking.algos.rank_fit - INFO - 123/1000, Change: 0.0026919, Rating 1: 615.7300.
ranking.algos.rank_fit - INFO - 124/1000, Change: 0.0029488, Rating 1: 615.7300.
ranking.algos.rank_fit - INFO - 125/1000, Change: 0.0026919, Rating 1: 615.7300.
ranking.algos.rank_fit - INFO - 126/1000, Change: 0.0024077, Rating 1: 615.7300.
ranking.algos.rank_fit - INFO - 127/1000, Change: 0.0020851, Rating 1: 615.7300.
ranking.algos.rank_fit - INFO - 128/1000, Change: 0.0017025, Rating 1: 615.7300.
ranking.algos.rank_fit - INFO - 129/1000, Change: 0.0012039, Rating 1: 615.7300.
ranking.algos.rank_fit - INFO - 130/1000, Change: 0.0020851, Rating 1: 615.7300.
ranking.algos.rank_fit - INFO - 131/1000, Change: 0.0017025, Rating 1: 615.7300.
ranking.algos.rank_fit - INFO - 132/1000, Change: 0.0017025, Rating 1: 615.7300.
ranking.algos.rank_fit - INFO - 133/1000, Change: 0.0017025, Rating 1: 615.7300.
ranking.algos.rank_fit - INFO - 134/1000, Change: 0.0017025, Rating 1: 615.7300.
ranking.algos.rank_fit - INFO - 135/1000, Change: 0.0012039, Rating 1: 615.7300.
ranking.algos.rank_fit - INFO - 136/1000, Change: 0.0000000, Rating 1: 615.7300.
ranking.data_preparation - INFO - RMSE: 256.92, Max Sum Resid: 0.15
ranking.data_preparation - INFO - Output files saved to output_demo_2023.
ranking.data_preparation - INFO - Applying USAU algorithm on the EUF-2023-open dataset.
ranking.games_dataset - INFO - Calculating ratings by USAU.
ranking.algos.rank_fit - INFO - 1/1000, Change: 117.4431821, Rating 1: 197.2000.
ranking.algos.rank_fit - INFO - 2/1000, Change: 63.6045490, Rating 1: 314.2500.
ranking.algos.rank_fit - INFO - 3/1000, Change: 43.2395865, Rating 1: 400.5200.
ranking.algos.rank_fit - INFO - 4/1000, Change: 32.4781636, Rating 1: 470.3300.
ranking.algos.rank_fit - INFO - 5/1000, Change: 25.4526164, Rating 1: 523.0800.
ranking.algos.rank_fit - INFO - 6/1000, Change: 20.5652715, Rating 1: 563.6000.
ranking.algos.rank_fit - INFO - 7/1000, Change: 17.1736531, Rating 1: 598.2000.
ranking.algos.rank_fit - INFO - 8/1000, Change: 14.3012686, Rating 1: 624.9400.
ranking.algos.rank_fit - INFO - 9/1000, Change: 12.1944656, Rating 1: 646.0800.
ranking.algos.rank_fit - INFO - 10/1000, Change: 10.3964162, Rating 1: 663.3700.
ranking.algos.rank_fit - INFO - 11/1000, Change: 8.9664516, Rating 1: 677.6300.
ranking.algos.rank_fit - INFO - 12/1000, Change: 7.6998147, Rating 1: 689.6200.
ranking.algos.rank_fit - INFO - 13/1000, Change: 6.6298020, Rating 1: 699.7200.
ranking.algos.rank_fit - INFO - 14/1000, Change: 5.7220121, Rating 1: 708.2600.
ranking.algos.rank_fit - INFO - 15/1000, Change: 4.9481691, Rating 1: 715.5000.
ranking.algos.rank_fit - INFO - 16/1000, Change: 4.2884102, Rating 1: 721.6500.
ranking.algos.rank_fit - INFO - 17/1000, Change: 4.3760974, Rating 1: 726.9000.
ranking.algos.rank_fit - INFO - 18/1000, Change: 4.0775244, Rating 1: 731.4000.
ranking.algos.rank_fit - INFO - 19/1000, Change: 3.6948720, Rating 1: 735.2600.
ranking.algos.rank_fit - INFO - 20/1000, Change: 3.3437608, Rating 1: 738.5800.
ranking.algos.rank_fit - INFO - 21/1000, Change: 3.0291999, Rating 1: 741.4400.
ranking.algos.rank_fit - INFO - 22/1000, Change: 2.7485607, Rating 1: 743.9000.
ranking.algos.rank_fit - INFO - 23/1000, Change: 2.5002369, Rating 1: 746.0400.
ranking.algos.rank_fit - INFO - 24/1000, Change: 2.2773953, Rating 1: 747.8900.
ranking.algos.rank_fit - INFO - 25/1000, Change: 2.0770327, Rating 1: 749.4900.
ranking.algos.rank_fit - INFO - 26/1000, Change: 1.8997461, Rating 1: 750.8900.
ranking.algos.rank_fit - INFO - 27/1000, Change: 1.7373786, Rating 1: 752.1100.
ranking.algos.rank_fit - INFO - 28/1000, Change: 1.5918874, Rating 1: 753.1700.
ranking.algos.rank_fit - INFO - 29/1000, Change: 1.4594355, Rating 1: 754.1000.
ranking.algos.rank_fit - INFO - 30/1000, Change: 1.3388049, Rating 1: 754.9200.
ranking.algos.rank_fit - INFO - 31/1000, Change: 1.2293506, Rating 1: 755.6400.
ranking.algos.rank_fit - INFO - 32/1000, Change: 1.1289700, Rating 1: 756.2800.
ranking.algos.rank_fit - INFO - 33/1000, Change: 1.0377060, Rating 1: 756.8400.
ranking.algos.rank_fit - INFO - 34/1000, Change: 0.9532162, Rating 1: 757.3400.
ranking.algos.rank_fit - INFO - 35/1000, Change: 0.8769883, Rating 1: 757.7800.
ranking.algos.rank_fit - INFO - 36/1000, Change: 0.8057435, Rating 1: 758.1700.
ranking.algos.rank_fit - INFO - 37/1000, Change: 0.7421476, Rating 1: 758.5100.
ranking.algos.rank_fit - INFO - 38/1000, Change: 0.6835584, Rating 1: 758.8200.
ranking.algos.rank_fit - INFO - 39/1000, Change: 0.6282650, Rating 1: 759.0900.
ranking.algos.rank_fit - INFO - 40/1000, Change: 0.5791154, Rating 1: 759.3400.
ranking.algos.rank_fit - INFO - 41/1000, Change: 0.5323414, Rating 1: 759.5600.
ranking.algos.rank_fit - INFO - 42/1000, Change: 0.4903635, Rating 1: 759.7500.
ranking.algos.rank_fit - INFO - 43/1000, Change: 0.4516839, Rating 1: 759.9200.
ranking.algos.rank_fit - INFO - 44/1000, Change: 0.4151175, Rating 1: 760.0800.
ranking.algos.rank_fit - INFO - 45/1000, Change: 0.3816569, Rating 1: 760.2200.
ranking.algos.rank_fit - INFO - 46/1000, Change: 0.3524022, Rating 1: 760.3500.
ranking.algos.rank_fit - INFO - 47/1000, Change: 0.3246081, Rating 1: 760.4600.
ranking.algos.rank_fit - INFO - 48/1000, Change: 0.2983216, Rating 1: 760.5600.
ranking.algos.rank_fit - INFO - 49/1000, Change: 0.2748213, Rating 1: 760.6600.
ranking.algos.rank_fit - INFO - 50/1000, Change: 0.2537965, Rating 1: 760.7400.
ranking.algos.rank_fit - INFO - 51/1000, Change: 0.2328543, Rating 1: 760.8200.
ranking.algos.rank_fit - INFO - 52/1000, Change: 0.2146566, Rating 1: 760.8900.
ranking.algos.rank_fit - INFO - 53/1000, Change: 0.1984943, Rating 1: 760.9500.
ranking.algos.rank_fit - INFO - 54/1000, Change: 0.1821623, Rating 1: 761.0100.
ranking.algos.rank_fit - INFO - 55/1000, Change: 0.1675003, Rating 1: 761.0600.
ranking.algos.rank_fit - INFO - 56/1000, Change: 0.1547510, Rating 1: 761.1000.
ranking.algos.rank_fit - INFO - 57/1000, Change: 0.1414413, Rating 1: 761.1400.
ranking.algos.rank_fit - INFO - 58/1000, Change: 0.1311058, Rating 1: 761.1800.
ranking.algos.rank_fit - INFO - 59/1000, Change: 0.1207955, Rating 1: 761.2100.
ranking.algos.rank_fit - INFO - 60/1000, Change: 0.1109879, Rating 1: 761.2400.
ranking.algos.rank_fit - INFO - 61/1000, Change: 0.1021184, Rating 1: 761.2700.
ranking.algos.rank_fit - INFO - 62/1000, Change: 0.0939958, Rating 1: 761.2900.
ranking.algos.rank_fit - INFO - 63/1000, Change: 0.0857855, Rating 1: 761.3200.
ranking.algos.rank_fit - INFO - 64/1000, Change: 0.0797531, Rating 1: 761.3400.
ranking.algos.rank_fit - INFO - 65/1000, Change: 0.0735900, Rating 1: 761.3600.
ranking.algos.rank_fit - INFO - 66/1000, Change: 0.0680720, Rating 1: 761.3800.
ranking.algos.rank_fit - INFO - 67/1000, Change: 0.0619518, Rating 1: 761.3900.
ranking.algos.rank_fit - INFO - 68/1000, Change: 0.0565685, Rating 1: 761.4000.
ranking.algos.rank_fit - INFO - 69/1000, Change: 0.0521104, Rating 1: 761.4200.
ranking.algos.rank_fit - INFO - 70/1000, Change: 0.0487593, Rating 1: 761.4300.
ranking.algos.rank_fit - INFO - 71/1000, Change: 0.0440870, Rating 1: 761.4400.
ranking.algos.rank_fit - INFO - 72/1000, Change: 0.0405768, Rating 1: 761.4500.
ranking.algos.rank_fit - INFO - 73/1000, Change: 0.0379028, Rating 1: 761.4600.
ranking.algos.rank_fit - INFO - 74/1000, Change: 0.0353653, Rating 1: 761.4700.
ranking.algos.rank_fit - INFO - 75/1000, Change: 0.0329746, Rating 1: 761.4800.
ranking.algos.rank_fit - INFO - 76/1000, Change: 0.0294790, Rating 1: 761.4800.
ranking.algos.rank_fit - INFO - 77/1000, Change: 0.0268013, Rating 1: 761.4900.
ranking.algos.rank_fit - INFO - 78/1000, Change: 0.0257288, Rating 1: 761.5000.
ranking.algos.rank_fit - INFO - 79/1000, Change: 0.0234971, Rating 1: 761.5000.
ranking.algos.rank_fit - INFO - 80/1000, Change: 0.0214279, Rating 1: 761.5100.
ranking.algos.rank_fit - INFO - 81/1000, Change: 0.0198232, Rating 1: 761.5100.
ranking.algos.rank_fit - INFO - 82/1000, Change: 0.0178807, Rating 1: 761.5200.
ranking.algos.rank_fit - INFO - 83/1000, Change: 0.0164016, Rating 1: 761.5200.
ranking.algos.rank_fit - INFO - 84/1000, Change: 0.0152906, Rating 1: 761.5200.
ranking.algos.rank_fit - INFO - 85/1000, Change: 0.0144378, Rating 1: 761.5300.
ranking.algos.rank_fit - INFO - 86/1000, Change: 0.0133216, Rating 1: 761.5300.
ranking.algos.rank_fit - INFO - 87/1000, Change: 0.0118678, Rating 1: 761.5300.
ranking.algos.rank_fit - INFO - 88/1000, Change: 0.0108770, Rating 1: 761.5300.
ranking.algos.rank_fit - INFO - 89/1000, Change: 0.0112588, Rating 1: 761.5300.
ranking.algos.rank_fit - INFO - 90/1000, Change: 0.0102091, Rating 1: 761.5300.
ranking.algos.rank_fit - INFO - 91/1000, Change: 0.0085580, Rating 1: 761.5300.
ranking.algos.rank_fit - INFO - 92/1000, Change: 0.0082223, Rating 1: 761.5300.
ranking.algos.rank_fit - INFO - 93/1000, Change: 0.0071207, Rating 1: 761.5300.
ranking.algos.rank_fit - INFO - 94/1000, Change: 0.0062799, Rating 1: 761.5300.
ranking.algos.rank_fit - INFO - 95/1000, Change: 0.0061667, Rating 1: 761.5300.
ranking.algos.rank_fit - INFO - 96/1000, Change: 0.0054385, Rating 1: 761.5300.
ranking.algos.rank_fit - INFO - 97/1000, Change: 0.0055665, Rating 1: 761.5300.
ranking.algos.rank_fit - INFO - 98/1000, Change: 0.0048932, Rating 1: 761.5300.
ranking.algos.rank_fit - INFO - 99/1000, Change: 0.0042790, Rating 1: 761.5300.
ranking.algos.rank_fit - INFO - 100/1000, Change: 0.0041111, Rating 1: 761.5300.
ranking.algos.rank_fit - INFO - 101/1000, Change: 0.0035603, Rating 1: 761.5300.
ranking.algos.rank_fit - INFO - 102/1000, Change: 0.0031399, Rating 1: 761.5300.
ranking.algos.rank_fit - INFO - 103/1000, Change: 0.0037529, Rating 1: 761.5300.
ranking.algos.rank_fit - INFO - 104/1000, Change: 0.0029070, Rating 1: 761.5300.
ranking.algos.rank_fit - INFO - 105/1000, Change: 0.0029070, Rating 1: 761.5300.
ranking.algos.rank_fit - INFO - 106/1000, Change: 0.0029070, Rating 1: 761.5300.
ranking.algos.rank_fit - INFO - 107/1000, Change: 0.0026537, Rating 1: 761.5300.
ranking.algos.rank_fit - INFO - 108/1000, Change: 0.0016784, Rating 1: 761.5300.
ranking.algos.rank_fit - INFO - 109/1000, Change: 0.0020556, Rating 1: 761.5300.
ranking.algos.rank_fit - INFO - 110/1000, Change: 0.0023736, Rating 1: 761.5300.
ranking.algos.rank_fit - INFO - 111/1000, Change: 0.0020556, Rating 1: 761.5300.
ranking.algos.rank_fit - INFO - 112/1000, Change: 0.0016784, Rating 1: 761.5300.
ranking.algos.rank_fit - INFO - 113/1000, Change: 0.0016784, Rating 1: 761.5300.
ranking.algos.rank_fit - INFO - 114/1000, Change: 0.0011868, Rating 1: 761.5300.
ranking.algos.rank_fit - INFO - 115/1000, Change: 0.0016784, Rating 1: 761.5300.
ranking.algos.rank_fit - INFO - 116/1000, Change: 0.0011868, Rating 1: 761.5300.
ranking.algos.rank_fit - INFO - 117/1000, Change: 0.0011868, Rating 1: 761.5300.
ranking.algos.rank_fit - INFO - 118/1000, Change: 0.0011868, Rating 1: 761.5300.
ranking.algos.rank_fit - INFO - 119/1000, Change: 0.0011868, Rating 1: 761.5300.
ranking.algos.rank_fit - INFO - 120/1000, Change: 0.0000000, Rating 1: 761.5300.
ranking.data_preparation - INFO - RMSE: 264.24, Max Sum Resid: 0.17
ranking.data_preparation - INFO - Output files saved to output_demo_2023.
ranking.data_preparation - INFO - Applying USAU algorithm on the EUF-2023-women dataset.
ranking.games_dataset - INFO - Calculating ratings by USAU.
ranking.algos.rank_fit - INFO - 1/1000, Change: 159.3362886, Rating 1: 266.8600.
ranking.algos.rank_fit - INFO - 2/1000, Change: 76.5353537, Rating 1: 334.9600.
ranking.algos.rank_fit - INFO - 3/1000, Change: 49.7615026, Rating 1: 403.4000.
ranking.algos.rank_fit - INFO - 4/1000, Change: 34.4191086, Rating 1: 445.7300.
ranking.algos.rank_fit - INFO - 5/1000, Change: 26.3156570, Rating 1: 473.7700.
ranking.algos.rank_fit - INFO - 6/1000, Change: 19.8344661, Rating 1: 493.7300.
ranking.algos.rank_fit - INFO - 7/1000, Change: 15.3315053, Rating 1: 508.8400.
ranking.algos.rank_fit - INFO - 8/1000, Change: 12.1706010, Rating 1: 520.7000.
ranking.algos.rank_fit - INFO - 9/1000, Change: 9.8841385, Rating 1: 530.3000.
ranking.algos.rank_fit - INFO - 10/1000, Change: 8.1924088, Rating 1: 538.2600.
ranking.algos.rank_fit - INFO - 11/1000, Change: 6.9184640, Rating 1: 545.0000.
ranking.algos.rank_fit - INFO - 12/1000, Change: 5.9397202, Rating 1: 550.8000.
ranking.algos.rank_fit - INFO - 13/1000, Change: 5.1741851, Rating 1: 555.8500.
ranking.algos.rank_fit - INFO - 14/1000, Change: 4.5615693, Rating 1: 560.2900.
ranking.algos.rank_fit - INFO - 15/1000, Change: 4.0602782, Rating 1: 564.2300.
ranking.algos.rank_fit - INFO - 16/1000, Change: 3.6438671, Rating 1: 567.7400.
ranking.algos.rank_fit - INFO - 17/1000, Change: 3.2896303, Rating 1: 570.8800.
ranking.algos.rank_fit - INFO - 18/1000, Change: 2.9828544, Rating 1: 573.7000.
ranking.algos.rank_fit - INFO - 19/1000, Change: 2.7141584, Rating 1: 576.2400.
ranking.algos.rank_fit - INFO - 20/1000, Change: 2.4776163, Rating 1: 578.5300.
ranking.algos.rank_fit - INFO - 21/1000, Change: 2.2657248, Rating 1: 580.6100.
ranking.algos.rank_fit - INFO - 22/1000, Change: 2.0755269, Rating 1: 582.4900.
ranking.algos.rank_fit - INFO - 23/1000, Change: 1.9030332, Rating 1: 584.1900.
ranking.algos.rank_fit - INFO - 24/1000, Change: 1.7459634, Rating 1: 585.7300.
ranking.algos.rank_fit - INFO - 25/1000, Change: 1.6050032, Rating 1: 587.1300.
ranking.algos.rank_fit - INFO - 26/1000, Change: 1.4751650, Rating 1: 588.4100.
ranking.algos.rank_fit - INFO - 27/1000, Change: 1.3555225, Rating 1: 589.5700.
ranking.algos.rank_fit - INFO - 28/1000, Change: 1.2475352, Rating 1: 590.6300.
ranking.algos.rank_fit - INFO - 29/1000, Change: 1.1481481, Rating 1: 591.5900.
ranking.algos.rank_fit - INFO - 30/1000, Change: 1.0573149, Rating 1: 592.4600.
ranking.algos.rank_fit - INFO - 31/1000, Change: 0.9729881, Rating 1: 593.2600.
ranking.algos.rank_fit - INFO - 32/1000, Change: 0.8967376, Rating 1: 593.9900.
ranking.algos.rank_fit - INFO - 33/1000, Change: 0.8260056, Rating 1: 594.6600.
ranking.algos.rank_fit - INFO - 34/1000, Change: 0.7608432, Rating 1: 595.2700.
ranking.algos.rank_fit - INFO - 35/1000, Change: 0.7008293, Rating 1: 595.8200.
ranking.algos.rank_fit - INFO - 36/1000, Change: 0.6457167, Rating 1: 596.3300.
ranking.algos.rank_fit - INFO - 37/1000, Change: 0.5947219, Rating 1: 596.7900.
ranking.algos.rank_fit - INFO - 38/1000, Change: 0.5483826, Rating 1: 597.2200.
ranking.algos.rank_fit - INFO - 39/1000, Change: 0.5046548, Rating 1: 597.6100.
ranking.algos.rank_fit - INFO - 40/1000, Change: 0.4667661, Rating 1: 597.9600.
ranking.algos.rank_fit - INFO - 41/1000, Change: 0.4300137, Rating 1: 598.2900.
ranking.algos.rank_fit - INFO - 42/1000, Change: 0.3961766, Rating 1: 598.5900.
ranking.algos.rank_fit - INFO - 43/1000, Change: 0.3708337, Rating 1: 598.8600.
ranking.algos.rank_fit - INFO - 44/1000, Change: 0.3423534, Rating 1: 599.1100.
ranking.algos.rank_fit - INFO - 45/1000, Change: 0.3165438, Rating 1: 599.3400.
ranking.algos.rank_fit - INFO - 46/1000, Change: 0.2928662, Rating 1: 599.5500.
ranking.algos.rank_fit - INFO - 47/1000, Change: 0.2702940, Rating 1: 599.7500.
ranking.algos.rank_fit - INFO - 48/1000, Change: 0.2500059, Rating 1: 599.9300.
ranking.algos.rank_fit - INFO - 49/1000, Change: 0.2319229, Rating 1: 600.0900.
ranking.algos.rank_fit - INFO - 50/1000, Change: 0.2134176, Rating 1: 600.2400.
ranking.algos.rank_fit - INFO - 51/1000, Change: 0.1971339, Rating 1: 600.3800.
ranking.algos.rank_fit - INFO - 52/1000, Change: 0.1827406, Rating 1: 600.5100.
ranking.algos.rank_fit - INFO - 53/1000, Change: 0.1674813, Rating 1: 600.6300.
ranking.algos.rank_fit - INFO - 54/1000, Change: 0.1557619, Rating 1: 600.7400.
ranking.algos.rank_fit - INFO - 55/1000, Change: 0.1454203, Rating 1: 600.8400.
ranking.algos.rank_fit - INFO - 56/1000, Change: 0.1327758, Rating 1: 600.9300.
ranking.algos.rank_fit - INFO - 57/1000, Change: 0.1226065, Rating 1: 601.0100.
ranking.algos.rank_fit - INFO - 58/1000, Change: 0.1138239, Rating 1: 601.0900.
ranking.algos.rank_fit - INFO - 59/1000, Change: 0.1051609, Rating 1: 601.1600.
ranking.algos.rank_fit - INFO - 60/1000, Change: 0.0968474, Rating 1: 601.2300.
ranking.algos.rank_fit - INFO - 61/1000, Change: 0.0896726, Rating 1: 601.2900.
ranking.algos.rank_fit - INFO - 62/1000, Change: 0.0825869, Rating 1: 601.3500.
ranking.algos.rank_fit - INFO - 63/1000, Change: 0.0766198, Rating 1: 601.4000.
ranking.algos.rank_fit - INFO - 64/1000, Change: 0.0712287, Rating 1: 601.4500.
ranking.algos.rank_fit - INFO - 65/1000, Change: 0.0651017, Rating 1: 601.4900.
ranking.algos.rank_fit - INFO - 66/1000, Change: 0.0603665, Rating 1: 601.5300.
ranking.algos.rank_fit - INFO - 67/1000, Change: 0.0567243, Rating 1: 601.5700.
ranking.algos.rank_fit - INFO - 68/1000, Change: 0.0508747, Rating 1: 601.6000.
ranking.algos.rank_fit - INFO - 69/1000, Change: 0.0478047, Rating 1: 601.6300.
ranking.algos.rank_fit - INFO - 70/1000, Change: 0.0444575, Rating 1: 601.6600.
ranking.algos.rank_fit - INFO - 71/1000, Change: 0.0403660, Rating 1: 601.6900.
ranking.algos.rank_fit - INFO - 72/1000, Change: 0.0377686, Rating 1: 601.7200.
ranking.algos.rank_fit - INFO - 73/1000, Change: 0.0341709, Rating 1: 601.7400.
ranking.algos.rank_fit - INFO - 74/1000, Change: 0.0322673, Rating 1: 601.7600.
ranking.algos.rank_fit - INFO - 75/1000, Change: 0.0296549, Rating 1: 601.7800.
ranking.algos.rank_fit - INFO - 76/1000, Change: 0.0271705, Rating 1: 601.8000.
ranking.algos.rank_fit - INFO - 77/1000, Change: 0.0253795, Rating 1: 601.8200.
ranking.algos.rank_fit - INFO - 78/1000, Change: 0.0231364, Rating 1: 601.8300.
ranking.algos.rank_fit - INFO - 79/1000, Change: 0.0223607, Rating 1: 601.8500.
ranking.algos.rank_fit - INFO - 80/1000, Change: 0.0202194, Rating 1: 601.8600.
ranking.algos.rank_fit - INFO - 81/1000, Change: 0.0178227, Rating 1: 601.8700.
ranking.algos.rank_fit - INFO - 82/1000, Change: 0.0161791, Rating 1: 601.8800.
ranking.algos.rank_fit - INFO - 83/1000, Change: 0.0157181, Rating 1: 601.8900.
ranking.algos.rank_fit - INFO - 84/1000, Change: 0.0137199, Rating 1: 601.9000.
ranking.algos.rank_fit - INFO - 85/1000, Change: 0.0142457, Rating 1: 601.9100.
ranking.algos.rank_fit - INFO - 86/1000, Change: 0.0135038, Rating 1: 601.9200.
ranking.algos.rank_fit - INFO - 87/1000, Change: 0.0120049, Rating 1: 601.9300.
ranking.algos.rank_fit - INFO - 88/1000, Change: 0.0115045, Rating 1: 601.9300.
ranking.algos.rank_fit - INFO - 89/1000, Change: 0.0105719, Rating 1: 601.9400.
ranking.algos.rank_fit - INFO - 90/1000, Change: 0.0098518, Rating 1: 601.9500.
ranking.algos.rank_fit - INFO - 91/1000, Change: 0.0093934, Rating 1: 601.9500.
ranking.algos.rank_fit - INFO - 92/1000, Change: 0.0087447, Rating 1: 601.9600.
ranking.algos.rank_fit - INFO - 93/1000, Change: 0.0078591, Rating 1: 601.9600.
ranking.algos.rank_fit - INFO - 94/1000, Change: 0.0078591, Rating 1: 601.9600.
ranking.algos.rank_fit - INFO - 95/1000, Change: 0.0074755, Rating 1: 601.9700.
ranking.algos.rank_fit - INFO - 96/1000, Change: 0.0066421, Rating 1: 601.9700.
ranking.algos.rank_fit - INFO - 97/1000, Change: 0.0056880, Rating 1: 601.9700.
ranking.algos.rank_fit - INFO - 98/1000, Change: 0.0056880, Rating 1: 601.9800.
ranking.algos.rank_fit - INFO - 99/1000, Change: 0.0048507, Rating 1: 601.9800.
ranking.algos.rank_fit - INFO - 100/1000, Change: 0.0045374, Rating 1: 601.9800.
ranking.algos.rank_fit - INFO - 101/1000, Change: 0.0051450, Rating 1: 601.9800.
ranking.algos.rank_fit - INFO - 102/1000, Change: 0.0048507, Rating 1: 601.9800.
ranking.algos.rank_fit - INFO - 103/1000, Change: 0.0038348, Rating 1: 601.9800.
ranking.algos.rank_fit - INFO - 104/1000, Change: 0.0038348, Rating 1: 601.9800.
ranking.algos.rank_fit - INFO - 105/1000, Change: 0.0038348, Rating 1: 601.9800.
ranking.algos.rank_fit - INFO - 106/1000, Change: 0.0034300, Rating 1: 601.9800.
ranking.algos.rank_fit - INFO - 107/1000, Change: 0.0029704, Rating 1: 601.9800.
ranking.algos.rank_fit - INFO - 108/1000, Change: 0.0017150, Rating 1: 601.9800.
ranking.algos.rank_fit - INFO - 109/1000, Change: 0.0017150, Rating 1: 601.9800.
ranking.algos.rank_fit - INFO - 110/1000, Change: 0.0024254, Rating 1: 601.9800.
ranking.algos.rank_fit - INFO - 111/1000, Change: 0.0029704, Rating 1: 601.9800.
ranking.algos.rank_fit - INFO - 112/1000, Change: 0.0034300, Rating 1: 601.9800.
ranking.algos.rank_fit - INFO - 113/1000, Change: 0.0029704, Rating 1: 601.9800.
ranking.algos.rank_fit - INFO - 114/1000, Change: 0.0024254, Rating 1: 601.9800.
ranking.algos.rank_fit - INFO - 115/1000, Change: 0.0024254, Rating 1: 601.9800.
ranking.algos.rank_fit - INFO - 116/1000, Change: 0.0017150, Rating 1: 601.9800.
ranking.algos.rank_fit - INFO - 117/1000, Change: 0.0029704, Rating 1: 601.9800.
ranking.algos.rank_fit - INFO - 118/1000, Change: 0.0024254, Rating 1: 601.9800.
ranking.algos.rank_fit - INFO - 119/1000, Change: 0.0024254, Rating 1: 601.9800.
ranking.algos.rank_fit - INFO - 120/1000, Change: 0.0000000, Rating 1: 601.9800.
ranking.data_preparation - INFO - RMSE: 279.86, Max Sum Resid: 0.14
ranking.data_preparation - INFO - Output files saved to output_demo_2023.
